PRT1
24
40
88
4 0 12 0 (0 1024 0 ) (0 1024 256 ) (0 1296 256 ) (0 1296 0 ) 
4 0 1 0 (0 1024 256 ) (0 1024 0 ) (256 1024 0 ) (256 1024 256 ) 
4 1 13 0 (0 792 256 ) (0 1024 256 ) (0 1024 0 ) (0 792 0 ) 
4 1 6 0 (0 792 0 ) (64 792 0 ) (64 792 128 ) (0 792 128 ) 
4 2 8 0 (64 768 0 ) (64 272 0 ) (64 272 128 ) (64 768 128 ) 
4 2 4 0 (64 272 128 ) (64 272 256 ) (64 768 256 ) (64 768 128 ) 
4 3 11 0 (64 0 0 ) (256 0 0 ) (256 0 256 ) (64 0 256 ) 
4 3 10 0 (64 248 0 ) (64 0 0 ) (64 0 128 ) (64 248 128 ) 
4 3 5 0 (64 0 128 ) (64 0 256 ) (64 248 256 ) (64 248 128 ) 
4 4 14 0 (0 272 256 ) (0 768 256 ) (0 768 128 ) (0 272 128 ) 
4 4 8 0 (64 768 128 ) (64 272 128 ) (0 272 128 ) (0 768 128 ) 
4 5 15 0 (0 0 128 ) (0 0 256 ) (0 248 256 ) (0 248 128 ) 
4 5 11 0 (0 0 256 ) (0 0 128 ) (64 0 128 ) (64 0 256 ) 
4 5 10 0 (64 248 128 ) (64 0 128 ) (0 0 128 ) (0 248 128 ) 
4 6 16 0 (0 784 128 ) (0 792 128 ) (0 792 0 ) (0 784 0 ) 
4 6 7 0 (0 784 0 ) (64 784 0 ) (64 784 128 ) (0 784 128 ) 
4 7 17 0 (0 776 128 ) (0 784 128 ) (0 784 0 ) (0 776 0 ) 
4 7 8 0 (0 776 0 ) (64 776 0 ) (64 776 128 ) (0 776 128 ) 
4 8 18 0 (0 264 128 ) (0 776 128 ) (0 776 0 ) (0 264 0 ) 
4 8 9 0 (0 264 0 ) (64 264 0 ) (64 264 128 ) (0 264 128 ) 
4 9 19 0 (0 256 128 ) (0 264 128 ) (0 264 0 ) (0 256 0 ) 
4 9 10 0 (0 256 0 ) (64 256 0 ) (64 256 128 ) (0 256 128 ) 
4 10 20 0 (0 0 0 ) (0 0 128 ) (0 256 128 ) (0 256 0 ) 
4 10 11 0 (0 0 128 ) (0 0 0 ) (64 0 0 ) (64 0 128 ) 
4 11 23 0 (0 0 256 ) (0 0 0 ) (0 -256 0 ) (0 -256 256 ) 
4 12 13 0 (0 1024 0 ) (0 1024 256 ) (-256 1024 256 ) (-256 1024 0 ) 
4 13 16 0 (-64 792 128 ) (-64 792 0 ) (0 792 0 ) (0 792 128 ) 
4 14 21 0 (-64 768 128 ) (-64 272 128 ) (-64 272 256 ) (-64 768 256 ) 
4 14 18 0 (-64 272 128 ) (-64 768 128 ) (0 768 128 ) (0 272 128 ) 
4 15 23 0 (0 0 128 ) (0 0 256 ) (-64 0 256 ) (-64 0 128 ) 
4 15 22 0 (-64 248 128 ) (-64 0 128 ) (-64 0 256 ) (-64 248 256 ) 
4 15 20 0 (0 0 128 ) (-64 0 128 ) (-64 248 128 ) (0 248 128 ) 
4 16 17 0 (0 784 128 ) (-64 784 128 ) (-64 784 0 ) (0 784 0 ) 
4 17 18 0 (0 776 128 ) (-64 776 128 ) (-64 776 0 ) (0 776 0 ) 
4 18 21 0 (-64 768 0 ) (-64 272 0 ) (-64 272 128 ) (-64 768 128 ) 
4 18 19 0 (0 264 128 ) (-64 264 128 ) (-64 264 0 ) (0 264 0 ) 
4 19 20 0 (0 256 128 ) (-64 256 128 ) (-64 256 0 ) (0 256 0 ) 
4 20 23 0 (-64 0 0 ) (0 0 0 ) (0 0 128 ) (-64 0 128 ) 
4 20 22 0 (-64 248 0 ) (-64 0 0 ) (-64 0 128 ) (-64 248 128 ) 
4 22 23 0 (-256 0 0 ) (-64 0 0 ) (-64 0 256 ) (-256 0 256 ) 
4 0 (256 1296 256 ) (0 1296 256 ) (0 1024 256 ) (256 1024 256 ) 
4 0 (256 1024 0 ) (0 1024 0 ) (0 1296 0 ) (256 1296 0 ) 
4 0 (256 1296 256 ) (256 1296 0 ) (0 1296 0 ) (0 1296 256 ) 
4 0 (256 1024 0 ) (256 1296 0 ) (256 1296 256 ) (256 1024 256 ) 
4 1 (64 792 128 ) (64 792 256 ) (0 792 256 ) (0 792 128 ) 
4 1 (64 792 0 ) (256 792 0 ) (256 792 256 ) (64 792 256 ) 
4 1 (0 792 256 ) (256 792 256 ) (256 1024 256 ) (0 1024 256 ) 
4 1 (0 792 0 ) (0 1024 0 ) (256 1024 0 ) (256 792 0 ) 
4 1 (256 792 256 ) (256 792 0 ) (256 1024 0 ) (256 1024 256 ) 
4 2 (64 768 256 ) (64 272 256 ) (256 272 256 ) (256 768 256 ) 
4 2 (64 272 0 ) (64 768 0 ) (256 768 0 ) (256 272 0 ) 
4 2 (256 768 256 ) (256 272 256 ) (256 272 0 ) (256 768 0 ) 
4 2 (256 768 256 ) (256 768 0 ) (64 768 0 ) (64 768 256 ) 
4 2 (64 272 256 ) (64 272 0 ) (256 272 0 ) (256 272 256 ) 
4 3 (256 248 256 ) (256 248 0 ) (64 248 0 ) (64 248 256 ) 
4 3 (256 248 256 ) (256 0 256 ) (256 0 0 ) (256 248 0 ) 
4 3 (256 0 0 ) (64 0 0 ) (64 248 0 ) (256 248 0 ) 
4 3 (64 248 256 ) (64 0 256 ) (256 0 256 ) (256 248 256 ) 
4 4 (0 768 256 ) (64 768 256 ) (64 768 128 ) (0 768 128 ) 
4 4 (64 272 256 ) (64 768 256 ) (0 768 256 ) (0 272 256 ) 
4 4 (0 272 128 ) (64 272 128 ) (64 272 256 ) (0 272 256 ) 
4 5 (0 248 256 ) (64 248 256 ) (64 248 128 ) (0 248 128 ) 
4 5 (64 248 256 ) (0 248 256 ) (0 0 256 ) (64 0 256 ) 
4 6 (0 784 128 ) (64 784 128 ) (64 792 128 ) (0 792 128 ) 
4 6 (0 784 0 ) (0 792 0 ) (64 792 0 ) (64 784 0 ) 
4 6 (64 784 128 ) (64 784 0 ) (64 792 0 ) (64 792 128 ) 
4 7 (0 784 128 ) (0 776 128 ) (64 776 128 ) (64 784 128 ) 
4 7 (0 776 0 ) (0 784 0 ) (64 784 0 ) (64 776 0 ) 
4 7 (64 784 128 ) (64 776 128 ) (64 776 0 ) (64 784 0 ) 
4 8 (0 272 128 ) (0 264 128 ) (64 264 128 ) (64 272 128 ) 
4 8 (0 776 128 ) (0 768 128 ) (64 768 128 ) (64 776 128 ) 
4 8 (0 264 0 ) (0 776 0 ) (64 776 0 ) (64 264 0 ) 
4 8 (64 776 128 ) (64 768 128 ) (64 768 0 ) (64 776 0 ) 
4 8 (64 272 128 ) (64 264 128 ) (64 264 0 ) (64 272 0 ) 
4 9 (64 264 128 ) (64 256 128 ) (64 256 0 ) (64 264 0 ) 
4 9 (0 256 0 ) (0 264 0 ) (64 264 0 ) (64 256 0 ) 
4 9 (0 264 128 ) (0 256 128 ) (64 256 128 ) (64 264 128 ) 
4 10 (64 256 128 ) (64 248 128 ) (64 248 0 ) (64 256 0 ) 
4 10 (64 0 0 ) (0 0 0 ) (0 256 0 ) (64 256 0 ) 
4 10 (0 256 128 ) (0 248 128 ) (64 248 128 ) (64 256 128 ) 
4 11 (0 -256 256 ) (0 -256 0 ) (256 -256 0 ) (256 -256 256 ) 
4 11 (256 -256 256 ) (256 -256 0 ) (256 0 0 ) (256 0 256 ) 
4 11 (0 -256 0 ) (0 0 0 ) (256 0 0 ) (256 -256 0 ) 
4 11 (256 0 256 ) (0 0 256 ) (0 -256 256 ) (256 -256 256 ) 
4 12 (0 1296 256 ) (-256 1296 256 ) (-256 1024 256 ) (0 1024 256 ) 
4 12 (0 1024 0 ) (-256 1024 0 ) (-256 1296 0 ) (0 1296 0 ) 
4 12 (-256 1296 0 ) (-256 1024 0 ) (-256 1024 256 ) (-256 1296 256 ) 
4 12 (0 1296 0 ) (-256 1296 0 ) (-256 1296 256 ) (0 1296 256 ) 
4 13 (-64 792 256 ) (-256 792 256 ) (-256 792 0 ) (-64 792 0 ) 
4 13 (0 792 256 ) (-64 792 256 ) (-64 792 128 ) (0 792 128 ) 
4 13 (0 792 256 ) (0 1024 256 ) (-256 1024 256 ) (-256 792 256 ) 
4 13 (-256 792 0 ) (-256 1024 0 ) (0 1024 0 ) (0 792 0 ) 
4 13 (-256 1024 256 ) (-256 1024 0 ) (-256 792 0 ) (-256 792 256 ) 
4 14 (0 768 256 ) (0 768 128 ) (-64 768 128 ) (-64 768 256 ) 
4 14 (0 272 256 ) (0 768 256 ) (-64 768 256 ) (-64 272 256 ) 
4 14 (-64 272 256 ) (-64 272 128 ) (0 272 128 ) (0 272 256 ) 
4 15 (0 248 256 ) (0 248 128 ) (-64 248 128 ) (-64 248 256 ) 
4 15 (0 248 256 ) (-64 248 256 ) (-64 0 256 ) (0 0 256 ) 
4 16 (-64 792 128 ) (-64 792 0 ) (-64 784 0 ) (-64 784 128 ) 
4 16 (0 784 128 ) (0 792 128 ) (-64 792 128 ) (-64 784 128 ) 
4 16 (-64 784 0 ) (-64 792 0 ) (0 792 0 ) (0 784 0 ) 
4 17 (-64 784 0 ) (-64 776 0 ) (-64 776 128 ) (-64 784 128 ) 
4 17 (0 776 128 ) (0 784 128 ) (-64 784 128 ) (-64 776 128 ) 
4 17 (-64 776 0 ) (-64 784 0 ) (0 784 0 ) (0 776 0 ) 
4 18 (-64 272 0 ) (-64 264 0 ) (-64 264 128 ) (-64 272 128 ) 
4 18 (-64 776 0 ) (-64 768 0 ) (-64 768 128 ) (-64 776 128 ) 
4 18 (0 264 128 ) (0 272 128 ) (-64 272 128 ) (-64 264 128 ) 
4 18 (0 768 128 ) (0 776 128 ) (-64 776 128 ) (-64 768 128 ) 
4 18 (-64 264 0 ) (-64 776 0 ) (0 776 0 ) (0 264 0 ) 
4 19 (-64 264 0 ) (-64 256 0 ) (-64 256 128 ) (-64 264 128 ) 
4 19 (-64 256 0 ) (-64 264 0 ) (0 264 0 ) (0 256 0 ) 
4 19 (0 256 128 ) (0 264 128 ) (-64 264 128 ) (-64 256 128 ) 
4 20 (-64 256 0 ) (-64 248 0 ) (-64 248 128 ) (-64 256 128 ) 
4 20 (0 0 0 ) (-64 0 0 ) (-64 256 0 ) (0 256 0 ) 
4 20 (0 248 128 ) (0 256 128 ) (-64 256 128 ) (-64 248 128 ) 
4 21 (-64 272 256 ) (-64 768 256 ) (-256 768 256 ) (-256 272 256 ) 
4 21 (-256 272 0 ) (-256 768 0 ) (-64 768 0 ) (-64 272 0 ) 
4 21 (-256 768 0 ) (-256 272 0 ) (-256 272 256 ) (-256 768 256 ) 
4 21 (-256 768 0 ) (-256 768 256 ) (-64 768 256 ) (-64 768 0 ) 
4 21 (-64 272 0 ) (-64 272 256 ) (-256 272 256 ) (-256 272 0 ) 
4 22 (-256 248 0 ) (-256 248 256 ) (-64 248 256 ) (-64 248 0 ) 
4 22 (-256 248 0 ) (-256 0 0 ) (-256 0 256 ) (-256 248 256 ) 
4 22 (-64 0 0 ) (-256 0 0 ) (-256 248 0 ) (-64 248 0 ) 
4 22 (-64 248 256 ) (-256 248 256 ) (-256 0 256 ) (-64 0 256 ) 
4 23 (-256 -256 256 ) (-256 -256 0 ) (0 -256 0 ) (0 -256 256 ) 
4 23 (-256 0 256 ) (-256 0 0 ) (-256 -256 0 ) (-256 -256 256 ) 
4 23 (-256 -256 0 ) (-256 0 0 ) (0 0 0 ) (0 -256 0 ) 
4 23 (0 0 256 ) (-256 0 256 ) (-256 -256 256 ) (0 -256 256 ) 
