PRT1
12
20
44
4 0 6 0 (0 0 8 ) (0 0 256 ) (0 256 256 ) (0 256 8 ) 
4 0 3 0 (0 0 256 ) (0 0 8 ) (256 0 8 ) (256 0 256 ) 
4 0 2 0 (0 256 8 ) (64 256 8 ) (64 64 8 ) (0 64 8 ) 
4 0 1 0 (64 256 8 ) (256 256 8 ) (256 0 8 ) (64 0 8 ) 
4 1 4 0 (64 0 0 ) (256 0 0 ) (256 0 8 ) (64 0 8 ) 
4 1 2 0 (64 256 0 ) (64 64 0 ) (64 64 8 ) (64 256 8 ) 
4 2 7 0 (0 64 8 ) (0 256 8 ) (0 256 0 ) (0 64 0 ) 
4 3 9 0 (0 0 256 ) (0 0 8 ) (0 -256 8 ) (0 -256 256 ) 
4 3 5 0 (64 -256 8 ) (0 -256 8 ) (0 -64 8 ) (64 -64 8 ) 
4 3 4 0 (256 -256 8 ) (64 -256 8 ) (64 0 8 ) (256 0 8 ) 
4 4 5 0 (64 -64 0 ) (64 -256 0 ) (64 -256 8 ) (64 -64 8 ) 
4 5 10 0 (0 -64 0 ) (0 -256 0 ) (0 -256 8 ) (0 -64 8 ) 
4 6 9 0 (0 0 8 ) (0 0 256 ) (-256 0 256 ) (-256 0 8 ) 
4 6 7 0 (-64 64 8 ) (-64 256 8 ) (0 256 8 ) (0 64 8 ) 
4 6 8 0 (-64 0 8 ) (-256 0 8 ) (-256 256 8 ) (-64 256 8 ) 
4 7 8 0 (-64 64 8 ) (-64 256 8 ) (-64 256 0 ) (-64 64 0 ) 
4 8 11 0 (-64 0 8 ) (-256 0 8 ) (-256 0 0 ) (-64 0 0 ) 
4 9 10 0 (0 -256 8 ) (-64 -256 8 ) (-64 -64 8 ) (0 -64 8 ) 
4 9 11 0 (-64 -256 8 ) (-256 -256 8 ) (-256 0 8 ) (-64 0 8 ) 
4 10 11 0 (-64 -64 0 ) (-64 -256 0 ) (-64 -256 8 ) (-64 -64 8 ) 
4 0 (64 64 8 ) (64 0 8 ) (0 0 8 ) (0 64 8 ) 
4 0 (0 0 256 ) (256 0 256 ) (256 256 256 ) (0 256 256 ) 
4 0 (256 256 256 ) (256 256 8 ) (0 256 8 ) (0 256 256 ) 
4 0 (256 0 256 ) (256 0 8 ) (256 256 8 ) (256 256 256 ) 
4 1 (64 64 0 ) (64 0 0 ) (64 0 8 ) (64 64 8 ) 
4 1 (256 0 8 ) (256 0 0 ) (256 256 0 ) (256 256 8 ) 
4 1 (64 256 8 ) (256 256 8 ) (256 256 0 ) (64 256 0 ) 
4 1 (256 0 0 ) (64 0 0 ) (64 256 0 ) (256 256 0 ) 
4 2 (0 64 0 ) (0 256 0 ) (64 256 0 ) (64 64 0 ) 
4 2 (64 256 8 ) (64 256 0 ) (0 256 0 ) (0 256 8 ) 
4 2 (0 64 0 ) (64 64 0 ) (64 64 8 ) (0 64 8 ) 
4 3 (0 -64 8 ) (0 0 8 ) (64 0 8 ) (64 -64 8 ) 
4 3 (256 0 256 ) (0 0 256 ) (0 -256 256 ) (256 -256 256 ) 
4 3 (256 -256 256 ) (256 -256 8 ) (256 0 8 ) (256 0 256 ) 
4 3 (0 -256 256 ) (0 -256 8 ) (256 -256 8 ) (256 -256 256 ) 
4 4 (64 0 0 ) (64 -64 0 ) (64 -64 8 ) (64 0 8 ) 
4 4 (64 -256 0 ) (256 -256 0 ) (256 -256 8 ) (64 -256 8 ) 
4 4 (256 -256 8 ) (256 -256 0 ) (256 0 0 ) (256 0 8 ) 
4 4 (64 0 0 ) (256 0 0 ) (256 -256 0 ) (64 -256 0 ) 
4 5 (0 -256 0 ) (0 -64 0 ) (64 -64 0 ) (64 -256 0 ) 
4 5 (0 -256 8 ) (0 -256 0 ) (64 -256 0 ) (64 -256 8 ) 
4 5 (0 -64 8 ) (64 -64 8 ) (64 -64 0 ) (0 -64 0 ) 
4 6 (0 0 8 ) (-64 0 8 ) (-64 64 8 ) (0 64 8 ) 
4 6 (0 256 256 ) (-256 256 256 ) (-256 0 256 ) (0 0 256 ) 
4 6 (-256 0 8 ) (-256 0 256 ) (-256 256 256 ) (-256 256 8 ) 
4 6 (0 256 256 ) (0 256 8 ) (-256 256 8 ) (-256 256 256 ) 
4 7 (-64 64 0 ) (-64 256 0 ) (0 256 0 ) (0 64 0 ) 
4 7 (-64 256 8 ) (0 256 8 ) (0 256 0 ) (-64 256 0 ) 
4 7 (-64 64 8 ) (-64 64 0 ) (0 64 0 ) (0 64 8 ) 
4 8 (-64 0 0 ) (-64 64 0 ) (-64 64 8 ) (-64 0 8 ) 
4 8 (-64 256 8 ) (-64 256 0 ) (-256 256 0 ) (-256 256 8 ) 
4 8 (-256 0 0 ) (-256 0 8 ) (-256 256 8 ) (-256 256 0 ) 
4 8 (-64 0 0 ) (-256 0 0 ) (-256 256 0 ) (-64 256 0 ) 
4 9 (-64 -64 8 ) (-64 0 8 ) (0 0 8 ) (0 -64 8 ) 
4 9 (0 0 256 ) (-256 0 256 ) (-256 -256 256 ) (0 -256 256 ) 
4 9 (-256 0 256 ) (-256 0 8 ) (-256 -256 8 ) (-256 -256 256 ) 
4 9 (-256 -256 256 ) (-256 -256 8 ) (0 -256 8 ) (0 -256 256 ) 
4 10 (0 -64 0 ) (0 -256 0 ) (-64 -256 0 ) (-64 -64 0 ) 
4 10 (-64 -256 0 ) (0 -256 0 ) (0 -256 8 ) (-64 -256 8 ) 
4 10 (0 -64 8 ) (0 -64 0 ) (-64 -64 0 ) (-64 -64 8 ) 
4 11 (-64 0 8 ) (-64 -64 8 ) (-64 -64 0 ) (-64 0 0 ) 
4 11 (-256 -256 8 ) (-256 -256 0 ) (-64 -256 0 ) (-64 -256 8 ) 
4 11 (-256 0 8 ) (-256 0 0 ) (-256 -256 0 ) (-256 -256 8 ) 
4 11 (-256 -256 0 ) (-256 0 0 ) (-64 0 0 ) (-64 -256 0 ) 
