PRT1
14
24
70
4 0 7 0 (0 136 0 ) (0 136 256 ) (0 256 256 ) (0 256 0 ) 
5 0 2 0 (0 136 191.626495 ) (0 136 39.987961 ) (64 136 77 ) (64 136 187 ) (28 136 207.819275 ) 
4 0 1 0 (0 136 256 ) (0 136 248 ) (256 136 248 ) (256 136 256 ) 
4 1 8 0 (0 120 248 ) (0 120 256 ) (0 136 256 ) (0 136 248 ) 
4 1 3 0 (0 120 256 ) (0 120 248 ) (256 120 248 ) (256 120 256 ) 
4 2 9 0 (0 120 39.987957 ) (0 120 191.626511 ) (0 136 191.626495 ) (0 136 39.987961 ) 
5 2 3 0 (0 120 191.626495 ) (0 120 39.987961 ) (64 120 77 ) (64 120 187 ) (28 120 207.819275 ) 
4 3 10 0 (0 0 0 ) (0 0 256 ) (0 120 256 ) (0 120 0 ) 
4 3 5 0 (64 0 0 ) (256 0 0 ) (256 0 8 ) (64 0 8 ) 
4 3 4 0 (0 0 256 ) (0 0 8 ) (256 0 8 ) (256 0 256 ) 
4 4 11 0 (0 0 256 ) (0 0 8 ) (0 -256 8 ) (0 -256 256 ) 
4 4 6 0 (64 -256 8 ) (0 -256 8 ) (0 -128 8 ) (64 -128 8 ) 
4 4 5 0 (256 -256 8 ) (64 -256 8 ) (64 0 8 ) (256 0 8 ) 
4 5 6 0 (64 -128 0 ) (64 -256 0 ) (64 -256 8 ) (64 -128 8 ) 
4 6 12 0 (0 -128 0 ) (0 -256 0 ) (0 -256 8 ) (0 -128 8 ) 
5 7 9 0 (0 136 39.987953 ) (0 136 191.626495 ) (-56 136 159.240967 ) (-56 136 68.132530 ) (-3.666669 136 37.867470 ) 
4 7 8 0 (0 136 248 ) (0 136 256 ) (-256 136 256 ) (-256 136 248 ) 
4 8 10 0 (-256 120 248 ) (0 120 248 ) (0 120 256 ) (-256 120 256 ) 
5 9 10 0 (0 120 39.987953 ) (0 120 191.626495 ) (-56 120 159.240967 ) (-56 120 68.132530 ) (-3.666669 120 37.867470 ) 
4 10 13 0 (-64 0 8 ) (-256 0 8 ) (-256 0 0 ) (-64 0 0 ) 
4 10 11 0 (0 0 8 ) (0 0 256 ) (-256 0 256 ) (-256 0 8 ) 
4 11 12 0 (0 -256 8 ) (-64 -256 8 ) (-64 -128 8 ) (0 -128 8 ) 
4 11 13 0 (-64 -256 8 ) (-256 -256 8 ) (-256 0 8 ) (-64 0 8 ) 
4 12 13 0 (-64 -128 0 ) (-64 -256 0 ) (-64 -256 8 ) (-64 -128 8 ) 
3 0 (0 136 224.012039 ) (0 136 191.626495 ) (28 136 207.819275 ) 
4 0 (0 136 248 ) (0 136 224.012039 ) (64 136 187 ) (64 136 248 ) 
4 0 (0 136 39.987961 ) (0 136 0 ) (64 136 0 ) (64 136 77 ) 
4 0 (64 136 0 ) (256 136 0 ) (256 136 248 ) (64 136 248 ) 
4 0 (256 256 256 ) (0 256 256 ) (0 136 256 ) (256 136 256 ) 
4 0 (256 136 0 ) (0 136 0 ) (0 256 0 ) (256 256 0 ) 
4 0 (256 256 256 ) (256 256 0 ) (0 256 0 ) (0 256 256 ) 
4 0 (256 136 0 ) (256 256 0 ) (256 256 256 ) (256 136 256 ) 
4 1 (0 136 248 ) (64 136 248 ) (64 120 248 ) (0 120 248 ) 
4 1 (64 136 248 ) (256 136 248 ) (256 120 248 ) (64 120 248 ) 
4 1 (256 120 256 ) (256 120 248 ) (256 136 248 ) (256 136 256 ) 
4 1 (0 120 256 ) (256 120 256 ) (256 136 256 ) (0 136 256 ) 
4 2 (28 120 207.819458 ) (64 120 187 ) (64 136 187 ) (28 136 207.819458 ) 
4 2 (64 136 77 ) (64 136 187 ) (64 120 187 ) (64 120 77 ) 
4 2 (0 136 39.988037 ) (64 136 77 ) (64 120 77 ) (0 120 39.988037 ) 
4 2 (0 120 191.626389 ) (28 120 207.819443 ) (28 136 207.819443 ) (0 136 191.626389 ) 
4 3 (0 0 8 ) (0 0 0 ) (64 0 0 ) (64 0 8 ) 
4 3 (0 120 0 ) (256 120 0 ) (256 0 0 ) (0 0 0 ) 
4 3 (64 120 248 ) (256 120 248 ) (256 120 0 ) (64 120 0 ) 
4 3 (64 120 77 ) (64 120 0 ) (0 120 0 ) (0 120 39.987961 ) 
4 3 (64 120 248 ) (64 120 187 ) (0 120 224.012039 ) (0 120 248 ) 
3 3 (28 120 207.819275 ) (0 120 191.626495 ) (0 120 224.012039 ) 
4 3 (256 0 256 ) (256 0 0 ) (256 120 0 ) (256 120 256 ) 
4 3 (0 0 256 ) (256 0 256 ) (256 120 256 ) (0 120 256 ) 
4 4 (0 -128 8 ) (0 0 8 ) (64 0 8 ) (64 -128 8 ) 
4 4 (256 0 256 ) (0 0 256 ) (0 -256 256 ) (256 -256 256 ) 
4 4 (256 -256 256 ) (256 -256 8 ) (256 0 8 ) (256 0 256 ) 
4 4 (0 -256 256 ) (0 -256 8 ) (256 -256 8 ) (256 -256 256 ) 
4 5 (64 0 0 ) (64 -128 0 ) (64 -128 8 ) (64 0 8 ) 
4 5 (64 -256 0 ) (256 -256 0 ) (256 -256 8 ) (64 -256 8 ) 
4 5 (256 -256 8 ) (256 -256 0 ) (256 0 0 ) (256 0 8 ) 
4 5 (64 0 0 ) (256 0 0 ) (256 -256 0 ) (64 -256 0 ) 
4 6 (0 -256 0 ) (0 -128 0 ) (64 -128 0 ) (64 -256 0 ) 
4 6 (0 -256 8 ) (0 -256 0 ) (64 -256 0 ) (64 -256 8 ) 
4 6 (0 -128 8 ) (64 -128 8 ) (64 -128 0 ) (0 -128 0 ) 
4 7 (-56 136 248 ) (-256 136 248 ) (-256 136 0 ) (-56 136 0 ) 
3 7 (-56 136 68.132530 ) (-56 136 7.602408 ) (-3.666669 136 37.867470 ) 
4 7 (0 136 0 ) (0 136 39.987953 ) (-56 136 7.602408 ) (-56 136 0 ) 
4 7 (0 136 191.626495 ) (0 136 248 ) (-56 136 248 ) (-56 136 159.240967 ) 
4 7 (0 256 256 ) (-256 256 256 ) (-256 136 256 ) (0 136 256 ) 
4 7 (0 136 0 ) (-256 136 0 ) (-256 256 0 ) (0 256 0 ) 
4 7 (-256 256 0 ) (-256 136 0 ) (-256 136 256 ) (-256 256 256 ) 
4 7 (0 256 0 ) (-256 256 0 ) (-256 256 256 ) (0 256 256 ) 
4 8 (-56 120 248 ) (-256 120 248 ) (-256 136 248 ) (-56 136 248 ) 
4 8 (0 120 248 ) (-56 120 248 ) (-56 136 248 ) (0 136 248 ) 
4 8 (0 136 256 ) (-256 136 256 ) (-256 120 256 ) (0 120 256 ) 
4 8 (-256 136 248 ) (-256 120 248 ) (-256 120 256 ) (-256 136 256 ) 
4 9 (-56 120 68.132530 ) (-56 120 159.240952 ) (-56 136 159.240967 ) (-56 136 68.132530 ) 
4 9 (-3.666928 136 37.867622 ) (0 136 39.988255 ) (0 120 39.988247 ) (-3.666920 120 37.867619 ) 
4 9 (0 120 191.626297 ) (0 136 191.626297 ) (-56 136 159.240723 ) (-56 120 159.240723 ) 
4 9 (-3.666125 136 37.867592 ) (-3.666126 120 37.867592 ) (-56 120 68.132957 ) (-56 136 68.132957 ) 
4 10 (0 0 0 ) (0 0 8 ) (-64 0 8 ) (-64 0 0 ) 
4 10 (0 0 0 ) (-256 0 0 ) (-256 120 0 ) (0 120 0 ) 
4 10 (-56 120 159.240967 ) (-56 120 248 ) (0 120 248 ) (0 120 191.626495 ) 
4 10 (-56 120 7.602408 ) (0 120 39.987953 ) (0 120 0 ) (-56 120 0 ) 
3 10 (-3.666669 120 37.867470 ) (-56 120 7.602408 ) (-56 120 68.132530 ) 
4 10 (-256 120 248 ) (-56 120 248 ) (-56 120 0 ) (-256 120 0 ) 
4 10 (-256 120 256 ) (-256 120 0 ) (-256 0 0 ) (-256 0 256 ) 
4 10 (0 120 256 ) (-256 120 256 ) (-256 0 256 ) (0 0 256 ) 
4 11 (-64 -128 8 ) (-64 0 8 ) (0 0 8 ) (0 -128 8 ) 
4 11 (0 0 256 ) (-256 0 256 ) (-256 -256 256 ) (0 -256 256 ) 
4 11 (-256 0 256 ) (-256 0 8 ) (-256 -256 8 ) (-256 -256 256 ) 
4 11 (-256 -256 256 ) (-256 -256 8 ) (0 -256 8 ) (0 -256 256 ) 
4 12 (0 -128 0 ) (0 -256 0 ) (-64 -256 0 ) (-64 -128 0 ) 
4 12 (-64 -256 0 ) (0 -256 0 ) (0 -256 8 ) (-64 -256 8 ) 
4 12 (0 -128 8 ) (0 -128 0 ) (-64 -128 0 ) (-64 -128 8 ) 
4 13 (-64 0 8 ) (-64 -128 8 ) (-64 -128 0 ) (-64 0 0 ) 
4 13 (-256 -256 8 ) (-256 -256 0 ) (-64 -256 0 ) (-64 -256 8 ) 
4 13 (-256 0 8 ) (-256 0 0 ) (-256 -256 0 ) (-256 -256 8 ) 
4 13 (-256 -256 0 ) (-256 0 0 ) (-64 0 0 ) (-64 -256 0 ) 
