PRT1
16
28
64
4 0 4 0 (128 0 304 ) (192 0 304 ) (192 0 320 ) (128 0 320 ) 
4 0 3 0 (128 192 304 ) (192 192 304 ) (192 0 304 ) (128 0 304 ) 
4 0 1 0 (128 192 320 ) (128 192 304 ) (128 128 304 ) (128 128 320 ) 
4 1 8 0 (0 192 320 ) (0 192 304 ) (0 128 304 ) (0 128 320 ) 
4 1 3 0 (0 192 304 ) (128 192 304 ) (128 128 304 ) (0 128 304 ) 
4 2 9 0 (0 0 304 ) (0 0 352 ) (0 96 352 ) (0 96 304 ) 
4 2 5 0 (0 0 352 ) (0 0 304 ) (96 0 304 ) (96 0 352 ) 
4 2 3 0 (96 0 304 ) (0 0 304 ) (0 96 304 ) (96 96 304 ) 
4 3 11 0 (0 0 0 ) (0 0 304 ) (0 192 304 ) (0 192 0 ) 
4 3 7 0 (0 0 304 ) (0 0 0 ) (192 0 0 ) (192 0 304 ) 
4 4 7 0 (128 0 304 ) (192 0 304 ) (192 -448 304 ) (128 -448 304 ) 
4 4 6 0 (128 -448 304 ) (192 -448 304 ) (192 -448 320 ) (128 -448 320 ) 
4 5 12 0 (0 0 352 ) (0 0 304 ) (0 -416 304 ) (0 -416 352 ) 
4 5 7 0 (0 0 304 ) (96 0 304 ) (96 -416 304 ) (0 -416 304 ) 
4 6 13 0 (0 -512 304 ) (0 -512 320 ) (0 -448 320 ) (0 -448 304 ) 
4 6 7 0 (192 -448 304 ) (192 -512 304 ) (0 -512 304 ) (0 -448 304 ) 
4 7 15 0 (0 -512 0 ) (0 -512 304 ) (0 0 304 ) (0 0 0 ) 
4 8 11 0 (-64 128 304 ) (-64 192 304 ) (0 192 304 ) (0 128 304 ) 
4 8 10 0 (-64 192 320 ) (-64 192 304 ) (-64 128 304 ) (-64 128 320 ) 
4 9 12 0 (0 0 304 ) (0 0 352 ) (-32 0 352 ) (-32 0 304 ) 
4 9 11 0 (0 0 304 ) (-32 0 304 ) (-32 96 304 ) (0 96 304 ) 
4 10 14 0 (-480 0 320 ) (-480 0 304 ) (-64 0 304 ) (-64 0 320 ) 
4 10 11 0 (-64 0 304 ) (-480 0 304 ) (-480 192 304 ) (-64 192 304 ) 
4 11 15 0 (0 0 0 ) (0 0 304 ) (-480 0 304 ) (-480 0 0 ) 
4 12 15 0 (-32 0 304 ) (0 0 304 ) (0 -416 304 ) (-32 -416 304 ) 
4 13 15 0 (0 -512 304 ) (-64 -512 304 ) (-64 -448 304 ) (0 -448 304 ) 
4 13 14 0 (-64 -448 304 ) (-64 -512 304 ) (-64 -512 320 ) (-64 -448 320 ) 
4 14 15 0 (-64 -512 304 ) (-480 -512 304 ) (-480 0 304 ) (-64 0 304 ) 
4 0 (128 96 304 ) (128 0 304 ) (128 0 320 ) (128 96 320 ) 
4 0 (128 128 304 ) (128 96 304 ) (128 96 320 ) (128 128 320 ) 
4 0 (192 0 320 ) (192 0 304 ) (192 192 304 ) (192 192 320 ) 
4 0 (128 192 320 ) (192 192 320 ) (192 192 304 ) (128 192 304 ) 
4 0 (192 0 320 ) (192 192 320 ) (128 192 320 ) (128 0 320 ) 
4 1 (0 128 304 ) (128 128 304 ) (128 128 320 ) (0 128 320 ) 
4 1 (128 192 320 ) (128 192 304 ) (0 192 304 ) (0 192 320 ) 
4 1 (128 192 320 ) (0 192 320 ) (0 128 320 ) (128 128 320 ) 
4 2 (96 96 352 ) (0 96 352 ) (0 0 352 ) (96 0 352 ) 
4 2 (0 96 352 ) (96 96 352 ) (96 96 304 ) (0 96 304 ) 
4 2 (96 0 352 ) (96 0 304 ) (96 96 304 ) (96 96 352 ) 
4 3 (192 192 304 ) (192 192 0 ) (0 192 0 ) (0 192 304 ) 
4 3 (192 0 304 ) (192 0 0 ) (192 192 0 ) (192 192 304 ) 
4 3 (0 128 304 ) (0 96 304 ) (128 96 304 ) (128 128 304 ) 
4 3 (96 96 304 ) (96 0 304 ) (128 0 304 ) (128 96 304 ) 
4 3 (0 192 0 ) (192 192 0 ) (192 0 0 ) (0 0 0 ) 
4 4 (128 0 304 ) (128 -448 304 ) (128 -448 320 ) (128 0 320 ) 
4 4 (192 -448 320 ) (192 -448 304 ) (192 0 304 ) (192 0 320 ) 
4 4 (192 0 320 ) (128 0 320 ) (128 -448 320 ) (192 -448 320 ) 
4 5 (96 -416 352 ) (96 0 352 ) (0 0 352 ) (0 -416 352 ) 
4 5 (96 0 352 ) (96 -416 352 ) (96 -416 304 ) (96 0 304 ) 
4 5 (0 -416 304 ) (96 -416 304 ) (96 -416 352 ) (0 -416 352 ) 
4 6 (192 -448 320 ) (192 -512 320 ) (192 -512 304 ) (192 -448 304 ) 
4 6 (0 -512 320 ) (0 -512 304 ) (192 -512 304 ) (192 -512 320 ) 
4 6 (96 -448 320 ) (128 -448 320 ) (128 -448 304 ) (96 -448 304 ) 
4 6 (96 -448 320 ) (96 -448 304 ) (0 -448 304 ) (0 -448 320 ) 
4 6 (0 -512 320 ) (192 -512 320 ) (192 -448 320 ) (0 -448 320 ) 
4 7 (0 -512 304 ) (0 -512 0 ) (192 -512 0 ) (192 -512 304 ) 
4 7 (192 -512 304 ) (192 -512 0 ) (192 0 0 ) (192 0 304 ) 
4 7 (96 -448 304 ) (128 -448 304 ) (128 0 304 ) (96 0 304 ) 
4 7 (0 -416 304 ) (0 -448 304 ) (96 -448 304 ) (96 -416 304 ) 
4 7 (0 0 0 ) (192 0 0 ) (192 -512 0 ) (0 -512 0 ) 
4 8 (-64 128 320 ) (-64 128 304 ) (0 128 304 ) (0 128 320 ) 
4 8 (-64 192 304 ) (-64 192 320 ) (0 192 320 ) (0 192 304 ) 
4 8 (0 192 320 ) (-64 192 320 ) (-64 128 320 ) (0 128 320 ) 
4 9 (0 96 352 ) (-32 96 352 ) (-32 0 352 ) (0 0 352 ) 
4 9 (0 96 304 ) (-32 96 304 ) (-32 96 352 ) (0 96 352 ) 
4 9 (-32 96 352 ) (-32 96 304 ) (-32 0 304 ) (-32 0 352 ) 
4 10 (-480 192 320 ) (-480 192 304 ) (-480 0 304 ) (-480 0 320 ) 
4 10 (-64 192 320 ) (-64 192 304 ) (-480 192 304 ) (-480 192 320 ) 
4 10 (-64 128 320 ) (-64 96 320 ) (-64 96 304 ) (-64 128 304 ) 
4 10 (-64 96 320 ) (-64 0 320 ) (-64 0 304 ) (-64 96 304 ) 
4 10 (-64 0 320 ) (-64 192 320 ) (-480 192 320 ) (-480 0 320 ) 
4 11 (-480 192 0 ) (-480 192 304 ) (0 192 304 ) (0 192 0 ) 
4 11 (-480 192 304 ) (-480 192 0 ) (-480 0 0 ) (-480 0 304 ) 
4 11 (0 96 304 ) (0 128 304 ) (-64 128 304 ) (-64 96 304 ) 
4 11 (-32 96 304 ) (-64 96 304 ) (-64 0 304 ) (-32 0 304 ) 
4 11 (0 0 0 ) (-480 0 0 ) (-480 192 0 ) (0 192 0 ) 
4 12 (0 -416 352 ) (-32 -416 352 ) (-32 -416 304 ) (0 -416 304 ) 
4 12 (-32 -416 352 ) (0 -416 352 ) (0 0 352 ) (-32 0 352 ) 
4 12 (-32 0 304 ) (-32 -416 304 ) (-32 -416 352 ) (-32 0 352 ) 
4 13 (-64 -512 304 ) (0 -512 304 ) (0 -512 320 ) (-64 -512 320 ) 
4 13 (0 -448 320 ) (0 -448 304 ) (-64 -448 304 ) (-64 -448 320 ) 
4 13 (0 -448 320 ) (-64 -448 320 ) (-64 -512 320 ) (0 -512 320 ) 
4 14 (-480 -512 320 ) (-480 -512 304 ) (-64 -512 304 ) (-64 -512 320 ) 
4 14 (-480 0 320 ) (-480 0 304 ) (-480 -512 304 ) (-480 -512 320 ) 
4 14 (-64 -416 320 ) (-64 -448 320 ) (-64 -448 304 ) (-64 -416 304 ) 
4 14 (-64 -416 320 ) (-64 -416 304 ) (-64 0 304 ) (-64 0 320 ) 
4 14 (-480 0 320 ) (-480 -512 320 ) (-64 -512 320 ) (-64 0 320 ) 
4 15 (-480 0 304 ) (-480 0 0 ) (-480 -512 0 ) (-480 -512 304 ) 
4 15 (-480 -512 304 ) (-480 -512 0 ) (0 -512 0 ) (0 -512 304 ) 
4 15 (0 -448 304 ) (0 -416 304 ) (-64 -416 304 ) (-64 -448 304 ) 
4 15 (-32 -416 304 ) (-32 0 304 ) (-64 0 304 ) (-64 -416 304 ) 
4 15 (0 -512 0 ) (-480 -512 0 ) (-480 0 0 ) (0 0 0 ) 
