PRT1
23
49
92
4 0 7 0 (256 0 0 ) (512 0 0 ) (512 0 1568 ) (256 0 1568 ) 
3 0 3 0 (256 192 544 ) (256 384 768 ) (256 384 640 ) 
4 0 2 0 (256 0 320 ) (256 0 1568 ) (256 384 1568 ) (256 384 768 ) 
4 0 1 0 (256 512 1568 ) (256 512 0 ) (256 384 0 ) (256 384 1568 ) 
4 1 4 0 (64 512 0 ) (64 384 0 ) (64 384 1568 ) (64 512 1568 ) 
4 1 3 0 (64 384 768 ) (64 384 640 ) (256 384 640 ) (256 384 768 ) 
4 1 2 0 (64 384 1568 ) (64 384 768 ) (256 384 768 ) (256 384 1568 ) 
4 2 8 0 (256 0 320 ) (256 0 1568 ) (64 0 1568 ) (64 0 320 ) 
4 2 6 0 (64 0 320 ) (64 0 1568 ) (64 192 1568 ) (64 192 544 ) 
5 2 5 0 (64 192 1568 ) (64 384 1568 ) (64 384 768 ) (64 274.285736 640 ) (64 192 640 ) 
4 2 3 0 (64 192.001160 544 ) (64 384 768 ) (256 384 768 ) (256 192 544 ) 
3 3 5 0 (64 274.285736 640 ) (64 384 768 ) (64 384 640 ) 
4 4 14 0 (0 384 1568 ) (0 512 1568 ) (0 512 0 ) (0 384 0 ) 
4 4 5 0 (64 384 640 ) (64 384 1568 ) (0 384 1568 ) (0 384 682.666748 ) 
4 5 15 0 (0 192 1568 ) (0 384 1568 ) (0 384 682.666748 ) (0 192 682.666687 ) 
4 5 6 0 (64 192 640 ) (64 192 1568 ) (0 192 1568 ) (0 192 682.666748 ) 
4 6 16 0 (0 0 160 ) (0 0 1568 ) (0 192 1568 ) (0 192 160 ) 
4 6 8 0 (0 0 1568 ) (0 0 192 ) (64 0 192 ) (64 0 1568 ) 
4 7 9 0 (256 -192 0 ) (512 -192 0 ) (512 -192 1568 ) (256 -192 1568 ) 
4 7 8 0 (256 -192 320 ) (256 -192 1568 ) (256 0 1568 ) (256 0 288 ) 
4 8 19 0 (0 0 1568 ) (0 0 192 ) (0 -192 224 ) (0 -192 1568 ) 
5 8 9 0 (0 -192 1568 ) (0 -192 224 ) (64 -192 224 ) (256 -192 320 ) (256 -192 1568 ) 
4 9 22 0 (0 -248 1568 ) (0 -192 1568 ) (0 -192 0 ) (0 -248 0 ) 
4 9 11 0 (264 -248 0 ) (512 -248 0 ) (512 -248 8 ) (264 -248 8 ) 
4 9 13 0 (0 -248 0 ) (112 -248 0 ) (112 -248 8 ) (0 -248 8 ) 
4 9 10 0 (512 -248 8 ) (512 -248 1568 ) (0 -248 1568 ) (0 -248 8 ) 
4 10 22 0 (0 -512 1568 ) (0 -248 1568 ) (0 -248 8 ) (0 -512 8 ) 
4 10 11 0 (264 -248 8 ) (512 -248 8 ) (512 -416 8 ) (264 -416 8 ) 
4 10 12 0 (512 -512 8 ) (112 -512 8 ) (112 -416 8 ) (512 -416 8 ) 
4 10 13 0 (112 -512 8 ) (0 -512 8 ) (0 -248 8 ) (112 -248 8 ) 
4 11 12 0 (264 -416 0 ) (512 -416 0 ) (512 -416 8 ) (264 -416 8 ) 
4 12 13 0 (112 -512 0 ) (112 -512 8 ) (112 -416 8 ) (112 -416 0 ) 
4 13 22 0 (0 -248 8 ) (0 -248 0 ) (0 -512 0 ) (0 -512 8 ) 
5 14 15 0 (0 384 682.666687 ) (0 384 1568 ) (-320 384 1568 ) (-320 384 1024 ) (-128 384 768 ) 
4 14 18 0 (-512 384 1568 ) (-512 384 0 ) (-320 384 0 ) (-320 384 1568 ) 
4 15 17 0 (-320 192 1568 ) (-320 192 1024 ) (-128 192 768 ) (-128 192 1568 ) 
4 15 16 0 (-128 192 768 ) (0 192 682.666687 ) (0 192 1568 ) (-128 192 1568 ) 
4 15 18 0 (-320 192 1568 ) (-320 384 1568 ) (-320 384 1024 ) (-320 192 1024 ) 
4 16 19 0 (0 0 192 ) (0 0 1568 ) (-128 0 1568 ) (-128 0 192 ) 
4 16 17 0 (-128 192 1568 ) (-128 192 96 ) (-128 0 96 ) (-128 0 1568 ) 
4 17 20 0 (-128 0 1568 ) (-320 0 1568 ) (-320 0 32 ) (-128 0 32 ) 
4 17 18 0 (-320 0 1568 ) (-320 192 1568 ) (-320 192 96 ) (-320 0 32 ) 
4 18 21 0 (-512 0 32 ) (-512 0 0 ) (-320 0 0 ) (-320 0 32 ) 
4 18 20 0 (-320 0 1568 ) (-512 0 1568 ) (-512 0 32 ) (-320 0 32 ) 
4 19 22 0 (0 -192 224 ) (0 -192 1568 ) (-128 -192 1568 ) (-128 -192 224 ) 
4 19 20 0 (-128 -192 224 ) (-128 -192 1568 ) (-128 0 1568 ) (-128 0 192 ) 
4 20 22 0 (-512 -192 1568 ) (-512 -192 32 ) (-128 -192 32 ) (-128 -192 1568 ) 
4 20 21 0 (-320 -192 32 ) (-512 -192 32 ) (-512 0 32 ) (-320 0 32 ) 
4 21 22 0 (-512 -192 32 ) (-512 -192 0 ) (-320 -192 0 ) (-320 -192 32 ) 
5 0 (256 384 0 ) (256 0 0 ) (256 0 320 ) (256 192 544 ) (256 384 640 ) 
4 0 (512 512 1568 ) (256 512 1568 ) (256 0 1568 ) (512 0 1568 ) 
4 0 (512 0 0 ) (256 0 0 ) (256 512 0 ) (512 512 0 ) 
4 0 (256 512 1568 ) (512 512 1568 ) (512 512 0 ) (256 512 0 ) 
4 0 (512 512 1568 ) (512 0 1568 ) (512 0 0 ) (512 512 0 ) 
4 1 (64 384 640 ) (64 384 0 ) (256 384 0 ) (256 384 640 ) 
4 1 (64 512 1568 ) (256 512 1568 ) (256 512 0 ) (64 512 0 ) 
4 1 (64 384 0 ) (64 512 0 ) (256 512 0 ) (256 384 0 ) 
4 1 (64 384 1568 ) (256 384 1568 ) (256 512 1568 ) (64 512 1568 ) 
3 2 (64 274.285736 640 ) (64 192 544 ) (64 192 640 ) 
4 2 (64 0 320 ) (64 192.001160 544 ) (256 192 544 ) (256 0 320 ) 
4 2 (64 384 1568 ) (64 0 1568 ) (256 0 1568 ) (256 384 1568 ) 
3 3 (64 192 544 ) (64 274.285736 640 ) (64 384 640 ) 
4 3 (256 192 544 ) (64 192 544 ) (64 384 640 ) (256 384 640 ) 
4 4 (0 384 0 ) (64 384 0 ) (64 384 640 ) (0 384 682.666748 ) 
4 4 (0 384 1568 ) (64 384 1568 ) (64 512 1568 ) (0 512 1568 ) 
4 4 (0 384 0 ) (0 512 0 ) (64 512 0 ) (64 384 0 ) 
4 4 (64 512 1568 ) (64 512 0 ) (0 512 0 ) (0 512 1568 ) 
4 5 (0 384 1568 ) (0 192 1568 ) (64 192 1568 ) (64 384 1568 ) 
4 5 (64 192 640 ) (0 192 682.666931 ) (0 384 682.666504 ) (64 384 640 ) 
3 6 (0 0 192 ) (0 0 160 ) (64 0 192 ) 
4 6 (64 192 192 ) (64 192 544 ) (64 0 320 ) (64 0 192 ) 
4 6 (0 192 1568 ) (0 0 1568 ) (64 0 1568 ) (64 192 1568 ) 
4 6 (0 192 160 ) (0 192 682.666748 ) (64 192 640 ) (64 192 192 ) 
4 6 (0 192 160 ) (64 192 192 ) (64 0 192 ) (0 0 160 ) 
4 7 (256 0 0 ) (256 -192 0 ) (256 -192 320 ) (256 0 288 ) 
4 7 (512 0 1568 ) (256 0 1568 ) (256 -192 1568 ) (512 -192 1568 ) 
4 7 (256 0 0 ) (512 0 0 ) (512 -192 0 ) (256 -192 0 ) 
4 7 (512 -192 1568 ) (512 -192 0 ) (512 0 0 ) (512 0 1568 ) 
4 8 (256 0 288 ) (256 -192 320 ) (64 -192 224 ) (64 0 192 ) 
4 8 (256 0 1568 ) (0 0 1568 ) (0 -192 1568 ) (256 -192 1568 ) 
4 8 (64 0 192 ) (64 0 320 ) (256 0 320 ) (256 0 288 ) 
4 8 (0 0 192 ) (64 0 192 ) (64 -192 224 ) (0 -192 224 ) 
4 9 (112 -248 0 ) (264 -248 0 ) (264 -248 8 ) (112 -248 8 ) 
4 9 (512 -248 1568 ) (512 -192 1568 ) (0 -192 1568 ) (0 -248 1568 ) 
3 9 (64 -192 224 ) (0 -192 192 ) (0 -192 224 ) 
4 9 (256 -192 320 ) (256 -192 0 ) (0 -192 0 ) (0 -192 192 ) 
4 9 (0 -248 0 ) (0 -192 0 ) (512 -192 0 ) (512 -248 0 ) 
4 9 (512 -192 1568 ) (512 -248 1568 ) (512 -248 0 ) (512 -192 0 ) 
4 10 (112 -416 8 ) (112 -248 8 ) (264 -248 8 ) (264 -416 8 ) 
4 10 (512 -512 8 ) (512 -512 1568 ) (0 -512 1568 ) (0 -512 8 ) 
4 10 (512 -512 1568 ) (512 -248 1568 ) (0 -248 1568 ) (0 -512 1568 ) 
4 10 (512 -248 8 ) (512 -248 1568 ) (512 -512 1568 ) (512 -512 8 ) 
4 11 (512 -248 8 ) (512 -416 8 ) (512 -416 0 ) (512 -248 0 ) 
4 11 (264 -248 0 ) (512 -248 0 ) (512 -416 0 ) (264 -416 0 ) 
4 11 (264 -416 0 ) (264 -416 8 ) (264 -248 8 ) (264 -248 0 ) 
4 12 (264 -416 8 ) (264 -416 0 ) (112 -416 0 ) (112 -416 8 ) 
4 12 (112 -512 0 ) (512 -512 0 ) (512 -512 8 ) (112 -512 8 ) 
4 12 (512 -416 0 ) (512 -512 0 ) (112 -512 0 ) (112 -416 0 ) 
4 12 (512 -416 8 ) (512 -512 8 ) (512 -512 0 ) (512 -416 0 ) 
4 13 (112 -416 0 ) (112 -248 0 ) (112 -248 8 ) (112 -416 8 ) 
4 13 (0 -512 0 ) (0 -248 0 ) (112 -248 0 ) (112 -512 0 ) 
4 13 (0 -512 0 ) (112 -512 0 ) (112 -512 8 ) (0 -512 8 ) 
3 14 (-320 384 1024 ) (-320 384 896 ) (-128 384 768 ) 
4 14 (-320 384 0 ) (0 384 0 ) (0 384 682.666687 ) (-320 384 896 ) 
4 14 (0 512 1568 ) (-512 512 1568 ) (-512 384 1568 ) (0 384 1568 ) 
4 14 (-512 384 0 ) (-512 512 0 ) (0 512 0 ) (0 384 0 ) 
4 14 (-512 512 0 ) (-512 384 0 ) (-512 384 1568 ) (-512 512 1568 ) 
4 14 (-512 512 1568 ) (0 512 1568 ) (0 512 0 ) (-512 512 0 ) 
4 15 (0 192 682.666565 ) (-128 192 768 ) (-128 384 768 ) (0 384 682.666565 ) 
4 15 (0 192 1568 ) (0 384 1568 ) (-320 384 1568 ) (-320 192 1568 ) 
4 15 (-128 384 768 ) (-128 192 768 ) (-320 192 1024 ) (-320 384 1024 ) 
4 16 (0 0 160 ) (0 0 192 ) (-128 0 192 ) (-128 0 96 ) 
4 16 (-128 192 96 ) (-128 192 768 ) (0 192 682.666687 ) (0 192 160 ) 
4 16 (0 192 1568 ) (-128 192 1568 ) (-128 0 1568 ) (0 0 1568 ) 
4 16 (-128 0 96 ) (-128 192 96 ) (0 192 160 ) (0 0 160 ) 
3 17 (-128 192 768 ) (-320 192 896 ) (-320 192 1024 ) 
4 17 (-128 192 768 ) (-128 192 96 ) (-320 192 96 ) (-320 192 896 ) 
4 17 (-128 192 1568 ) (-320 192 1568 ) (-320 0 1568 ) (-128 0 1568 ) 
3 17 (-128 0 96 ) (-128 0 32 ) (-128 192 96 ) 
4 17 (-320 0 32 ) (-320 192 96 ) (-128 192 96 ) (-128 0 32 ) 
4 18 (-320 0 32 ) (-320 0 0 ) (-320 192 0 ) (-320 192 96 ) 
4 18 (-320 192 1024 ) (-320 192 896 ) (-320 384 896 ) (-320 384 1024 ) 
4 18 (-320 192 896 ) (-320 192 0 ) (-320 384 0 ) (-320 384 896 ) 
4 18 (-320 384 1568 ) (-512 384 1568 ) (-512 0 1568 ) (-320 0 1568 ) 
4 18 (-320 0 0 ) (-512 0 0 ) (-512 384 0 ) (-320 384 0 ) 
4 18 (-512 0 0 ) (-512 0 1568 ) (-512 384 1568 ) (-512 384 0 ) 
4 19 (0 0 1568 ) (-128 0 1568 ) (-128 -192 1568 ) (0 -192 1568 ) 
4 19 (0 -192 224 ) (-128 -192 224 ) (-128 0 192 ) (0 0 192 ) 
4 20 (-128 -192 32 ) (-320 -192 32 ) (-320 0 32 ) (-128 0 32 ) 
4 20 (-128 0 192 ) (-128 -192 224 ) (-128 -192 32 ) (-128 0 32 ) 
4 20 (-512 0 1568 ) (-512 0 32 ) (-512 -192 32 ) (-512 -192 1568 ) 
4 20 (-128 0 1568 ) (-512 0 1568 ) (-512 -192 1568 ) (-128 -192 1568 ) 
4 21 (-512 0 32 ) (-512 0 0 ) (-512 -192 0 ) (-512 -192 32 ) 
4 21 (-512 -192 0 ) (-512 0 0 ) (-320 0 0 ) (-320 -192 0 ) 
4 21 (-320 0 32 ) (-320 -192 32 ) (-320 -192 0 ) (-320 0 0 ) 
4 22 (0 -512 1568 ) (0 -192 1568 ) (-512 -192 1568 ) (-512 -512 1568 ) 
4 22 (-320 -192 32 ) (0 -192 32 ) (0 -192 0 ) (-320 -192 0 ) 
4 22 (-128 -192 224 ) (0 -192 224 ) (0 -192 32 ) (-128 -192 32 ) 
4 22 (-512 -512 0 ) (-512 -192 0 ) (0 -192 0 ) (0 -512 0 ) 
4 22 (-512 -192 0 ) (-512 -512 0 ) (-512 -512 1568 ) (-512 -192 1568 ) 
4 22 (-512 -512 0 ) (0 -512 0 ) (0 -512 1568 ) (-512 -512 1568 ) 
