PRT1
43
124
161
4 0 3 0 (0 0 0 ) (0 0 608 ) (0 64 608 ) (0 64 0 ) 
4 0 2 0 (0 64 608 ) (0 192 608 ) (0 192 0 ) (0 64 0 ) 
4 0 1 0 (0 0 608 ) (0 0 0 ) (192 0 0 ) (192 0 608 ) 
4 1 16 0 (0 -512 0 ) (0 -512 608 ) (0 0 608 ) (0 0 0 ) 
4 2 10 0 (-240 64 96 ) (-256 64 96 ) (-256 64 80 ) (-240 64 80 ) 
4 2 9 0 (-224 64 96 ) (-224 64 112 ) (-256 64 112 ) (-256 64 96 ) 
4 2 11 0 (-272 64 112 ) (-272 64 64 ) (-256 64 64 ) (-256 64 112 ) 
4 2 8 0 (-208 64 128 ) (-272 64 128 ) (-272 64 112 ) (-208 64 112 ) 
4 2 12 0 (-272 64 128 ) (-288 64 128 ) (-288 64 48 ) (-272 64 48 ) 
4 2 7 0 (-192 64 128 ) (-192 64 144 ) (-288 64 144 ) (-288 64 128 ) 
4 2 13 0 (-304 64 144 ) (-304 64 32 ) (-288 64 32 ) (-288 64 144 ) 
4 2 6 0 (-176 64 160 ) (-304 64 160 ) (-304 64 144 ) (-176 64 144 ) 
4 2 14 0 (-304 64 160 ) (-320 64 160 ) (-320 64 16 ) (-304 64 16 ) 
4 2 5 0 (-160 64 160 ) (-160 64 176 ) (-320 64 176 ) (-320 64 160 ) 
4 2 15 0 (-480 64 176 ) (-480 64 0 ) (-320 64 0 ) (-320 64 176 ) 
4 2 4 0 (-64 64 608 ) (-480 64 608 ) (-480 64 176 ) (-64 64 176 ) 
4 2 3 0 (0 64 0 ) (0 64 608 ) (-64 64 608 ) (-64 64 0 ) 
4 3 16 0 (0 0 0 ) (0 0 608 ) (-64 0 608 ) (-64 0 0 ) 
4 3 4 0 (-64 64 608 ) (-64 64 176 ) (-64 0 176 ) (-64 0 608 ) 
4 4 17 0 (-64 0 176 ) (-64 0 608 ) (-480 0 608 ) (-480 0 176 ) 
4 4 5 0 (-320 64 176 ) (-160 64 176 ) (-160 0 176 ) (-320 0 176 ) 
4 4 15 0 (-480 0 176 ) (-480 64 176 ) (-320 64 176 ) (-320 0 176 ) 
4 5 18 0 (-160 0 176 ) (-320 0 176 ) (-320 0 160 ) (-160 0 160 ) 
4 5 6 0 (-304 64 160 ) (-176 64 160 ) (-176 0 160 ) (-304 0 160 ) 
4 5 14 0 (-320 0 160 ) (-320 64 160 ) (-304 64 160 ) (-304 0 160 ) 
4 5 15 0 (-320 0 160 ) (-320 0 176 ) (-320 64 176 ) (-320 64 160 ) 
4 6 19 0 (-176 0 144 ) (-176 0 160 ) (-304 0 160 ) (-304 0 144 ) 
4 6 7 0 (-288 64 144 ) (-192 64 144 ) (-192 0 144 ) (-288 0 144 ) 
4 6 13 0 (-304 0 144 ) (-304 64 144 ) (-288 64 144 ) (-288 0 144 ) 
4 6 14 0 (-304 0 144 ) (-304 0 160 ) (-304 64 160 ) (-304 64 144 ) 
4 7 20 0 (-192 0 144 ) (-288 0 144 ) (-288 0 128 ) (-192 0 128 ) 
4 7 8 0 (-272 64 128 ) (-208 64 128 ) (-208 0 128 ) (-272 0 128 ) 
4 7 12 0 (-288 0 128 ) (-288 64 128 ) (-272 64 128 ) (-272 0 128 ) 
4 7 13 0 (-288 0 128 ) (-288 0 144 ) (-288 64 144 ) (-288 64 128 ) 
4 8 21 0 (-208 0 112 ) (-208 0 128 ) (-272 0 128 ) (-272 0 112 ) 
4 8 9 0 (-256 64 112 ) (-224 64 112 ) (-224 0 112 ) (-256 0 112 ) 
4 8 11 0 (-272 0 112 ) (-272 64 112 ) (-256 64 112 ) (-256 0 112 ) 
4 8 12 0 (-272 0 112 ) (-272 0 128 ) (-272 64 128 ) (-272 64 112 ) 
4 9 22 0 (-224 0 112 ) (-256 0 112 ) (-256 0 96 ) (-224 0 96 ) 
4 9 10 0 (-256 0 96 ) (-256 64 96 ) (-240 64 96 ) (-240 0 96 ) 
4 9 11 0 (-256 0 96 ) (-256 0 112 ) (-256 64 112 ) (-256 64 96 ) 
4 10 23 0 (-256 0 96 ) (-256 0 80 ) (-240 0 80 ) (-240 0 96 ) 
4 10 11 0 (-256 0 80 ) (-256 0 96 ) (-256 64 96 ) (-256 64 80 ) 
4 11 24 0 (-256 0 112 ) (-272 0 112 ) (-272 0 64 ) (-256 0 64 ) 
4 11 12 0 (-272 0 64 ) (-272 0 112 ) (-272 64 112 ) (-272 64 64 ) 
4 12 25 0 (-288 0 128 ) (-288 0 48 ) (-272 0 48 ) (-272 0 128 ) 
4 12 13 0 (-288 0 48 ) (-288 0 128 ) (-288 64 128 ) (-288 64 48 ) 
4 13 26 0 (-288 0 144 ) (-304 0 144 ) (-304 0 32 ) (-288 0 32 ) 
4 13 14 0 (-304 0 32 ) (-304 0 144 ) (-304 64 144 ) (-304 64 32 ) 
4 14 27 0 (-320 0 160 ) (-320 0 16 ) (-304 0 16 ) (-304 0 160 ) 
4 14 15 0 (-320 0 16 ) (-320 0 160 ) (-320 64 160 ) (-320 64 16 ) 
4 15 28 0 (-320 0 176 ) (-480 0 176 ) (-480 0 0 ) (-320 0 0 ) 
4 16 42 0 (-64 -384 0 ) (-64 -512 0 ) (-64 -512 608 ) (-64 -384 608 ) 
4 16 30 0 (-64 -384 176 ) (-64 -384 608 ) (-64 -264 608 ) (-64 -264 176 ) 
4 16 29 0 (-64 -56 0 ) (-64 -264 0 ) (-64 -264 608 ) (-64 -56 608 ) 
4 16 17 0 (-64 0 608 ) (-64 0 176 ) (-64 -56 176 ) (-64 -56 608 ) 
4 17 29 0 (-64 -56 176 ) (-64 -56 608 ) (-480 -56 608 ) (-480 -56 176 ) 
4 17 18 0 (-160 -56 176 ) (-320 -56 176 ) (-320 0 176 ) (-160 0 176 ) 
4 17 28 0 (-320 -56 176 ) (-480 -56 176 ) (-480 0 176 ) (-320 0 176 ) 
4 18 29 0 (-160 -56 176 ) (-320 -56 176 ) (-320 -56 160 ) (-160 -56 160 ) 
4 18 19 0 (-304 0 160 ) (-176 0 160 ) (-176 -56 160 ) (-304 -56 160 ) 
4 18 27 0 (-320 -56 160 ) (-320 0 160 ) (-304 0 160 ) (-304 -56 160 ) 
4 18 28 0 (-320 -56 160 ) (-320 -56 176 ) (-320 0 176 ) (-320 0 160 ) 
4 19 29 0 (-176 -56 144 ) (-176 -56 160 ) (-304 -56 160 ) (-304 -56 144 ) 
4 19 20 0 (-288 0 144 ) (-192 0 144 ) (-192 -56 144 ) (-288 -56 144 ) 
4 19 26 0 (-304 -56 144 ) (-304 0 144 ) (-288 0 144 ) (-288 -56 144 ) 
4 19 27 0 (-304 -56 144 ) (-304 -56 160 ) (-304 0 160 ) (-304 0 144 ) 
4 20 29 0 (-192 -56 144 ) (-288 -56 144 ) (-288 -56 128 ) (-192 -56 128 ) 
4 20 21 0 (-272 0 128 ) (-208 0 128 ) (-208 -56 128 ) (-272 -56 128 ) 
4 20 25 0 (-288 -56 128 ) (-288 0 128 ) (-272 0 128 ) (-272 -56 128 ) 
4 20 26 0 (-288 -56 128 ) (-288 -56 144 ) (-288 0 144 ) (-288 0 128 ) 
4 21 29 0 (-208 -56 112 ) (-208 -56 128 ) (-272 -56 128 ) (-272 -56 112 ) 
4 21 22 0 (-256 0 112 ) (-224 0 112 ) (-224 -56 112 ) (-256 -56 112 ) 
4 21 24 0 (-272 -56 112 ) (-272 0 112 ) (-256 0 112 ) (-256 -56 112 ) 
4 21 25 0 (-272 -56 112 ) (-272 -56 128 ) (-272 0 128 ) (-272 0 112 ) 
4 22 29 0 (-224 -56 112 ) (-256 -56 112 ) (-256 -56 96 ) (-224 -56 96 ) 
4 22 23 0 (-256 -56 96 ) (-256 0 96 ) (-240 0 96 ) (-240 -56 96 ) 
4 22 24 0 (-256 -56 96 ) (-256 -56 112 ) (-256 0 112 ) (-256 0 96 ) 
4 23 29 0 (-256 -56 96 ) (-256 -56 80 ) (-240 -56 80 ) (-240 -56 96 ) 
4 23 24 0 (-256 -56 80 ) (-256 -56 96 ) (-256 0 96 ) (-256 0 80 ) 
4 24 29 0 (-256 -56 112 ) (-272 -56 112 ) (-272 -56 64 ) (-256 -56 64 ) 
4 24 25 0 (-272 -56 64 ) (-272 -56 112 ) (-272 0 112 ) (-272 0 64 ) 
4 25 29 0 (-288 -56 128 ) (-288 -56 48 ) (-272 -56 48 ) (-272 -56 128 ) 
4 25 26 0 (-288 -56 48 ) (-288 -56 128 ) (-288 0 128 ) (-288 0 48 ) 
4 26 29 0 (-288 -56 144 ) (-304 -56 144 ) (-304 -56 32 ) (-288 -56 32 ) 
4 26 27 0 (-304 -56 32 ) (-304 -56 144 ) (-304 0 144 ) (-304 0 32 ) 
4 27 29 0 (-320 -56 160 ) (-320 -56 16 ) (-304 -56 16 ) (-304 -56 160 ) 
4 27 28 0 (-320 -56 16 ) (-320 -56 160 ) (-320 0 160 ) (-320 0 16 ) 
4 28 29 0 (-320 -56 176 ) (-480 -56 176 ) (-480 -56 0 ) (-320 -56 0 ) 
4 29 41 0 (-320 -264 16 ) (-480 -264 16 ) (-480 -264 0 ) (-320 -264 0 ) 
4 29 40 0 (-304 -264 32 ) (-480 -264 32 ) (-480 -264 16 ) (-304 -264 16 ) 
4 29 39 0 (-480 -264 48 ) (-480 -264 32 ) (-288 -264 32 ) (-288 -264 48 ) 
4 29 38 0 (-480 -264 64 ) (-480 -264 48 ) (-272 -264 48 ) (-272 -264 64 ) 
4 29 37 0 (-480 -264 80 ) (-480 -264 64 ) (-256 -264 64 ) (-256 -264 80 ) 
4 29 36 0 (-480 -264 96 ) (-480 -264 80 ) (-240 -264 80 ) (-240 -264 96 ) 
4 29 34 0 (-208 -264 608 ) (-224 -264 608 ) (-224 -264 112 ) (-208 -264 112 ) 
4 29 35 0 (-224 -264 608 ) (-480 -264 608 ) (-480 -264 96 ) (-224 -264 96 ) 
4 29 33 0 (-192 -264 608 ) (-208 -264 608 ) (-208 -264 128 ) (-192 -264 128 ) 
4 29 32 0 (-176 -264 608 ) (-192 -264 608 ) (-192 -264 144 ) (-176 -264 144 ) 
4 29 31 0 (-160 -264 608 ) (-176 -264 608 ) (-176 -264 160 ) (-160 -264 160 ) 
4 29 30 0 (-64 -264 176 ) (-64 -264 608 ) (-160 -264 608 ) (-160 -264 176 ) 
4 30 42 0 (-64 -384 176 ) (-64 -384 608 ) (-160 -384 608 ) (-160 -384 176 ) 
4 30 31 0 (-160 -384 176 ) (-160 -384 608 ) (-160 -264 608 ) (-160 -264 176 ) 
4 31 42 0 (-160 -384 608 ) (-176 -384 608 ) (-176 -384 160 ) (-160 -384 160 ) 
4 31 32 0 (-176 -384 160 ) (-176 -384 608 ) (-176 -264 608 ) (-176 -264 160 ) 
4 32 42 0 (-176 -384 608 ) (-192 -384 608 ) (-192 -384 144 ) (-176 -384 144 ) 
4 32 33 0 (-192 -384 144 ) (-192 -384 608 ) (-192 -264 608 ) (-192 -264 144 ) 
4 33 42 0 (-192 -384 608 ) (-208 -384 608 ) (-208 -384 128 ) (-192 -384 128 ) 
4 33 34 0 (-208 -384 128 ) (-208 -384 608 ) (-208 -264 608 ) (-208 -264 128 ) 
4 34 42 0 (-208 -384 608 ) (-224 -384 608 ) (-224 -384 112 ) (-208 -384 112 ) 
4 34 35 0 (-224 -384 112 ) (-224 -384 608 ) (-224 -264 608 ) (-224 -264 112 ) 
4 35 42 0 (-224 -384 608 ) (-480 -384 608 ) (-480 -384 96 ) (-224 -384 96 ) 
4 35 36 0 (-480 -384 96 ) (-480 -264 96 ) (-240 -264 96 ) (-240 -384 96 ) 
4 36 42 0 (-480 -384 96 ) (-480 -384 80 ) (-240 -384 80 ) (-240 -384 96 ) 
4 36 37 0 (-480 -384 80 ) (-480 -264 80 ) (-256 -264 80 ) (-256 -384 80 ) 
4 37 42 0 (-480 -384 80 ) (-480 -384 64 ) (-256 -384 64 ) (-256 -384 80 ) 
4 37 38 0 (-480 -384 64 ) (-480 -264 64 ) (-272 -264 64 ) (-272 -384 64 ) 
4 38 42 0 (-480 -384 64 ) (-480 -384 48 ) (-272 -384 48 ) (-272 -384 64 ) 
4 38 39 0 (-480 -384 48 ) (-480 -264 48 ) (-288 -264 48 ) (-288 -384 48 ) 
4 39 42 0 (-480 -384 48 ) (-480 -384 32 ) (-288 -384 32 ) (-288 -384 48 ) 
4 39 40 0 (-304 -384 32 ) (-480 -384 32 ) (-480 -264 32 ) (-304 -264 32 ) 
4 40 42 0 (-304 -384 32 ) (-480 -384 32 ) (-480 -384 16 ) (-304 -384 16 ) 
4 40 41 0 (-320 -384 16 ) (-480 -384 16 ) (-480 -264 16 ) (-320 -264 16 ) 
4 41 42 0 (-320 -384 16 ) (-480 -384 16 ) (-480 -384 0 ) (-320 -384 0 ) 
4 0 (0 0 608 ) (192 0 608 ) (192 192 608 ) (0 192 608 ) 
4 0 (192 192 608 ) (192 192 0 ) (0 192 0 ) (0 192 608 ) 
4 0 (192 0 608 ) (192 0 0 ) (192 192 0 ) (192 192 608 ) 
4 0 (0 192 0 ) (192 192 0 ) (192 0 0 ) (0 0 0 ) 
4 1 (0 -512 608 ) (192 -512 608 ) (192 0 608 ) (0 0 608 ) 
4 1 (0 -512 608 ) (0 -512 0 ) (192 -512 0 ) (192 -512 608 ) 
4 1 (192 -512 608 ) (192 -512 0 ) (192 0 0 ) (192 0 608 ) 
4 1 (0 0 0 ) (192 0 0 ) (192 -512 0 ) (0 -512 0 ) 
4 2 (-224 64 80 ) (-224 64 96 ) (-240 64 96 ) (-240 64 80 ) 
4 2 (-256 64 64 ) (-224 64 64 ) (-224 64 80 ) (-256 64 80 ) 
4 2 (-224 64 64 ) (-208 64 64 ) (-208 64 112 ) (-224 64 112 ) 
4 2 (-272 64 64 ) (-272 64 48 ) (-208 64 48 ) (-208 64 64 ) 
4 2 (-192 64 48 ) (-192 64 128 ) (-208 64 128 ) (-208 64 48 ) 
4 2 (-288 64 32 ) (-192 64 32 ) (-192 64 48 ) (-288 64 48 ) 
4 2 (-192 64 32 ) (-176 64 32 ) (-176 64 144 ) (-192 64 144 ) 
4 2 (-304 64 32 ) (-304 64 16 ) (-176 64 16 ) (-176 64 32 ) 
4 2 (-160 64 16 ) (-160 64 160 ) (-176 64 160 ) (-176 64 16 ) 
4 2 (-320 64 0 ) (-160 64 0 ) (-160 64 16 ) (-320 64 16 ) 
4 2 (-160 64 0 ) (-64 64 0 ) (-64 64 176 ) (-160 64 176 ) 
4 2 (0 64 0 ) (-480 64 0 ) (-480 192 0 ) (0 192 0 ) 
4 2 (-480 64 0 ) (-480 64 608 ) (-480 192 608 ) (-480 192 0 ) 
4 2 (0 192 608 ) (0 192 0 ) (-480 192 0 ) (-480 192 608 ) 
4 2 (0 192 608 ) (-480 192 608 ) (-480 64 608 ) (0 64 608 ) 
4 3 (-64 64 176 ) (-64 64 0 ) (-64 0 0 ) (-64 0 176 ) 
4 3 (0 64 608 ) (-64 64 608 ) (-64 0 608 ) (0 0 608 ) 
4 3 (0 0 0 ) (-64 0 0 ) (-64 64 0 ) (0 64 0 ) 
4 4 (-160 64 176 ) (-64 64 176 ) (-64 0 176 ) (-160 0 176 ) 
4 4 (-480 64 608 ) (-480 64 176 ) (-480 0 176 ) (-480 0 608 ) 
4 4 (-64 0 608 ) (-64 64 608 ) (-480 64 608 ) (-480 0 608 ) 
4 5 (-176 64 160 ) (-160 64 160 ) (-160 0 160 ) (-176 0 160 ) 
4 5 (-160 64 160 ) (-160 64 176 ) (-160 0 176 ) (-160 0 160 ) 
4 6 (-192 64 144 ) (-176 64 144 ) (-176 0 144 ) (-192 0 144 ) 
4 6 (-176 64 144 ) (-176 64 160 ) (-176 0 160 ) (-176 0 144 ) 
4 7 (-208 64 128 ) (-192 64 128 ) (-192 0 128 ) (-208 0 128 ) 
4 7 (-192 64 128 ) (-192 64 144 ) (-192 0 144 ) (-192 0 128 ) 
4 8 (-224 64 112 ) (-208 64 112 ) (-208 0 112 ) (-224 0 112 ) 
4 8 (-208 64 112 ) (-208 64 128 ) (-208 0 128 ) (-208 0 112 ) 
4 9 (-240 64 96 ) (-224 64 96 ) (-224 0 96 ) (-240 0 96 ) 
4 9 (-224 64 96 ) (-224 64 112 ) (-224 0 112 ) (-224 0 96 ) 
4 10 (-256 0 80 ) (-256 64 80 ) (-240 64 80 ) (-240 0 80 ) 
4 10 (-240 64 96 ) (-240 0 96 ) (-240 0 80 ) (-240 64 80 ) 
4 11 (-256 64 80 ) (-256 0 80 ) (-256 0 64 ) (-256 64 64 ) 
4 11 (-272 0 64 ) (-272 64 64 ) (-256 64 64 ) (-256 0 64 ) 
4 12 (-272 64 64 ) (-272 0 64 ) (-272 0 48 ) (-272 64 48 ) 
4 12 (-288 0 48 ) (-288 64 48 ) (-272 64 48 ) (-272 0 48 ) 
4 13 (-288 64 48 ) (-288 0 48 ) (-288 0 32 ) (-288 64 32 ) 
4 13 (-304 0 32 ) (-304 64 32 ) (-288 64 32 ) (-288 0 32 ) 
4 14 (-304 64 32 ) (-304 0 32 ) (-304 0 16 ) (-304 64 16 ) 
4 14 (-320 0 16 ) (-320 64 16 ) (-304 64 16 ) (-304 0 16 ) 
4 15 (-320 64 16 ) (-320 0 16 ) (-320 0 0 ) (-320 64 0 ) 
4 15 (-480 64 176 ) (-480 64 0 ) (-480 0 0 ) (-480 0 176 ) 
4 15 (-480 0 0 ) (-480 64 0 ) (-320 64 0 ) (-320 0 0 ) 
4 16 (-64 -264 0 ) (-64 -384 0 ) (-64 -384 16 ) (-64 -264 16 ) 
4 16 (-64 -384 16 ) (-64 -384 32 ) (-64 -264 32 ) (-64 -264 16 ) 
4 16 (-64 -384 32 ) (-64 -384 176 ) (-64 -264 176 ) (-64 -264 32 ) 
4 16 (-64 0 176 ) (-64 0 0 ) (-64 -56 0 ) (-64 -56 176 ) 
4 16 (0 0 608 ) (-64 0 608 ) (-64 -512 608 ) (0 -512 608 ) 
4 16 (-64 -512 608 ) (-64 -512 0 ) (0 -512 0 ) (0 -512 608 ) 
4 16 (0 -512 0 ) (-64 -512 0 ) (-64 0 0 ) (0 0 0 ) 
4 17 (-64 -56 176 ) (-160 -56 176 ) (-160 0 176 ) (-64 0 176 ) 
4 17 (-480 0 608 ) (-480 0 176 ) (-480 -56 176 ) (-480 -56 608 ) 
4 17 (-64 0 608 ) (-480 0 608 ) (-480 -56 608 ) (-64 -56 608 ) 
4 18 (-176 0 160 ) (-160 0 160 ) (-160 -56 160 ) (-176 -56 160 ) 
4 18 (-160 0 160 ) (-160 0 176 ) (-160 -56 176 ) (-160 -56 160 ) 
4 19 (-192 0 144 ) (-176 0 144 ) (-176 -56 144 ) (-192 -56 144 ) 
4 19 (-176 0 144 ) (-176 0 160 ) (-176 -56 160 ) (-176 -56 144 ) 
4 20 (-208 0 128 ) (-192 0 128 ) (-192 -56 128 ) (-208 -56 128 ) 
4 20 (-192 0 128 ) (-192 0 144 ) (-192 -56 144 ) (-192 -56 128 ) 
4 21 (-224 0 112 ) (-208 0 112 ) (-208 -56 112 ) (-224 -56 112 ) 
4 21 (-208 0 112 ) (-208 0 128 ) (-208 -56 128 ) (-208 -56 112 ) 
4 22 (-240 0 96 ) (-224 0 96 ) (-224 -56 96 ) (-240 -56 96 ) 
4 22 (-224 0 96 ) (-224 0 112 ) (-224 -56 112 ) (-224 -56 96 ) 
4 23 (-256 -56 80 ) (-256 0 80 ) (-240 0 80 ) (-240 -56 80 ) 
4 23 (-240 0 96 ) (-240 -56 96 ) (-240 -56 80 ) (-240 0 80 ) 
4 24 (-256 0 80 ) (-256 -56 80 ) (-256 -56 64 ) (-256 0 64 ) 
4 24 (-272 -56 64 ) (-272 0 64 ) (-256 0 64 ) (-256 -56 64 ) 
4 25 (-272 0 64 ) (-272 -56 64 ) (-272 -56 48 ) (-272 0 48 ) 
4 25 (-288 -56 48 ) (-288 0 48 ) (-272 0 48 ) (-272 -56 48 ) 
4 26 (-288 0 48 ) (-288 -56 48 ) (-288 -56 32 ) (-288 0 32 ) 
4 26 (-304 -56 32 ) (-304 0 32 ) (-288 0 32 ) (-288 -56 32 ) 
4 27 (-304 0 32 ) (-304 -56 32 ) (-304 -56 16 ) (-304 0 16 ) 
4 27 (-320 -56 16 ) (-320 0 16 ) (-304 0 16 ) (-304 -56 16 ) 
4 28 (-320 0 16 ) (-320 -56 16 ) (-320 -56 0 ) (-320 0 0 ) 
4 28 (-480 0 176 ) (-480 0 0 ) (-480 -56 0 ) (-480 -56 176 ) 
4 28 (-320 -56 0 ) (-480 -56 0 ) (-480 0 0 ) (-320 0 0 ) 
4 29 (-64 -264 0 ) (-64 -264 16 ) (-320 -264 16 ) (-320 -264 0 ) 
4 29 (-64 -264 16 ) (-64 -264 32 ) (-304 -264 32 ) (-304 -264 16 ) 
4 29 (-288 -264 32 ) (-160 -264 32 ) (-160 -264 48 ) (-288 -264 48 ) 
4 29 (-272 -264 48 ) (-176 -264 48 ) (-176 -264 64 ) (-272 -264 64 ) 
4 29 (-256 -264 64 ) (-192 -264 64 ) (-192 -264 80 ) (-256 -264 80 ) 
4 29 (-240 -264 80 ) (-208 -264 80 ) (-208 -264 96 ) (-240 -264 96 ) 
4 29 (-224 -264 112 ) (-224 -264 96 ) (-208 -264 96 ) (-208 -264 112 ) 
4 29 (-208 -264 128 ) (-208 -264 80 ) (-192 -264 80 ) (-192 -264 128 ) 
4 29 (-192 -264 144 ) (-192 -264 64 ) (-176 -264 64 ) (-176 -264 144 ) 
4 29 (-176 -264 160 ) (-176 -264 48 ) (-160 -264 48 ) (-160 -264 160 ) 
4 29 (-64 -264 32 ) (-64 -264 176 ) (-160 -264 176 ) (-160 -264 32 ) 
4 29 (-64 -56 608 ) (-480 -56 608 ) (-480 -264 608 ) (-64 -264 608 ) 
4 29 (-240 -56 96 ) (-224 -56 96 ) (-224 -56 80 ) (-240 -56 80 ) 
4 29 (-224 -56 80 ) (-224 -56 64 ) (-256 -56 64 ) (-256 -56 80 ) 
4 29 (-224 -56 64 ) (-224 -56 112 ) (-208 -56 112 ) (-208 -56 64 ) 
4 29 (-272 -56 64 ) (-208 -56 64 ) (-208 -56 48 ) (-272 -56 48 ) 
4 29 (-208 -56 128 ) (-192 -56 128 ) (-192 -56 48 ) (-208 -56 48 ) 
4 29 (-192 -56 48 ) (-192 -56 32 ) (-288 -56 32 ) (-288 -56 48 ) 
4 29 (-192 -56 32 ) (-192 -56 144 ) (-176 -56 144 ) (-176 -56 32 ) 
4 29 (-304 -56 32 ) (-176 -56 32 ) (-176 -56 16 ) (-304 -56 16 ) 
4 29 (-176 -56 160 ) (-160 -56 160 ) (-160 -56 16 ) (-176 -56 16 ) 
4 29 (-160 -56 16 ) (-160 -56 0 ) (-320 -56 0 ) (-320 -56 16 ) 
4 29 (-160 -56 0 ) (-160 -56 176 ) (-64 -56 176 ) (-64 -56 0 ) 
4 29 (-480 -56 608 ) (-480 -56 0 ) (-480 -264 0 ) (-480 -264 608 ) 
4 29 (-64 -264 0 ) (-480 -264 0 ) (-480 -56 0 ) (-64 -56 0 ) 
4 30 (-64 -264 608 ) (-160 -264 608 ) (-160 -384 608 ) (-64 -384 608 ) 
4 30 (-64 -384 176 ) (-160 -384 176 ) (-160 -264 176 ) (-64 -264 176 ) 
4 31 (-160 -264 608 ) (-176 -264 608 ) (-176 -384 608 ) (-160 -384 608 ) 
4 31 (-160 -264 160 ) (-160 -264 176 ) (-160 -384 176 ) (-160 -384 160 ) 
4 31 (-176 -384 160 ) (-176 -264 160 ) (-160 -264 160 ) (-160 -384 160 ) 
4 32 (-176 -264 608 ) (-192 -264 608 ) (-192 -384 608 ) (-176 -384 608 ) 
4 32 (-176 -264 144 ) (-176 -264 160 ) (-176 -384 160 ) (-176 -384 144 ) 
4 32 (-192 -384 144 ) (-192 -264 144 ) (-176 -264 144 ) (-176 -384 144 ) 
4 33 (-192 -264 608 ) (-208 -264 608 ) (-208 -384 608 ) (-192 -384 608 ) 
4 33 (-192 -264 128 ) (-192 -264 144 ) (-192 -384 144 ) (-192 -384 128 ) 
4 33 (-208 -384 128 ) (-208 -264 128 ) (-192 -264 128 ) (-192 -384 128 ) 
4 34 (-208 -264 608 ) (-224 -264 608 ) (-224 -384 608 ) (-208 -384 608 ) 
4 34 (-208 -264 112 ) (-208 -264 128 ) (-208 -384 128 ) (-208 -384 112 ) 
4 34 (-224 -384 112 ) (-224 -264 112 ) (-208 -264 112 ) (-208 -384 112 ) 
4 35 (-240 -264 96 ) (-224 -264 96 ) (-224 -384 96 ) (-240 -384 96 ) 
4 35 (-224 -264 112 ) (-224 -384 112 ) (-224 -384 96 ) (-224 -264 96 ) 
4 35 (-480 -264 608 ) (-480 -264 96 ) (-480 -384 96 ) (-480 -384 608 ) 
4 35 (-224 -264 608 ) (-480 -264 608 ) (-480 -384 608 ) (-224 -384 608 ) 
4 36 (-256 -264 80 ) (-240 -264 80 ) (-240 -384 80 ) (-256 -384 80 ) 
4 36 (-480 -264 96 ) (-480 -264 80 ) (-480 -384 80 ) (-480 -384 96 ) 
4 36 (-240 -264 96 ) (-240 -384 96 ) (-240 -384 80 ) (-240 -264 80 ) 
4 37 (-272 -264 64 ) (-256 -264 64 ) (-256 -384 64 ) (-272 -384 64 ) 
4 37 (-480 -264 80 ) (-480 -264 64 ) (-480 -384 64 ) (-480 -384 80 ) 
4 37 (-256 -264 80 ) (-256 -384 80 ) (-256 -384 64 ) (-256 -264 64 ) 
4 38 (-288 -264 48 ) (-272 -264 48 ) (-272 -384 48 ) (-288 -384 48 ) 
4 38 (-480 -264 64 ) (-480 -264 48 ) (-480 -384 48 ) (-480 -384 64 ) 
4 38 (-272 -264 64 ) (-272 -384 64 ) (-272 -384 48 ) (-272 -264 48 ) 
4 39 (-288 -384 32 ) (-304 -384 32 ) (-304 -264 32 ) (-288 -264 32 ) 
4 39 (-480 -264 48 ) (-480 -264 32 ) (-480 -384 32 ) (-480 -384 48 ) 
4 39 (-288 -264 48 ) (-288 -384 48 ) (-288 -384 32 ) (-288 -264 32 ) 
4 40 (-304 -384 16 ) (-320 -384 16 ) (-320 -264 16 ) (-304 -264 16 ) 
4 40 (-480 -264 32 ) (-480 -264 16 ) (-480 -384 16 ) (-480 -384 32 ) 
4 40 (-304 -264 32 ) (-304 -384 32 ) (-304 -384 16 ) (-304 -264 16 ) 
4 41 (-480 -264 16 ) (-480 -264 0 ) (-480 -384 0 ) (-480 -384 16 ) 
4 41 (-320 -384 0 ) (-480 -384 0 ) (-480 -264 0 ) (-320 -264 0 ) 
4 41 (-320 -264 16 ) (-320 -384 16 ) (-320 -384 0 ) (-320 -264 0 ) 
4 42 (-64 -384 608 ) (-480 -384 608 ) (-480 -512 608 ) (-64 -512 608 ) 
4 42 (-480 -384 608 ) (-480 -384 0 ) (-480 -512 0 ) (-480 -512 608 ) 
4 42 (-320 -384 0 ) (-320 -384 16 ) (-64 -384 16 ) (-64 -384 0 ) 
4 42 (-304 -384 16 ) (-304 -384 32 ) (-64 -384 32 ) (-64 -384 16 ) 
4 42 (-288 -384 48 ) (-160 -384 48 ) (-160 -384 32 ) (-288 -384 32 ) 
4 42 (-272 -384 64 ) (-176 -384 64 ) (-176 -384 48 ) (-272 -384 48 ) 
4 42 (-256 -384 80 ) (-192 -384 80 ) (-192 -384 64 ) (-256 -384 64 ) 
4 42 (-240 -384 96 ) (-208 -384 96 ) (-208 -384 80 ) (-240 -384 80 ) 
4 42 (-208 -384 112 ) (-208 -384 96 ) (-224 -384 96 ) (-224 -384 112 ) 
4 42 (-192 -384 128 ) (-192 -384 80 ) (-208 -384 80 ) (-208 -384 128 ) 
4 42 (-176 -384 144 ) (-176 -384 64 ) (-192 -384 64 ) (-192 -384 144 ) 
4 42 (-160 -384 160 ) (-160 -384 48 ) (-176 -384 48 ) (-176 -384 160 ) 
4 42 (-160 -384 32 ) (-160 -384 176 ) (-64 -384 176 ) (-64 -384 32 ) 
4 42 (-480 -512 608 ) (-480 -512 0 ) (-64 -512 0 ) (-64 -512 608 ) 
4 42 (-64 -512 0 ) (-480 -512 0 ) (-480 -384 0 ) (-64 -384 0 ) 
