PRT1
4
4
16
4 0 2 0 (0 0 8 ) (0 0 568 ) (0 312 568 ) (0 312 8 ) 
4 0 1 0 (0 0 568 ) (0 0 8 ) (312 0 8 ) (312 0 568 ) 
4 1 3 0 (0 0 568 ) (0 0 8 ) (0 -312 8 ) (0 -312 568 ) 
4 2 3 0 (0 0 8 ) (0 0 568 ) (-312 0 568 ) (-312 0 8 ) 
4 0 (312 0 568 ) (312 0 8 ) (312 312 8 ) (312 312 568 ) 
4 0 (312 312 568 ) (312 312 8 ) (0 312 8 ) (0 312 568 ) 
4 0 (312 0 8 ) (0 0 8 ) (0 312 8 ) (312 312 8 ) 
4 0 (0 0 568 ) (312 0 568 ) (312 312 568 ) (0 312 568 ) 
4 1 (0 -312 568 ) (0 -312 8 ) (312 -312 8 ) (312 -312 568 ) 
4 1 (312 -312 568 ) (312 -312 8 ) (312 0 8 ) (312 0 568 ) 
4 1 (0 -312 8 ) (0 0 8 ) (312 0 8 ) (312 -312 8 ) 
4 1 (312 0 568 ) (0 0 568 ) (0 -312 568 ) (312 -312 568 ) 
4 2 (0 312 568 ) (0 312 8 ) (-312 312 8 ) (-312 312 568 ) 
4 2 (-312 0 8 ) (-312 0 568 ) (-312 312 568 ) (-312 312 8 ) 
4 2 (0 0 8 ) (-312 0 8 ) (-312 312 8 ) (0 312 8 ) 
4 2 (0 312 568 ) (-312 312 568 ) (-312 0 568 ) (0 0 568 ) 
4 3 (-312 -312 568 ) (-312 -312 8 ) (0 -312 8 ) (0 -312 568 ) 
4 3 (-312 0 568 ) (-312 0 8 ) (-312 -312 8 ) (-312 -312 568 ) 
4 3 (-312 -312 8 ) (-312 0 8 ) (0 0 8 ) (0 -312 8 ) 
4 3 (0 0 568 ) (-312 0 568 ) (-312 -312 568 ) (0 -312 568 ) 
