PRT1
74
187
347
4 0 59 0 (0 24 496 ) (0 576 496 ) (0 576 408 ) (0 24 408 ) 
5 0 3 0 (0 576 408 ) (448 576 408 ) (832 192 408 ) (832 24 408 ) (0 24 408 ) 
4 0 2 0 (208 24 408 ) (832 24 408 ) (832 24 496 ) (208 24 496 ) 
4 0 1 0 (0 24 408 ) (112 24 408 ) (112 24 496 ) (0 24 496 ) 
4 1 59 0 (0 0 408 ) (0 0 496 ) (0 24 496 ) (0 24 408 ) 
4 1 27 0 (40 0 408 ) (88 0 408 ) (88 0 496 ) (40 0 496 ) 
4 1 30 0 (0 0 496 ) (0 0 408 ) (40 0 408 ) (40 0 496 ) 
4 1 3 0 (88 0 408 ) (0 0 408 ) (0 24 408 ) (112 24 408 ) 
4 2 23 0 (232 0 408 ) (280 0 408 ) (280 0 496 ) (232 0 496 ) 
4 2 21 0 (280 0 408 ) (832 0 408 ) (832 0 496 ) (280 0 496 ) 
4 2 3 0 (832 24 408 ) (832 0 408 ) (232 0 408 ) (208 24 408 ) 
4 3 59 0 (0 0 288 ) (0 0 408 ) (0 576 408 ) (0 576 288 ) 
4 3 31 0 (0 0 408 ) (0 0 288 ) (832 0 288 ) (832 0 408 ) 
5 3 4 0 (768 0 288 ) (0 0 288 ) (0 512 288 ) (416 512 288 ) (768 160 288 ) 
4 4 60 0 (0 0 256 ) (0 0 288 ) (0 512 288 ) (0 512 256 ) 
4 4 32 0 (0 0 288 ) (0 0 256 ) (768 0 256 ) (768 0 288 ) 
5 4 10 0 (768 0 256 ) (0 0 256 ) (0 512 256 ) (416 512 256 ) (768 160 256 ) 
4 5 61 0 (0 568 256 ) (0 576 256 ) (0 576 240 ) (0 568 240 ) 
4 5 10 0 (456 568 256 ) (0 568 256 ) (0 568 240 ) (456 568 240 ) 
4 5 8 0 (136 568 240 ) (0 568 240 ) (0 576 240 ) (136 576 240 ) 
4 5 6 0 (456 568 240 ) (184 568 240 ) (184 576 240 ) (448 576 240 ) 
4 6 10 0 (456 568 240 ) (184 568 240 ) (184 568 64 ) (456 568 64 ) 
4 6 9 0 (456 568 64 ) (184 568 64 ) (184 576 64 ) (448 576 64 ) 
4 7 10 0 (152 568 224 ) (152 568 80 ) (168 568 80 ) (168 568 224 ) 
4 8 61 0 (0 576 240 ) (0 576 64 ) (0 568 64 ) (0 568 240 ) 
4 8 10 0 (136 568 240 ) (0 568 240 ) (0 568 64 ) (136 568 64 ) 
4 8 9 0 (136 568 64 ) (0 568 64 ) (0 576 64 ) (136 576 64 ) 
4 9 61 0 (0 576 64 ) (0 576 8 ) (0 568 8 ) (0 568 64 ) 
4 9 10 0 (0 568 8 ) (456 568 8 ) (456 568 64 ) (0 568 64 ) 
4 10 61 0 (0 0 8 ) (0 0 256 ) (0 568 256 ) (0 568 8 ) 
4 10 38 0 (0 0 240 ) (0 0 8 ) (824 0 8 ) (824 0 240 ) 
4 10 37 0 (824 0 8 ) (832 0 8 ) (832 0 64 ) (824 0 64 ) 
4 10 34 0 (832 0 64 ) (832 0 240 ) (824 0 240 ) (824 0 64 ) 
4 10 33 0 (0 0 256 ) (0 0 240 ) (832 0 240 ) (832 0 256 ) 
4 10 19 0 (8 328 8 ) (128 328 8 ) (128 320 8 ) (8 320 8 ) 
4 10 18 0 (0 328 8 ) (0 512 8 ) (128 512 8 ) (128 328 8 ) 
4 10 17 0 (128 0 8 ) (0 0 8 ) (0 320 8 ) (128 320 8 ) 
4 10 16 0 (136 0 8 ) (128 0 8 ) (128 320 8 ) (136 320 8 ) 
4 10 15 0 (320 0 8 ) (136 0 8 ) (136 512 8 ) (320 512 8 ) 
5 10 11 0 (320 64 8 ) (320 512 8 ) (416 512 8 ) (768 160 8 ) (768 64 8 ) 
4 10 14 0 (768 0 8 ) (320 0 8 ) (320 64 8 ) (768 64 8 ) 
4 11 15 0 (320 512 8 ) (320 512 0 ) (320 64 0 ) (320 64 8 ) 
5 11 13 0 (768 64 0 ) (448 64 0 ) (448 192 0 ) (736 192 0 ) (768 160 0 ) 
4 11 12 0 (320 192 0 ) (320 512 0 ) (416 512 0 ) (736 192 0 ) 
4 11 14 0 (320 64 8 ) (320 64 0 ) (768 64 0 ) (768 64 8 ) 
4 12 15 0 (320 512 0 ) (320 512 -128 ) (320 192 -128 ) (320 192 0 ) 
4 12 13 0 (736 192 -128 ) (736 192 0 ) (448 192 0 ) (448 192 -128 ) 
4 13 14 0 (448 64 -128 ) (768 64 -128 ) (768 64 0 ) (448 64 0 ) 
4 14 43 0 (320 0 -128 ) (768 0 -128 ) (768 0 8 ) (320 0 8 ) 
4 14 15 0 (320 64 -128 ) (320 0 -128 ) (320 0 8 ) (320 64 8 ) 
4 15 43 0 (136 0 -128 ) (320 0 -128 ) (320 0 8 ) (136 0 8 ) 
3 15 16 0 (136 0 -120 ) (136 0 8 ) (136 320 8 ) 
4 16 43 0 (136 0 -120 ) (136 0 8 ) (128 0 8 ) (128 0 -120 ) 
3 16 17 0 (128 0 -120 ) (128 0 8 ) (128 320 8 ) 
4 17 55 0 (0 0 8 ) (0 0 -120 ) (8 0 -120 ) (8 0 8 ) 
4 17 43 0 (8 0 -120 ) (128 0 -120 ) (128 0 8 ) (8 0 8 ) 
4 17 20 0 (128 300 0 ) (128 0 -120 ) (8 0 -120 ) (8 300 0 ) 
4 17 19 0 (8 320 8 ) (128 320 8 ) (128 300 0 ) (8 300 0 ) 
4 18 62 0 (0 328 8 ) (0 512 8 ) (0 512 0 ) (0 328 0 ) 
4 18 19 0 (8 328 0 ) (128 328 0 ) (128 328 8 ) (8 328 8 ) 
4 19 20 0 (128 300 0 ) (8 300 0 ) (8 320 0 ) (128 320 0 ) 
4 20 43 0 (8 0 -128 ) (128 0 -128 ) (128 0 -120 ) (8 0 -120 ) 
5 21 31 0 (280 0 408 ) (832 0 408 ) (832 -384 408 ) (448 -768 408 ) (280 -768 408 ) 
4 21 23 0 (280 0 408 ) (280 -48 408 ) (280 -48 496 ) (280 0 496 ) 
4 21 22 0 (280 -144 408 ) (280 -216 408 ) (280 -216 496 ) (280 -144 496 ) 
4 21 29 0 (280 -216 408 ) (280 -768 408 ) (280 -768 496 ) (280 -216 496 ) 
4 22 31 0 (280 -144 408 ) (280 -216 408 ) (232 -216 408 ) (232 -192 408 ) 
4 22 25 0 (232 -192 408 ) (232 -216 408 ) (232 -216 496 ) (232 -192 496 ) 
4 22 29 0 (232 -216 408 ) (280 -216 408 ) (280 -216 496 ) (232 -216 496 ) 
3 23 31 0 (232 0 408 ) (280 0 408 ) (280 -48 408 ) 
8 24 31 0 (232 -64 408 ) (232 -128 408 ) (192 -168 408 ) (128 -168 408 ) (88 -128 408 ) (88 -64 408 ) (128 -24 408 ) (192 -24 408 ) 
3 25 31 0 (232 -192 408 ) (232 -216 408 ) (208 -216 408 ) 
4 25 29 0 (208 -216 408 ) (232 -216 408 ) (232 -216 496 ) (208 -216 496 ) 
3 26 31 0 (112 -216 408 ) (88 -216 408 ) (88 -192 408 ) 
4 26 28 0 (88 -192 408 ) (88 -216 408 ) (88 -216 496 ) (88 -192 496 ) 
4 26 29 0 (88 -216 408 ) (112 -216 408 ) (112 -216 496 ) (88 -216 496 ) 
3 27 31 0 (40 0 408 ) (88 0 408 ) (40 -48 408 ) 
4 27 30 0 (40 0 408 ) (40 -48 408 ) (40 -48 496 ) (40 0 496 ) 
4 28 31 0 (88 -192 408 ) (88 -216 408 ) (40 -216 408 ) (40 -144 408 ) 
4 28 29 0 (40 -216 496 ) (40 -216 408 ) (88 -216 408 ) (88 -216 496 ) 
4 28 30 0 (40 -144 408 ) (40 -216 408 ) (40 -216 496 ) (40 -144 496 ) 
4 29 31 0 (280 -216 408 ) (280 -768 408 ) (40 -768 408 ) (40 -216 408 ) 
4 29 30 0 (40 -216 408 ) (40 -768 408 ) (40 -768 496 ) (40 -216 496 ) 
4 30 64 0 (0 -768 496 ) (0 0 496 ) (0 0 408 ) (0 -768 408 ) 
4 30 31 0 (0 -768 408 ) (0 0 408 ) (40 0 408 ) (40 -768 408 ) 
4 31 64 0 (0 -768 408 ) (0 0 408 ) (0 0 288 ) (0 -768 288 ) 
5 31 32 0 (0 -704 288 ) (0 0 288 ) (768 0 288 ) (768 -352 288 ) (416 -704 288 ) 
4 32 65 0 (0 -704 288 ) (0 0 288 ) (0 0 256 ) (0 -704 256 ) 
5 32 33 0 (0 -704 256 ) (0 0 256 ) (768 0 256 ) (768 -352 256 ) (416 -704 256 ) 
4 33 66 0 (0 -768 256 ) (0 0 256 ) (0 0 240 ) (0 -768 240 ) 
4 33 39 0 (184 -760 240 ) (456 -760 240 ) (448 -768 240 ) (184 -768 240 ) 
4 33 41 0 (0 -768 240 ) (0 -760 240 ) (136 -760 240 ) (136 -768 240 ) 
5 33 38 0 (0 -760 240 ) (0 0 240 ) (824 0 240 ) (824 -392 240 ) (456 -760 240 ) 
4 33 36 0 (832 -120 240 ) (832 -384 240 ) (824 -392 240 ) (824 -120 240 ) 
4 33 34 0 (824 0 240 ) (832 0 240 ) (832 -72 240 ) (824 -72 240 ) 
4 34 38 0 (824 -72 240 ) (824 0 240 ) (824 0 64 ) (824 -72 64 ) 
4 34 37 0 (824 -72 64 ) (824 0 64 ) (832 0 64 ) (832 -72 64 ) 
4 35 38 0 (824 -88 224 ) (824 -88 80 ) (824 -104 80 ) (824 -104 224 ) 
4 36 38 0 (824 -392 240 ) (824 -120 240 ) (824 -120 64 ) (824 -392 64 ) 
4 36 37 0 (824 -392 64 ) (824 -120 64 ) (832 -120 64 ) (832 -384 64 ) 
4 37 38 0 (824 0 8 ) (824 -392 8 ) (824 -392 64 ) (824 0 64 ) 
4 38 66 0 (0 -760 240 ) (0 0 240 ) (0 0 8 ) (0 -760 8 ) 
4 38 58 0 (0 -704 8 ) (0 -584 8 ) (8 -584 8 ) (8 -704 8 ) 
4 38 56 0 (0 -576 8 ) (0 -344 8 ) (8 -344 8 ) (8 -576 8 ) 
4 38 55 0 (0 -344 8 ) (0 0 8 ) (8 0 8 ) (8 -344 8 ) 
4 38 53 0 (128 -704 8 ) (8 -704 8 ) (8 -576 8 ) (128 -576 8 ) 
4 38 51 0 (8 -576 8 ) (8 -544 8 ) (128 -544 8 ) (128 -576 8 ) 
4 38 49 0 (8 -544 8 ) (8 -512 8 ) (128 -512 8 ) (128 -544 8 ) 
4 38 47 0 (8 -512 8 ) (8 -480 8 ) (128 -480 8 ) (128 -512 8 ) 
4 38 46 0 (8 -480 8 ) (8 -344 8 ) (128 -344 8 ) (128 -480 8 ) 
4 38 45 0 (128 -576 8 ) (128 -344 8 ) (136 -344 8 ) (136 -576 8 ) 
5 38 44 0 (768 -344 8 ) (768 -352 8 ) (416 -704 8 ) (136 -704 8 ) (136 -344 8 ) 
4 38 43 0 (8 0 8 ) (768 0 8 ) (768 -344 8 ) (8 -344 8 ) 
4 38 42 0 (0 -760 8 ) (456 -760 8 ) (456 -760 64 ) (0 -760 64 ) 
4 38 40 0 (152 -760 224 ) (152 -760 80 ) (168 -760 80 ) (168 -760 224 ) 
4 38 39 0 (456 -760 64 ) (456 -760 240 ) (184 -760 240 ) (184 -760 64 ) 
4 38 41 0 (136 -760 240 ) (0 -760 240 ) (0 -760 64 ) (136 -760 64 ) 
4 39 42 0 (448 -768 64 ) (184 -768 64 ) (184 -760 64 ) (456 -760 64 ) 
4 41 66 0 (0 -768 240 ) (0 -760 240 ) (0 -760 64 ) (0 -768 64 ) 
4 41 42 0 (136 -768 64 ) (0 -768 64 ) (0 -760 64 ) (136 -760 64 ) 
4 42 66 0 (0 -760 64 ) (0 -760 8 ) (0 -768 8 ) (0 -768 64 ) 
4 43 55 0 (8 0 -128 ) (8 -344 -128 ) (8 -344 8 ) (8 0 8 ) 
4 43 54 0 (8 -344 -112 ) (8 -344 -128 ) (128 -344 -128 ) (128 -344 -112 ) 
4 43 52 0 (8 -344 -96 ) (8 -344 -112 ) (128 -344 -112 ) (128 -344 -96 ) 
4 43 50 0 (8 -344 -80 ) (8 -344 -96 ) (128 -344 -96 ) (128 -344 -80 ) 
4 43 48 0 (8 -344 -64 ) (8 -344 -80 ) (128 -344 -80 ) (128 -344 -64 ) 
4 43 46 0 (8 -344 8 ) (8 -344 -64 ) (128 -344 -64 ) (128 -344 8 ) 
4 43 45 0 (136 -344 -112 ) (136 -344 8 ) (128 -344 8 ) (128 -344 -112 ) 
4 43 44 0 (136 -344 -128 ) (768 -344 -128 ) (768 -344 8 ) (136 -344 8 ) 
3 44 45 0 (136 -344 8 ) (136 -344 -112 ) (136 -576 8 ) 
3 45 52 0 (128 -344 -96 ) (128 -344 -112 ) (128 -374.933319 -96 ) 
3 45 51 0 (128 -544 -8.551724 ) (128 -576 8 ) (128 -544 8 ) 
4 45 50 0 (128 -344 -80 ) (128 -344 -96 ) (128 -374.933319 -96 ) (128 -405.866669 -80 ) 
4 45 49 0 (128 -512 -25.103449 ) (128 -544 -8.551724 ) (128 -544 8 ) (128 -512 8 ) 
4 45 48 0 (128 -344 -64 ) (128 -344 -80 ) (128 -405.866669 -80 ) (128 -436.799988 -64 ) 
4 45 47 0 (128 -480 -41.655170 ) (128 -512 -25.103449 ) (128 -512 8 ) (128 -480 8 ) 
5 45 46 0 (128 -344 8 ) (128 -344 -64 ) (128 -436.799988 -64 ) (128 -480 -41.655170 ) (128 -480 8 ) 
5 46 57 0 (8 -344 0 ) (8 -344 -64 ) (8 -436.799988 -64 ) (8 -480 -41.655167 ) (8 -480 0 ) 
4 46 56 0 (8 -480 8 ) (8 -344 8 ) (8 -344 0 ) (8 -480 0 ) 
4 46 48 0 (8 -448 -64 ) (8 -344 -64 ) (128 -344 -64 ) (128 -448 -64 ) 
4 46 47 0 (8 -480 8 ) (8 -480 -48 ) (128 -480 -48 ) (128 -480 8 ) 
4 47 57 0 (8 -480 0 ) (8 -480 -41.655163 ) (8 -512 -25.103441 ) (8 -512 0 ) 
4 47 56 0 (8 -512 8 ) (8 -480 8 ) (8 -480 0 ) (8 -512 0 ) 
4 47 49 0 (8 -512 8 ) (8 -512 -32 ) (128 -512 -32 ) (128 -512 8 ) 
4 48 57 0 (8 -344 -64 ) (8 -344 -80 ) (8 -405.866638 -80 ) (8 -436.799988 -64 ) 
4 48 50 0 (8 -416 -80 ) (8 -344 -80 ) (128 -344 -80 ) (128 -416 -80 ) 
4 49 57 0 (8 -512 0 ) (8 -512 -25.103439 ) (8 -544 -8.551716 ) (8 -544 0 ) 
4 49 56 0 (8 -544 8 ) (8 -512 8 ) (8 -512 0 ) (8 -544 0 ) 
4 49 51 0 (8 -544 8 ) (8 -544 -16 ) (128 -544 -16 ) (128 -544 8 ) 
4 50 57 0 (8 -344 -80 ) (8 -344 -96 ) (8 -374.933319 -96 ) (8 -405.866638 -80 ) 
4 50 52 0 (8 -384 -96 ) (8 -344 -96 ) (128 -344 -96 ) (128 -384 -96 ) 
3 51 57 0 (8 -544 0 ) (8 -544 -8.551715 ) (8 -560.533325 0 ) 
4 51 56 0 (8 -576 8 ) (8 -544 8 ) (8 -544 0 ) (8 -560.533325 0 ) 
4 51 53 0 (8 -576 8 ) (8 -576 0 ) (128 -576 0 ) (128 -576 8 ) 
3 52 57 0 (8 -344 -96 ) (8 -344 -112 ) (8 -374.933319 -96 ) 
4 52 54 0 (8 -352 -112 ) (8 -344 -112 ) (128 -344 -112 ) (128 -352 -112 ) 
4 53 58 0 (8 -704 0 ) (8 -704 8 ) (8 -584 8 ) (8 -584 0 ) 
4 55 57 0 (8 -344 -112 ) (8 -344 0 ) (0 -344 0 ) (0 -344 -112 ) 
4 55 56 0 (8 -344 0 ) (8 -344 8 ) (0 -344 8 ) (0 -344 0 ) 
4 56 57 0 (0 -560.533325 0 ) (0 -344 0 ) (8 -344 0 ) (8 -560.533325 0 ) 
4 58 72 0 (0 -704 8 ) (0 -584 8 ) (0 -584 0 ) (0 -704 0 ) 
4 59 64 0 (-512 0 288 ) (0 0 288 ) (0 0 496 ) (-512 0 496 ) 
5 59 60 0 (0 0 288 ) (-448 0 288 ) (-448 160 288 ) (-96 512 288 ) (0 512 288 ) 
4 60 65 0 (-448 0 256 ) (0 0 256 ) (0 0 288 ) (-448 0 288 ) 
5 60 61 0 (0 0 256 ) (-448 0 256 ) (-448 160 256 ) (-96 512 256 ) (0 512 256 ) 
4 61 71 0 (-512 0 8 ) (-504 0 8 ) (-504 0 64 ) (-512 0 64 ) 
4 61 68 0 (-504 0 64 ) (-504 0 240 ) (-512 0 240 ) (-512 0 64 ) 
4 61 67 0 (-504 0 240 ) (-504 0 256 ) (-512 0 256 ) (-512 0 240 ) 
4 61 66 0 (-504 0 8 ) (0 0 8 ) (0 0 256 ) (-504 0 256 ) 
5 61 63 0 (-8 0 8 ) (-448 0 8 ) (-448 160 8 ) (-96 512 8 ) (-8 512 8 ) 
4 61 62 0 (-8 328 8 ) (-8 512 8 ) (0 512 8 ) (0 328 8 ) 
4 62 63 0 (-8 512 8 ) (-8 512 0 ) (-8 328 0 ) (-8 328 8 ) 
4 63 73 0 (-8 0 8 ) (-448 0 8 ) (-448 0 0 ) (-8 0 0 ) 
5 64 65 0 (-448 0 288 ) (0 0 288 ) (0 -704 288 ) (-96 -704 288 ) (-448 -352 288 ) 
5 65 66 0 (-448 0 256 ) (0 0 256 ) (0 -704 256 ) (-96 -704 256 ) (-448 -352 256 ) 
5 66 73 0 (-448 0 8 ) (-8 0 8 ) (-8 -704 8 ) (-96 -704 8 ) (-448 -352 8 ) 
4 66 72 0 (0 -584 8 ) (0 -704 8 ) (-8 -704 8 ) (-8 -584 8 ) 
4 66 71 0 (-504 0 8 ) (-504 -392 8 ) (-504 -392 64 ) (-504 0 64 ) 
4 66 70 0 (-504 -392 64 ) (-504 -392 240 ) (-504 -120 240 ) (-504 -120 64 ) 
4 66 69 0 (-504 -104 80 ) (-504 -104 224 ) (-504 -88 224 ) (-504 -88 80 ) 
4 66 68 0 (-504 -72 240 ) (-504 0 240 ) (-504 0 64 ) (-504 -72 64 ) 
4 66 67 0 (-504 -392 240 ) (-504 -392 256 ) (-504 0 256 ) (-504 0 240 ) 
4 67 70 0 (-512 -384 240 ) (-512 -120 240 ) (-504 -120 240 ) (-504 -392 240 ) 
4 67 68 0 (-512 -72 240 ) (-512 0 240 ) (-504 0 240 ) (-504 -72 240 ) 
4 68 71 0 (-512 -72 64 ) (-512 0 64 ) (-504 0 64 ) (-504 -72 64 ) 
4 70 71 0 (-512 -384 64 ) (-512 -120 64 ) (-504 -120 64 ) (-504 -392 64 ) 
4 72 73 0 (-8 -584 0 ) (-8 -704 0 ) (-8 -704 8 ) (-8 -584 8 ) 
4 0 (112 24 408 ) (208 24 408 ) (208 24 496 ) (112 24 496 ) 
4 0 (448 576 408 ) (0 576 408 ) (0 576 496 ) (448 576 496 ) 
5 0 (832 24 496 ) (832 192 496 ) (448 576 496 ) (0 576 496 ) (0 24 496 ) 
4 0 (832 24 408 ) (832 192 408 ) (832 192 496 ) (832 24 496 ) 
4 0 (832 192 496 ) (832 192 408 ) (448 576 408 ) (448 576 496 ) 
4 1 (88 0 408 ) (112 24 408 ) (112 24 496 ) (88 0 496 ) 
4 1 (112 24 496 ) (0 24 496 ) (0 0 496 ) (88 0 496 ) 
4 2 (832 24 408 ) (832 24 496 ) (832 0 496 ) (832 0 408 ) 
4 2 (832 24 496 ) (208 24 496 ) (232 0 496 ) (832 0 496 ) 
4 2 (208 24 496 ) (208 24 408 ) (232 0 408 ) (232 0 496 ) 
4 3 (416 512 288 ) (512 512 288 ) (768 256 288 ) (768 160 288 ) 
4 3 (832 0 288 ) (768 0 288 ) (768 256 288 ) (832 192 288 ) 
4 3 (0 512 288 ) (0 576 288 ) (448 576 288 ) (512 512 288 ) 
4 3 (832 192 408 ) (832 0 408 ) (832 0 288 ) (832 192 288 ) 
4 3 (0 576 408 ) (448 576 408 ) (448 576 288 ) (0 576 288 ) 
4 3 (208 24 408 ) (112 24 408 ) (88 0 408 ) (232 0 408 ) 
4 3 (448 576 288 ) (448 576 408 ) (832 192 408 ) (832 192 288 ) 
4 4 (768 160 288 ) (768 0 288 ) (768 0 256 ) (768 160 256 ) 
4 4 (0 512 288 ) (416 512 288 ) (416 512 256 ) (0 512 256 ) 
4 4 (768 160 288 ) (768 160 256 ) (416 512 256 ) (416 512 288 ) 
4 5 (152 568 240 ) (136 568 240 ) (136 576 240 ) (152 576 240 ) 
4 5 (168 568 240 ) (152 568 240 ) (152 572 240 ) (168 572 240 ) 
4 5 (152 572 240 ) (152 576 240 ) (168 576 240 ) (168 572 240 ) 
4 5 (184 568 240 ) (168 568 240 ) (168 576 240 ) (184 576 240 ) 
4 5 (456 568 256 ) (448 576 256 ) (0 576 256 ) (0 568 256 ) 
4 5 (448 576 240 ) (0 576 240 ) (0 576 256 ) (448 576 256 ) 
4 5 (456 568 256 ) (456 568 240 ) (448 576 240 ) (448 576 256 ) 
4 6 (184 576 64 ) (184 568 64 ) (184 568 240 ) (184 576 240 ) 
4 6 (448 576 64 ) (184 576 64 ) (184 576 240 ) (448 576 240 ) 
4 6 (456 568 64 ) (448 576 64 ) (448 576 240 ) (456 568 240 ) 
4 7 (152 568 80 ) (152 568 224 ) (152 572 224 ) (152 572 80 ) 
4 7 (168 572 224 ) (168 572 80 ) (152 572 80 ) (152 572 224 ) 
4 7 (168 572 80 ) (168 572 224 ) (168 568 224 ) (168 568 80 ) 
4 7 (152 568 80 ) (152 572 80 ) (168 572 80 ) (168 568 80 ) 
4 7 (168 568 224 ) (168 572 224 ) (152 572 224 ) (152 568 224 ) 
4 8 (136 576 64 ) (0 576 64 ) (0 576 240 ) (136 576 240 ) 
4 8 (136 576 240 ) (136 568 240 ) (136 568 64 ) (136 576 64 ) 
4 9 (0 568 8 ) (0 576 8 ) (448 576 8 ) (456 568 8 ) 
4 9 (0 576 64 ) (448 576 64 ) (448 576 8 ) (0 576 8 ) 
4 9 (184 576 64 ) (168 576 64 ) (168 568 64 ) (184 568 64 ) 
4 9 (168 576 64 ) (152 576 64 ) (152 568 64 ) (168 568 64 ) 
4 9 (152 576 64 ) (136 576 64 ) (136 568 64 ) (152 568 64 ) 
4 9 (448 576 8 ) (448 576 64 ) (456 568 64 ) (456 568 8 ) 
4 10 (0 320 8 ) (0 328 8 ) (8 328 8 ) (8 320 8 ) 
4 10 (128 320 8 ) (128 512 8 ) (136 512 8 ) (136 320 8 ) 
4 10 (416 512 8 ) (512 512 8 ) (768 256 8 ) (768 160 8 ) 
4 10 (0 512 8 ) (0 568 8 ) (456 568 8 ) (512 512 8 ) 
4 10 (832 0 8 ) (768 0 8 ) (768 256 8 ) (832 192 8 ) 
4 10 (832 192 256 ) (832 0 256 ) (832 0 8 ) (832 192 8 ) 
4 10 (152 568 64 ) (136 568 64 ) (136 568 240 ) (152 568 240 ) 
4 10 (168 568 224 ) (152 568 224 ) (152 568 240 ) (168 568 240 ) 
4 10 (168 568 80 ) (168 568 64 ) (152 568 64 ) (152 568 80 ) 
4 10 (184 568 64 ) (168 568 64 ) (168 568 240 ) (184 568 240 ) 
4 10 (512 512 256 ) (456 568 256 ) (0 568 256 ) (0 512 256 ) 
4 10 (832 192 256 ) (768 256 256 ) (768 0 256 ) (832 0 256 ) 
4 10 (768 160 256 ) (768 256 256 ) (512 512 256 ) (416 512 256 ) 
4 10 (832 192 256 ) (832 192 8 ) (456 568 8 ) (456 568 256 ) 
4 11 (448 64 0 ) (320 64 0 ) (320 192 0 ) (448 192 0 ) 
4 11 (768 64 0 ) (768 160 0 ) (768 160 8 ) (768 64 8 ) 
4 11 (416 512 0 ) (320 512 0 ) (320 512 8 ) (416 512 8 ) 
4 11 (768 160 8 ) (768 160 0 ) (416 512 0 ) (416 512 8 ) 
4 12 (448 192 0 ) (320 192 0 ) (320 192 -128 ) (448 192 -128 ) 
4 12 (416 512 -128 ) (416 512 0 ) (736 192 0 ) (736 192 -128 ) 
4 12 (320 512 0 ) (416 512 0 ) (416 512 -128 ) (320 512 -128 ) 
4 12 (320 192 -128 ) (320 512 -128 ) (416 512 -128 ) (736 192 -128 ) 
5 13 (768 160 -128 ) (768 64 -128 ) (448 64 -128 ) (448 192 -128 ) (736 192 -128 ) 
4 13 (768 160 0 ) (768 64 0 ) (768 64 -128 ) (768 160 -128 ) 
4 13 (736 192 0 ) (768 160 0 ) (768 160 -128 ) (736 192 -128 ) 
4 13 (448 192 0 ) (448 192 -128 ) (448 64 -128 ) (448 64 0 ) 
4 14 (448 64 0 ) (448 64 -128 ) (320 64 -128 ) (320 64 0 ) 
4 14 (768 64 -128 ) (768 0 -128 ) (320 0 -128 ) (320 64 -128 ) 
4 14 (768 64 -128 ) (768 64 8 ) (768 0 8 ) (768 0 -128 ) 
5 15 (136 512 8 ) (136 512 -128 ) (136 0 -128 ) (136 0 -120 ) (136 320 8 ) 
4 15 (320 192 0 ) (320 64 0 ) (320 64 -128 ) (320 192 -128 ) 
4 15 (136 512 8 ) (320 512 8 ) (320 512 -128 ) (136 512 -128 ) 
4 15 (320 0 -128 ) (136 0 -128 ) (136 512 -128 ) (320 512 -128 ) 
4 16 (128 0 -120 ) (128 319.998993 8 ) (136 320 8 ) (136 0 -120 ) 
4 17 (0 0 0 ) (0 0 8 ) (0 320 8 ) (0 300 0 ) 
3 17 (0 0 -120 ) (0 0 0 ) (0 300 0 ) 
4 17 (8 0 -120 ) (0 0 -120 ) (0 300 0 ) (8 300 0 ) 
4 17 (0 320 8 ) (8 320 8 ) (8 300 0 ) (0 300 0 ) 
4 18 (8 512 0 ) (128 512 0 ) (128 328 0 ) (8 328 0 ) 
4 18 (0 328 0 ) (0 512 0 ) (8 512 0 ) (8 328 0 ) 
4 18 (0 328 0 ) (8 328 0 ) (8 328 8 ) (0 328 8 ) 
4 18 (0 512 0 ) (0 512 8 ) (128 512 8 ) (128 512 0 ) 
4 18 (128 328 8 ) (128 328 0 ) (128 512 0 ) (128 512 8 ) 
4 19 (8 320 0 ) (8 328 0 ) (128 328 0 ) (128 320 0 ) 
4 19 (128 328 8 ) (128 320 8 ) (128 300 0 ) (128 328 0 ) 
4 19 (8 328 8 ) (8 328 0 ) (8 300 0 ) (8 320 8 ) 
4 20 (8 0 -120 ) (8 300 0 ) (8 320 0 ) (8 0 -128 ) 
4 20 (128 320 0 ) (128 300 0 ) (128 0 -120 ) (128 0 -128 ) 
4 20 (8 0 -128 ) (8 319.998627 0 ) (128 319.998627 0 ) (128 0 -128 ) 
4 21 (280 -48 408 ) (280 -144 408 ) (280 -144 496 ) (280 -48 496 ) 
4 21 (832 0 496 ) (832 -384 496 ) (832 -384 408 ) (832 0 408 ) 
5 21 (280 -768 496 ) (448 -768 496 ) (832 -384 496 ) (832 0 496 ) (280 0 496 ) 
4 21 (280 -768 408 ) (448 -768 408 ) (448 -768 496 ) (280 -768 496 ) 
4 21 (448 -768 496 ) (448 -768 408 ) (832 -384 408 ) (832 -384 496 ) 
4 22 (280 -144 496 ) (280 -144 408 ) (232 -192 408 ) (232 -192 496 ) 
4 22 (232 -192 496 ) (232 -216 496 ) (280 -216 496 ) (280 -144 496 ) 
3 23 (280 -48 496 ) (280 0 496 ) (232 0 496 ) 
4 23 (232 0 496 ) (232 0 408 ) (280 -48 408 ) (280 -48 496 ) 
4 24 (88 -64 408 ) (88 -128 408 ) (88 -128 496 ) (88 -64 496 ) 
4 24 (128 -168 408 ) (192 -168 408 ) (192 -168 496 ) (128 -168 496 ) 
4 24 (192 -168 496 ) (192 -168 408 ) (232 -128 408 ) (232 -128 496 ) 
4 24 (88 -128 496 ) (88 -128 408 ) (128 -168 408 ) (128 -168 496 ) 
4 24 (232 -64 496 ) (232 -128 496 ) (232 -128 408 ) (232 -64 408 ) 
8 24 (192 -24 496 ) (128 -24 496 ) (88 -64 496 ) (88 -128 496 ) (128 -168 496 ) (192 -168 496 ) (232 -128 496 ) (232 -64 496 ) 
4 24 (128 -24 496 ) (192 -24 496 ) (192 -24 408 ) (128 -24 408 ) 
4 24 (128 -24 496 ) (128 -24 408 ) (88 -64 408 ) (88 -64 496 ) 
4 24 (232 -64 496 ) (232 -64 408 ) (192 -24 408 ) (192 -24 496 ) 
4 25 (232 -192 496 ) (232 -192 408 ) (208 -216 408 ) (208 -216 496 ) 
3 25 (208 -216 496 ) (232 -216 496 ) (232 -192 496 ) 
3 26 (88 -192 496 ) (88 -216 496 ) (112 -216 496 ) 
4 26 (112 -216 496 ) (112 -216 408 ) (88 -192 408 ) (88 -192 496 ) 
4 27 (40 -48 496 ) (40 -48 408 ) (88 0 408 ) (88 0 496 ) 
3 27 (40 -48 496 ) (88 0 496 ) (40 0 496 ) 
4 28 (40 -144 496 ) (40 -216 496 ) (88 -216 496 ) (88 -192 496 ) 
4 28 (88 -192 496 ) (88 -192 408 ) (40 -144 408 ) (40 -144 496 ) 
4 29 (112 -216 496 ) (208 -216 496 ) (208 -216 408 ) (112 -216 408 ) 
4 29 (40 -768 408 ) (280 -768 408 ) (280 -768 496 ) (40 -768 496 ) 
4 29 (40 -216 496 ) (40 -768 496 ) (280 -768 496 ) (280 -216 496 ) 
4 30 (40 -48 496 ) (40 -144 496 ) (40 -144 408 ) (40 -48 408 ) 
4 30 (40 -768 496 ) (40 0 496 ) (0 0 496 ) (0 -768 496 ) 
4 30 (0 -768 408 ) (40 -768 408 ) (40 -768 496 ) (0 -768 496 ) 
4 31 (768 -352 288 ) (768 -448 288 ) (512 -704 288 ) (416 -704 288 ) 
4 31 (0 -768 288 ) (0 -704 288 ) (512 -704 288 ) (448 -768 288 ) 
4 31 (768 0 288 ) (832 0 288 ) (832 -384 288 ) (768 -448 288 ) 
4 31 (832 0 408 ) (832 -384 408 ) (832 -384 288 ) (832 0 288 ) 
4 31 (232 -192 408 ) (280 -144 408 ) (280 -48 408 ) (232 0 408 ) 
4 31 (88 -24 408 ) (232 -24 408 ) (232 0 408 ) (88 0 408 ) 
3 31 (88 -128 408 ) (88 -168 408 ) (128 -168 408 ) 
3 31 (128 -24 408 ) (88 -24 408 ) (88 -64 408 ) 
3 31 (192 -168 408 ) (232 -168 408 ) (232 -128 408 ) 
3 31 (192 -24 408 ) (232 -64 408 ) (232 -24 408 ) 
6 31 (88 -168 408 ) (88 -192 408 ) (112 -216 408 ) (208 -216 408 ) (232 -192 408 ) (232 -168 408 ) 
4 31 (40 -48 408 ) (40 -144 408 ) (88 -192 408 ) (88 0 408 ) 
4 31 (0 -768 288 ) (448 -768 288 ) (448 -768 408 ) (0 -768 408 ) 
4 31 (448 -768 408 ) (448 -768 288 ) (832 -384 288 ) (832 -384 408 ) 
4 32 (0 -704 256 ) (416 -704 256 ) (416 -704 288 ) (0 -704 288 ) 
4 32 (768 0 288 ) (768 -352 288 ) (768 -352 256 ) (768 0 256 ) 
4 32 (416 -704 288 ) (416 -704 256 ) (768 -352 256 ) (768 -352 288 ) 
4 33 (152 -760 240 ) (168 -760 240 ) (168 -764 240 ) (152 -764 240 ) 
4 33 (168 -760 240 ) (184 -760 240 ) (184 -764 240 ) (168 -764 240 ) 
4 33 (184 -764 240 ) (184 -768 240 ) (152 -768 240 ) (152 -764 240 ) 
4 33 (136 -760 240 ) (152 -760 240 ) (152 -768 240 ) (136 -768 240 ) 
4 33 (832 -104 240 ) (832 -120 240 ) (824 -120 240 ) (824 -104 240 ) 
4 33 (828 -104 240 ) (824 -104 240 ) (824 -88 240 ) (828 -88 240 ) 
4 33 (832 -88 240 ) (832 -104 240 ) (828 -104 240 ) (828 -88 240 ) 
4 33 (832 -72 240 ) (832 -88 240 ) (824 -88 240 ) (824 -72 240 ) 
4 33 (832 0 256 ) (832 -384 256 ) (832 -384 240 ) (832 0 240 ) 
4 33 (768 -448 256 ) (832 -384 256 ) (832 0 256 ) (768 0 256 ) 
4 33 (448 -768 256 ) (512 -704 256 ) (0 -704 256 ) (0 -768 256 ) 
4 33 (416 -704 256 ) (512 -704 256 ) (768 -448 256 ) (768 -352 256 ) 
4 33 (0 -768 240 ) (448 -768 240 ) (448 -768 256 ) (0 -768 256 ) 
4 33 (448 -768 256 ) (448 -768 240 ) (832 -384 240 ) (832 -384 256 ) 
4 34 (832 0 240 ) (832 -72 240 ) (832 -72 64 ) (832 0 64 ) 
4 34 (824 -72 240 ) (824 -72 64 ) (832 -72 64 ) (832 -72 240 ) 
4 35 (824 -104 224 ) (824 -104 80 ) (828 -104 80 ) (828 -104 224 ) 
4 35 (828 -104 224 ) (828 -104 80 ) (828 -88 80 ) (828 -88 224 ) 
4 35 (828 -88 224 ) (828 -88 80 ) (824 -88 80 ) (824 -88 224 ) 
4 35 (828 -104 80 ) (824 -104 80 ) (824 -88 80 ) (828 -88 80 ) 
4 35 (824 -104 224 ) (828 -104 224 ) (828 -88 224 ) (824 -88 224 ) 
4 36 (832 -120 240 ) (832 -120 64 ) (824 -120 64 ) (824 -120 240 ) 
4 36 (832 -120 240 ) (832 -384 240 ) (832 -384 64 ) (832 -120 64 ) 
4 36 (824 -392 240 ) (824 -392 64 ) (832 -384 64 ) (832 -384 240 ) 
4 37 (824 0 8 ) (832 0 8 ) (832 -384 8 ) (824 -392 8 ) 
4 37 (832 0 64 ) (832 -384 64 ) (832 -384 8 ) (832 0 8 ) 
4 37 (832 -120 64 ) (832 -104 64 ) (824 -104 64 ) (824 -120 64 ) 
4 37 (832 -104 64 ) (832 -88 64 ) (824 -88 64 ) (824 -104 64 ) 
4 37 (832 -88 64 ) (832 -72 64 ) (824 -72 64 ) (824 -88 64 ) 
4 37 (832 -384 8 ) (832 -384 64 ) (824 -392 64 ) (824 -392 8 ) 
4 38 (0 -584 8 ) (0 -576 8 ) (8 -576 8 ) (8 -584 8 ) 
4 38 (136 -704 8 ) (128 -704 8 ) (128 -576 8 ) (136 -576 8 ) 
4 38 (768 -352 8 ) (768 -448 8 ) (512 -704 8 ) (416 -704 8 ) 
4 38 (768 0 8 ) (824 0 8 ) (824 -392 8 ) (768 -448 8 ) 
4 38 (0 -760 8 ) (0 -704 8 ) (512 -704 8 ) (456 -760 8 ) 
4 38 (152 -760 80 ) (152 -760 64 ) (168 -760 64 ) (168 -760 80 ) 
4 38 (168 -760 240 ) (152 -760 240 ) (152 -760 224 ) (168 -760 224 ) 
4 38 (184 -760 240 ) (168 -760 240 ) (168 -760 64 ) (184 -760 64 ) 
4 38 (152 -760 240 ) (136 -760 240 ) (136 -760 64 ) (152 -760 64 ) 
4 38 (824 -120 64 ) (824 -104 64 ) (824 -104 240 ) (824 -120 240 ) 
4 38 (824 -104 224 ) (824 -88 224 ) (824 -88 240 ) (824 -104 240 ) 
4 38 (824 -104 80 ) (824 -104 64 ) (824 -88 64 ) (824 -88 80 ) 
4 38 (824 -88 64 ) (824 -72 64 ) (824 -72 240 ) (824 -88 240 ) 
4 38 (456 -760 240 ) (456 -760 8 ) (824 -392 8 ) (824 -392 240 ) 
4 39 (184 -760 240 ) (184 -760 64 ) (184 -764 64 ) (184 -764 240 ) 
4 39 (184 -764 64 ) (184 -768 64 ) (184 -768 240 ) (184 -764 240 ) 
4 39 (448 -768 240 ) (184 -768 240 ) (184 -768 64 ) (448 -768 64 ) 
4 39 (448 -768 240 ) (448 -768 64 ) (456 -760 64 ) (456 -760 240 ) 
4 40 (152 -760 224 ) (152 -764 224 ) (168 -764 224 ) (168 -760 224 ) 
4 40 (152 -764 224 ) (152 -764 80 ) (168 -764 80 ) (168 -764 224 ) 
4 40 (152 -760 224 ) (152 -760 80 ) (152 -764 80 ) (152 -764 224 ) 
4 40 (168 -764 224 ) (168 -764 80 ) (168 -760 80 ) (168 -760 224 ) 
4 40 (168 -760 80 ) (168 -764 80 ) (152 -764 80 ) (152 -760 80 ) 
4 41 (136 -768 240 ) (136 -768 64 ) (136 -760 64 ) (136 -760 240 ) 
4 41 (136 -768 240 ) (0 -768 240 ) (0 -768 64 ) (136 -768 64 ) 
4 42 (0 -768 8 ) (0 -760 8 ) (456 -760 8 ) (448 -768 8 ) 
4 42 (0 -768 8 ) (448 -768 8 ) (448 -768 64 ) (0 -768 64 ) 
4 42 (152 -760 64 ) (136 -760 64 ) (136 -768 64 ) (152 -768 64 ) 
4 42 (184 -764 64 ) (152 -764 64 ) (152 -768 64 ) (184 -768 64 ) 
4 42 (168 -764 64 ) (184 -764 64 ) (184 -760 64 ) (168 -760 64 ) 
4 42 (168 -764 64 ) (168 -760 64 ) (152 -760 64 ) (152 -764 64 ) 
4 42 (456 -760 8 ) (456 -760 64 ) (448 -768 64 ) (448 -768 8 ) 
4 43 (128 -344 -128 ) (136 -344 -128 ) (136 -344 -112 ) (128 -344 -112 ) 
4 43 (768 0 8 ) (768 -344 8 ) (768 -344 -128 ) (768 0 -128 ) 
4 43 (128 0 -120 ) (136 0 -120 ) (136 0 -128 ) (128 0 -128 ) 
4 43 (8 0 -128 ) (768 0 -128 ) (768 -344 -128 ) (8 -344 -128 ) 
5 44 (136 -344 -112 ) (136 -344 -128 ) (136 -704 -128 ) (136 -704 8 ) (136 -576 8 ) 
5 44 (768 -344 -128 ) (768 -352 -128 ) (416 -704 -128 ) (136 -704 -128 ) (136 -344 -128 ) 
4 44 (136 -704 -128 ) (416 -704 -128 ) (416 -704 8 ) (136 -704 8 ) 
4 44 (768 -344 8 ) (768 -352 8 ) (768 -352 -128 ) (768 -344 -128 ) 
4 44 (416 -704 8 ) (416 -704 -128 ) (768 -352 -128 ) (768 -352 8 ) 
4 45 (128 -576 8 ) (128 -344 -112 ) (136 -344 -112 ) (136 -576 8 ) 
3 46 (8 -436.799988 -64 ) (8 -480 -64 ) (8 -480 -41.655167 ) 
4 46 (8 -480 -64 ) (8 -448 -64 ) (128 -448 -64 ) (128 -480 -64 ) 
4 46 (8 -480 -48 ) (8 -480 -64 ) (128 -480 -64 ) (128 -480 -48 ) 
3 46 (128 -480 -64 ) (128 -436.799988 -64 ) (128 -480 -41.655167 ) 
4 47 (8 -480 -41.655163 ) (8 -480 -48 ) (8 -512 -48 ) (8 -512 -25.103441 ) 
4 47 (8 -512 -32 ) (8 -512 -48 ) (128 -512 -48 ) (128 -512 -32 ) 
4 47 (128 -512 -48 ) (128 -480 -48 ) (128 -480 -41.655167 ) (128 -512 -25.103443 ) 
4 47 (128 -512 -48 ) (8 -512 -48 ) (8 -480 -48 ) (128 -480 -48 ) 
4 48 (8 -405.866638 -80 ) (8 -448 -80 ) (8 -448 -64 ) (8 -436.799988 -64 ) 
4 48 (8 -448 -80 ) (8 -416 -80 ) (128 -416 -80 ) (128 -448 -80 ) 
4 48 (128 -448 -64 ) (128 -448 -80 ) (128 -405.866638 -80 ) (128 -436.799988 -64 ) 
4 48 (8 -448 -80 ) (128 -448 -80 ) (128 -448 -64 ) (8 -448 -64 ) 
4 49 (8 -512 -25.103439 ) (8 -512 -32 ) (8 -544 -32 ) (8 -544 -8.551716 ) 
4 49 (8 -544 -16 ) (8 -544 -32 ) (128 -544 -32 ) (128 -544 -16 ) 
4 49 (128 -544 -32 ) (128 -512 -32 ) (128 -512 -25.103443 ) (128 -544 -8.551723 ) 
4 49 (128 -544 -32 ) (8 -544 -32 ) (8 -512 -32 ) (128 -512 -32 ) 
4 50 (8 -374.933319 -96 ) (8 -416 -96 ) (8 -416 -80 ) (8 -405.866638 -80 ) 
4 50 (8 -416 -96 ) (8 -384 -96 ) (128 -384 -96 ) (128 -416 -96 ) 
4 50 (128 -416 -80 ) (128 -416 -96 ) (128 -374.933319 -96 ) (128 -405.866638 -80 ) 
4 50 (8 -416 -96 ) (128 -416 -96 ) (128 -416 -80 ) (8 -416 -80 ) 
5 51 (8 -544 -8.551715 ) (8 -544 -16 ) (8 -576 -16 ) (8 -576 0 ) (8 -560.533325 0 ) 
3 51 (8 -576 8 ) (8 -560.533325 0 ) (8 -576 0 ) 
4 51 (8 -576 0 ) (8 -576 -16 ) (128 -576 -16 ) (128 -576 0 ) 
4 51 (128 -544 -16 ) (128 -544 -8.551723 ) (128 -576 8 ) (128 -576 -16 ) 
4 51 (128 -576 -16 ) (8 -576 -16 ) (8 -544 -16 ) (128 -544 -16 ) 
4 52 (8 -344 -112 ) (8 -384 -112 ) (8 -384 -96 ) (8 -374.933319 -96 ) 
4 52 (8 -384 -112 ) (8 -352 -112 ) (128 -352 -112 ) (128 -384 -112 ) 
4 52 (128 -374.933319 -96 ) (128 -384 -96 ) (128 -384 -112 ) (128 -344 -112 ) 
4 52 (8 -384 -112 ) (128 -384 -112 ) (128 -384 -96 ) (8 -384 -96 ) 
4 53 (8 -584 8 ) (8 -576 8 ) (8 -576 0 ) (8 -584 0 ) 
4 53 (128 -704 0 ) (128 -704 8 ) (8 -704 8 ) (8 -704 0 ) 
4 53 (128 -576 0 ) (128 -576 8 ) (128 -704 8 ) (128 -704 0 ) 
4 53 (8 -704 0 ) (8 -576 0 ) (128 -576 0 ) (128 -704 0 ) 
4 54 (8 -344 -128 ) (8 -352 -128 ) (8 -352 -112 ) (8 -344 -112 ) 
4 54 (128 -352 -112 ) (128 -352 -128 ) (128 -344 -128 ) (128 -344 -112 ) 
4 54 (8 -352 -128 ) (8 -344 -128 ) (128 -344 -128 ) (128 -352 -128 ) 
4 54 (128 -352 -128 ) (128 -352 -112 ) (8 -352 -112 ) (8 -352 -128 ) 
4 55 (0 -344 8 ) (0 0 8 ) (0 0 0 ) (0 -344 0 ) 
4 55 (0 0 0 ) (0 0 -128 ) (0 -344 -128 ) (0 -344 0 ) 
4 55 (0 -344 -128 ) (8 -344 -128 ) (8 -344 -112 ) (0 -344 -112 ) 
4 55 (0 -344 -128 ) (0 0 -128 ) (8 0 -128 ) (8 -344 -128 ) 
4 55 (8 0 -120 ) (8 0 -128 ) (0 0 -128 ) (0 0 -120 ) 
4 56 (0 -576 8 ) (0 -344 8 ) (0 -344 0 ) (0 -560.533325 0 ) 
4 56 (0 -560.532898 0 ) (8 -560.532898 0 ) (8 -576 8 ) (0 -576 8 ) 
3 57 (0 -344 0 ) (0 -344 -112 ) (0 -560.533325 0 ) 
4 57 (8 -560.532898 0 ) (0 -560.532898 0 ) (0 -344 -112 ) (8 -344 -112 ) 
4 58 (8 -704 0 ) (8 -704 8 ) (0 -704 8 ) (0 -704 0 ) 
4 58 (0 -584 0 ) (0 -584 8 ) (8 -584 8 ) (8 -584 0 ) 
4 58 (0 -584 0 ) (8 -584 0 ) (8 -704 0 ) (0 -704 0 ) 
4 59 (-448 160 288 ) (-448 256 288 ) (-192 512 288 ) (-96 512 288 ) 
4 59 (-448 0 288 ) (-512 0 288 ) (-512 192 288 ) (-448 256 288 ) 
4 59 (-192 512 288 ) (-128 576 288 ) (0 576 288 ) (0 512 288 ) 
4 59 (-128 576 496 ) (0 576 496 ) (0 576 288 ) (-128 576 288 ) 
5 59 (0 576 496 ) (-128 576 496 ) (-512 192 496 ) (-512 0 496 ) (0 0 496 ) 
4 59 (-512 192 288 ) (-512 0 288 ) (-512 0 496 ) (-512 192 496 ) 
4 59 (-128 576 496 ) (-128 576 288 ) (-512 192 288 ) (-512 192 496 ) 
4 60 (-448 160 256 ) (-448 0 256 ) (-448 0 288 ) (-448 160 288 ) 
4 60 (-96 512 288 ) (0 512 288 ) (0 512 256 ) (-96 512 256 ) 
4 60 (-96 512 288 ) (-96 512 256 ) (-448 160 256 ) (-448 160 288 ) 
4 61 (-448 160 8 ) (-448 256 8 ) (-192 512 8 ) (-96 512 8 ) 
4 61 (0 0 8 ) (-8 0 8 ) (-8 328 8 ) (0 328 8 ) 
4 61 (-192 512 8 ) (-128 576 8 ) (0 576 8 ) (0 512 8 ) 
4 61 (-448 0 8 ) (-512 0 8 ) (-512 192 8 ) (-448 256 8 ) 
4 61 (-512 192 8 ) (-512 0 8 ) (-512 0 256 ) (-512 192 256 ) 
4 61 (-192 512 256 ) (0 512 256 ) (0 576 256 ) (-128 576 256 ) 
4 61 (-448 256 256 ) (-512 192 256 ) (-512 0 256 ) (-448 0 256 ) 
4 61 (-96 512 256 ) (-192 512 256 ) (-448 256 256 ) (-448 160 256 ) 
4 61 (-128 576 256 ) (0 576 256 ) (0 576 8 ) (-128 576 8 ) 
4 61 (-128 576 256 ) (-128 576 8 ) (-512 192 8 ) (-512 192 256 ) 
4 62 (-8 512 8 ) (0 512 8 ) (0 512 0 ) (-8 512 0 ) 
4 62 (-8 328 0 ) (-8 512 0 ) (0 512 0 ) (0 328 0 ) 
4 62 (-8 328 8 ) (-8 328 0 ) (0 328 0 ) (0 328 8 ) 
4 63 (-96 512 8 ) (-8 512 8 ) (-8 512 0 ) (-96 512 0 ) 
4 63 (-448 0 0 ) (-448 0 8 ) (-448 160 8 ) (-448 160 0 ) 
5 63 (-8 0 0 ) (-448 0 0 ) (-448 160 0 ) (-96 512 0 ) (-8 512 0 ) 
4 63 (-8 328 8 ) (-8 0 8 ) (-8 0 0 ) (-8 328 0 ) 
4 63 (-96 512 8 ) (-96 512 0 ) (-448 160 0 ) (-448 160 8 ) 
4 64 (-96 -704 288 ) (-192 -704 288 ) (-448 -448 288 ) (-448 -352 288 ) 
4 64 (-512 0 288 ) (-448 0 288 ) (-448 -448 288 ) (-512 -384 288 ) 
4 64 (0 -704 288 ) (0 -768 288 ) (-128 -768 288 ) (-192 -704 288 ) 
4 64 (-128 -768 288 ) (0 -768 288 ) (0 -768 496 ) (-128 -768 496 ) 
5 64 (-512 -384 496 ) (-128 -768 496 ) (0 -768 496 ) (0 0 496 ) (-512 0 496 ) 
4 64 (-512 0 288 ) (-512 -384 288 ) (-512 -384 496 ) (-512 0 496 ) 
4 64 (-512 -384 496 ) (-512 -384 288 ) (-128 -768 288 ) (-128 -768 496 ) 
4 65 (-448 0 256 ) (-448 -352 256 ) (-448 -352 288 ) (-448 0 288 ) 
4 65 (-96 -704 256 ) (0 -704 256 ) (0 -704 288 ) (-96 -704 288 ) 
4 65 (-448 -352 288 ) (-448 -352 256 ) (-96 -704 256 ) (-96 -704 288 ) 
4 66 (-96 -704 8 ) (-192 -704 8 ) (-448 -448 8 ) (-448 -352 8 ) 
4 66 (-8 0 8 ) (0 0 8 ) (0 -584 8 ) (-8 -584 8 ) 
4 66 (0 -704 8 ) (0 -768 8 ) (-128 -768 8 ) (-192 -704 8 ) 
4 66 (-504 0 8 ) (-448 0 8 ) (-448 -448 8 ) (-504 -392 8 ) 
4 66 (-504 -88 64 ) (-504 -104 64 ) (-504 -104 80 ) (-504 -88 80 ) 
4 66 (-504 -72 224 ) (-504 -72 64 ) (-504 -88 64 ) (-504 -88 224 ) 
4 66 (-504 -104 240 ) (-504 -72 240 ) (-504 -72 224 ) (-504 -104 224 ) 
4 66 (-504 -120 240 ) (-504 -104 240 ) (-504 -104 64 ) (-504 -120 64 ) 
4 66 (-128 -768 8 ) (0 -768 8 ) (0 -768 256 ) (-128 -768 256 ) 
4 66 (-128 -768 256 ) (0 -768 256 ) (0 -704 256 ) (-192 -704 256 ) 
4 66 (-504 -392 256 ) (-448 -448 256 ) (-448 0 256 ) (-504 0 256 ) 
4 66 (-448 -352 256 ) (-448 -448 256 ) (-192 -704 256 ) (-96 -704 256 ) 
4 66 (-504 -392 256 ) (-504 -392 8 ) (-128 -768 8 ) (-128 -768 256 ) 
4 67 (-508 -72 240 ) (-504 -72 240 ) (-504 -104 240 ) (-508 -104 240 ) 
4 67 (-504 -104 240 ) (-504 -120 240 ) (-508 -120 240 ) (-508 -104 240 ) 
4 67 (-512 -120 240 ) (-512 -72 240 ) (-508 -72 240 ) (-508 -120 240 ) 
4 67 (-512 -384 256 ) (-504 -392 256 ) (-504 0 256 ) (-512 0 256 ) 
4 67 (-512 -384 256 ) (-512 0 256 ) (-512 0 240 ) (-512 -384 240 ) 
4 67 (-512 -384 256 ) (-512 -384 240 ) (-504 -392 240 ) (-504 -392 256 ) 
4 68 (-508 -72 64 ) (-504 -72 64 ) (-504 -72 224 ) (-508 -72 224 ) 
4 68 (-504 -72 224 ) (-504 -72 240 ) (-508 -72 240 ) (-508 -72 224 ) 
4 68 (-512 -72 64 ) (-508 -72 64 ) (-508 -72 240 ) (-512 -72 240 ) 
4 68 (-512 -72 240 ) (-512 0 240 ) (-512 0 64 ) (-512 -72 64 ) 
4 69 (-504 -88 80 ) (-508 -88 80 ) (-508 -88 224 ) (-504 -88 224 ) 
4 69 (-508 -104 224 ) (-508 -104 80 ) (-504 -104 80 ) (-504 -104 224 ) 
4 69 (-508 -104 80 ) (-508 -104 224 ) (-508 -88 224 ) (-508 -88 80 ) 
4 69 (-504 -88 224 ) (-508 -88 224 ) (-508 -104 224 ) (-504 -104 224 ) 
4 69 (-504 -104 80 ) (-508 -104 80 ) (-508 -88 80 ) (-504 -88 80 ) 
4 70 (-512 -384 240 ) (-512 -120 240 ) (-512 -120 64 ) (-512 -384 64 ) 
4 70 (-512 -120 240 ) (-508 -120 240 ) (-508 -120 64 ) (-512 -120 64 ) 
4 70 (-508 -120 240 ) (-504 -120 240 ) (-504 -120 64 ) (-508 -120 64 ) 
4 70 (-512 -384 64 ) (-504 -392 64 ) (-504 -392 240 ) (-512 -384 240 ) 
4 71 (-512 0 8 ) (-504 0 8 ) (-504 -392 8 ) (-512 -384 8 ) 
4 71 (-512 0 8 ) (-512 -384 8 ) (-512 -384 64 ) (-512 0 64 ) 
4 71 (-508 -120 64 ) (-508 -72 64 ) (-512 -72 64 ) (-512 -120 64 ) 
4 71 (-508 -104 64 ) (-508 -120 64 ) (-504 -120 64 ) (-504 -104 64 ) 
4 71 (-508 -88 64 ) (-504 -88 64 ) (-504 -72 64 ) (-508 -72 64 ) 
4 71 (-508 -88 64 ) (-508 -104 64 ) (-504 -104 64 ) (-504 -88 64 ) 
4 71 (-504 -392 8 ) (-504 -392 64 ) (-512 -384 64 ) (-512 -384 8 ) 
4 72 (-8 -704 0 ) (0 -704 0 ) (0 -704 8 ) (-8 -704 8 ) 
4 72 (0 -704 0 ) (-8 -704 0 ) (-8 -584 0 ) (0 -584 0 ) 
4 72 (0 -584 8 ) (0 -584 0 ) (-8 -584 0 ) (-8 -584 8 ) 
4 73 (-96 -704 0 ) (-8 -704 0 ) (-8 -704 8 ) (-96 -704 8 ) 
4 73 (-448 -352 8 ) (-448 0 8 ) (-448 0 0 ) (-448 -352 0 ) 
5 73 (-8 -704 0 ) (-96 -704 0 ) (-448 -352 0 ) (-448 0 0 ) (-8 0 0 ) 
4 73 (-8 0 8 ) (-8 -584 8 ) (-8 -584 0 ) (-8 0 0 ) 
4 73 (-448 -352 8 ) (-448 -352 0 ) (-96 -704 0 ) (-96 -704 8 ) 
