PRT1
31
67
145
4 0 9 0 (224 0 0 ) (640 0 0 ) (640 0 256 ) (224 0 256 ) 
4 0 1 0 (224 192 0 ) (224 64 0 ) (224 96 128 ) (224 160 128 ) 
4 1 2 0 (212 64 0 ) (212 96 128 ) (212 160 128 ) (212 192 0 ) 
4 2 3 0 (204 192 0 ) (204 64 0 ) (204 96 128 ) (204 160 128 ) 
4 3 8 0 (192 192 0 ) (192 64 0 ) (192 96 128 ) (192 160 128 ) 
4 4 17 0 (0 0 192 ) (0 0 256 ) (0 512 256 ) (0 512 192 ) 
4 4 13 0 (0 0 256 ) (0 0 192 ) (80 0 192 ) (80 0 256 ) 
4 4 10 0 (80 0 192 ) (192 0 192 ) (192 0 256 ) (80 0 256 ) 
4 4 5 0 (192 512 192 ) (192 496 192 ) (80 496 192 ) (80 512 192 ) 
4 4 6 0 (48 496 192 ) (16 496 192 ) (16 512 192 ) (48 512 192 ) 
4 4 8 0 (192 496 192 ) (192 0 192 ) (0 0 192 ) (0 496 192 ) 
4 5 7 0 (192 496 64 ) (80 496 64 ) (80 512 64 ) (192 512 64 ) 
4 5 8 0 (192 496 64 ) (192 496 192 ) (80 496 192 ) (80 496 64 ) 
4 6 7 0 (48 496 64 ) (16 496 64 ) (16 512 64 ) (48 512 64 ) 
4 6 8 0 (48 496 192 ) (16 496 192 ) (16 496 64 ) (48 496 64 ) 
4 7 22 0 (0 512 0 ) (0 496 0 ) (0 496 64 ) (0 512 64 ) 
4 7 8 0 (0 496 0 ) (192 496 0 ) (192 496 64 ) (0 496 64 ) 
4 8 23 0 (0 0 0 ) (0 0 192 ) (0 496 192 ) (0 496 0 ) 
4 8 13 0 (0 0 192 ) (0 0 0 ) (80 0 0 ) (80 0 192 ) 
4 8 12 0 (80 0 0 ) (176 0 0 ) (176 0 128 ) (80 0 128 ) 
4 8 10 0 (192 0 128 ) (192 0 192 ) (80 0 192 ) (80 0 128 ) 
4 10 14 0 (80 -256 192 ) (80 -256 256 ) (80 -240 256 ) (80 -240 192 ) 
4 10 13 0 (80 -240 256 ) (80 0 256 ) (80 0 128 ) (80 -240 128 ) 
4 10 11 0 (192 -64 128 ) (192 -256 128 ) (176 -256 128 ) (176 -64 128 ) 
4 10 12 0 (80 -256 128 ) (80 0 128 ) (176 0 128 ) (176 -256 128 ) 
4 11 12 0 (176 -64 0 ) (176 -256 0 ) (176 -256 128 ) (176 -64 128 ) 
4 12 16 0 (80 -240 0 ) (80 -256 0 ) (80 -256 64 ) (80 -240 64 ) 
4 12 13 0 (80 0 0 ) (80 -240 0 ) (80 -240 128 ) (80 0 128 ) 
4 13 25 0 (0 0 192 ) (0 0 0 ) (0 -240 0 ) (0 -240 192 ) 
4 13 24 0 (0 -240 256 ) (0 0 256 ) (0 0 192 ) (0 -240 192 ) 
4 13 15 0 (48 -240 192 ) (16 -240 192 ) (16 -240 64 ) (48 -240 64 ) 
4 13 16 0 (0 -240 0 ) (80 -240 0 ) (80 -240 64 ) (0 -240 64 ) 
4 13 14 0 (80 -240 192 ) (80 -240 256 ) (0 -240 256 ) (0 -240 192 ) 
4 14 24 0 (0 -256 256 ) (0 -240 256 ) (0 -240 192 ) (0 -256 192 ) 
4 14 15 0 (16 -240 192 ) (48 -240 192 ) (48 -256 192 ) (16 -256 192 ) 
4 15 16 0 (16 -240 64 ) (48 -240 64 ) (48 -256 64 ) (16 -256 64 ) 
4 16 30 0 (0 -240 64 ) (0 -240 0 ) (0 -256 0 ) (0 -256 64 ) 
4 17 24 0 (-256 0 192 ) (0 0 192 ) (0 0 256 ) (-256 0 256 ) 
4 17 23 0 (0 0 192 ) (-256 0 192 ) (-256 496 192 ) (0 496 192 ) 
4 17 21 0 (-256 496 192 ) (-256 512 192 ) (-208 512 192 ) (-208 496 192 ) 
4 17 20 0 (-176 512 192 ) (-144 512 192 ) (-144 496 192 ) (-176 496 192 ) 
4 17 19 0 (-112 512 192 ) (-80 512 192 ) (-80 496 192 ) (-112 496 192 ) 
4 17 18 0 (-48 512 192 ) (-16 512 192 ) (-16 496 192 ) (-48 496 192 ) 
4 18 23 0 (-16 496 192 ) (-48 496 192 ) (-48 496 64 ) (-16 496 64 ) 
4 18 22 0 (-16 496 64 ) (-48 496 64 ) (-48 512 64 ) (-16 512 64 ) 
4 19 23 0 (-80 496 192 ) (-112 496 192 ) (-112 496 64 ) (-80 496 64 ) 
4 19 22 0 (-80 496 64 ) (-112 496 64 ) (-112 512 64 ) (-80 512 64 ) 
4 20 23 0 (-144 496 192 ) (-176 496 192 ) (-176 496 64 ) (-144 496 64 ) 
4 20 22 0 (-144 496 64 ) (-176 496 64 ) (-176 512 64 ) (-144 512 64 ) 
4 21 23 0 (-208 496 192 ) (-256 496 192 ) (-256 496 64 ) (-208 496 64 ) 
4 21 22 0 (-208 496 64 ) (-256 496 64 ) (-256 512 64 ) (-208 512 64 ) 
4 22 23 0 (0 496 0 ) (0 496 64 ) (-256 496 64 ) (-256 496 0 ) 
4 23 25 0 (-256 0 0 ) (0 0 0 ) (0 0 192 ) (-256 0 192 ) 
4 24 27 0 (-80 -256 192 ) (-112 -256 192 ) (-112 -240 192 ) (-80 -240 192 ) 
4 24 28 0 (-144 -256 192 ) (-176 -256 192 ) (-176 -240 192 ) (-144 -240 192 ) 
4 24 26 0 (-16 -256 192 ) (-48 -256 192 ) (-48 -240 192 ) (-16 -240 192 ) 
4 24 29 0 (-208 -256 192 ) (-256 -256 192 ) (-256 -240 192 ) (-208 -240 192 ) 
4 24 25 0 (-256 0 192 ) (0 0 192 ) (0 -240 192 ) (-256 -240 192 ) 
4 25 30 0 (0 -240 0 ) (0 -240 64 ) (-256 -240 64 ) (-256 -240 0 ) 
4 25 27 0 (-80 -240 192 ) (-112 -240 192 ) (-112 -240 64 ) (-80 -240 64 ) 
4 25 28 0 (-144 -240 192 ) (-176 -240 192 ) (-176 -240 64 ) (-144 -240 64 ) 
4 25 26 0 (-16 -240 192 ) (-48 -240 192 ) (-48 -240 64 ) (-16 -240 64 ) 
4 25 29 0 (-208 -240 192 ) (-256 -240 192 ) (-256 -240 64 ) (-208 -240 64 ) 
4 26 30 0 (-48 -240 64 ) (-16 -240 64 ) (-16 -256 64 ) (-48 -256 64 ) 
4 27 30 0 (-112 -240 64 ) (-80 -240 64 ) (-80 -256 64 ) (-112 -256 64 ) 
4 28 30 0 (-176 -240 64 ) (-144 -240 64 ) (-144 -256 64 ) (-176 -256 64 ) 
4 29 30 0 (-256 -240 64 ) (-208 -240 64 ) (-208 -256 64 ) (-256 -256 64 ) 
4 0 (224 512 0 ) (224 192 0 ) (224 160 128 ) (224 512 128 ) 
3 0 (224 64 0 ) (224 64 128 ) (224 96 128 ) 
4 0 (224 64 128 ) (224 64 256 ) (224 512 256 ) (224 512 128 ) 
4 0 (224 64 0 ) (224 0 0 ) (224 0 256 ) (224 64 256 ) 
4 0 (640 512 256 ) (224 512 256 ) (224 0 256 ) (640 0 256 ) 
4 0 (640 0 0 ) (224 0 0 ) (224 512 0 ) (640 512 0 ) 
4 0 (640 512 256 ) (640 512 0 ) (224 512 0 ) (224 512 256 ) 
4 0 (640 0 0 ) (640 512 0 ) (640 512 256 ) (640 0 256 ) 
4 1 (224 96 128 ) (212 96 128 ) (212 64 0 ) (224 64 0 ) 
4 1 (224 192 0 ) (224 64 0 ) (212 64 0 ) (212 192 0 ) 
4 1 (224 96 128 ) (224 160 128 ) (212 160 128 ) (212 96 128 ) 
4 1 (212 192 0 ) (212 160 128 ) (224 160 128 ) (224 192 0 ) 
3 2 (204 192 128 ) (204 192 0 ) (204 160 128 ) 
3 2 (204 64 0 ) (204 64 128 ) (204 96 128 ) 
4 2 (212 192 128 ) (212 192 0 ) (204 192 0 ) (204 192 128 ) 
3 2 (212 192 0 ) (212 192 128 ) (212 160 128 ) 
3 2 (212 96 128 ) (212 64 128 ) (212 64 0 ) 
4 2 (204 64 128 ) (204 64 0 ) (212 64 0 ) (212 64 128 ) 
4 2 (204 64 0 ) (204 192 0 ) (212 192 0 ) (212 64 0 ) 
4 2 (204 64 128 ) (212 64 128 ) (212 192 128 ) (204 192 128 ) 
4 3 (204 64 0 ) (204 96 128 ) (192 96 128 ) (192 64 0 ) 
4 3 (192 64 0 ) (192 192 0 ) (204 192 0 ) (204 64 0 ) 
4 3 (204 96 128 ) (204 160 128 ) (192 160 128 ) (192 96 128 ) 
4 3 (192 160 128 ) (204 160 128 ) (204 192 0 ) (192 192 0 ) 
4 4 (80 496 192 ) (48 496 192 ) (48 512 192 ) (80 512 192 ) 
4 4 (16 496 192 ) (0 496 192 ) (0 512 192 ) (16 512 192 ) 
4 4 (192 512 256 ) (192 512 192 ) (0 512 192 ) (0 512 256 ) 
4 4 (192 512 192 ) (192 512 256 ) (192 0 256 ) (192 0 192 ) 
4 4 (0 0 256 ) (192 0 256 ) (192 512 256 ) (0 512 256 ) 
4 5 (80 512 192 ) (192 512 192 ) (192 512 64 ) (80 512 64 ) 
4 5 (192 496 128 ) (192 512 128 ) (192 512 192 ) (192 496 192 ) 
4 5 (192 512 64 ) (192 512 128 ) (192 496 128 ) (192 496 64 ) 
4 5 (80 512 192 ) (80 512 64 ) (80 496 64 ) (80 496 192 ) 
4 6 (48 496 192 ) (48 496 64 ) (48 512 64 ) (48 512 192 ) 
4 6 (16 512 192 ) (16 512 64 ) (16 496 64 ) (16 496 192 ) 
4 6 (16 512 192 ) (48 512 192 ) (48 512 64 ) (16 512 64 ) 
4 7 (192 512 64 ) (192 496 64 ) (192 496 0 ) (192 512 0 ) 
4 7 (0 496 0 ) (0 512 0 ) (192 512 0 ) (192 496 0 ) 
4 7 (16 512 64 ) (0 512 64 ) (0 496 64 ) (16 496 64 ) 
4 7 (80 512 64 ) (48 512 64 ) (48 496 64 ) (80 496 64 ) 
4 7 (0 512 64 ) (192 512 64 ) (192 512 0 ) (0 512 0 ) 
4 8 (176 0 0 ) (192 0 0 ) (192 0 128 ) (176 0 128 ) 
4 8 (80 496 64 ) (48 496 64 ) (48 496 192 ) (80 496 192 ) 
4 8 (16 496 64 ) (0 496 64 ) (0 496 192 ) (16 496 192 ) 
4 8 (192 496 128 ) (192 160 128 ) (192 192 0 ) (192 496 0 ) 
4 8 (192 96 128 ) (192 0 128 ) (192 0 0 ) (192 64 0 ) 
4 8 (192 496 128 ) (192 496 192 ) (192 0 192 ) (192 0 128 ) 
4 8 (192 0 0 ) (0 0 0 ) (0 496 0 ) (192 496 0 ) 
4 9 (224 -256 0 ) (640 -256 0 ) (640 -256 256 ) (224 -256 256 ) 
4 9 (640 -256 256 ) (640 -256 0 ) (640 0 0 ) (640 0 256 ) 
4 9 (224 0 0 ) (640 0 0 ) (640 -256 0 ) (224 -256 0 ) 
4 9 (224 -256 256 ) (640 -256 256 ) (640 0 256 ) (224 0 256 ) 
4 9 (224 0 0 ) (224 -256 0 ) (224 -256 256 ) (224 0 256 ) 
4 10 (80 -256 128 ) (80 -256 192 ) (80 -240 192 ) (80 -240 128 ) 
4 10 (176 0 128 ) (192 0 128 ) (192 -64 128 ) (176 -64 128 ) 
4 10 (192 -256 128 ) (192 -256 256 ) (80 -256 256 ) (80 -256 128 ) 
4 10 (80 -256 256 ) (192 -256 256 ) (192 0 256 ) (80 0 256 ) 
4 10 (192 0 128 ) (192 0 256 ) (192 -256 256 ) (192 -256 128 ) 
4 11 (176 -256 0 ) (192 -256 0 ) (192 -256 128 ) (176 -256 128 ) 
4 11 (192 -64 0 ) (192 -256 0 ) (176 -256 0 ) (176 -64 0 ) 
4 11 (192 -64 128 ) (192 -256 128 ) (192 -256 0 ) (192 -64 0 ) 
4 11 (192 -64 128 ) (192 -64 0 ) (176 -64 0 ) (176 -64 128 ) 
4 12 (80 -256 64 ) (80 -256 128 ) (80 -240 128 ) (80 -240 64 ) 
4 12 (176 0 128 ) (176 -64 128 ) (176 -64 0 ) (176 0 0 ) 
4 12 (80 0 0 ) (176 0 0 ) (176 -256 0 ) (80 -256 0 ) 
4 12 (80 -256 0 ) (176 -256 0 ) (176 -256 128 ) (80 -256 128 ) 
4 13 (16 -240 192 ) (0 -240 192 ) (0 -240 64 ) (16 -240 64 ) 
4 13 (80 -240 64 ) (80 -240 192 ) (48 -240 192 ) (48 -240 64 ) 
4 13 (80 -240 256 ) (80 0 256 ) (0 0 256 ) (0 -240 256 ) 
4 13 (0 -240 0 ) (0 0 0 ) (80 0 0 ) (80 -240 0 ) 
4 14 (0 -240 192 ) (16 -240 192 ) (16 -256 192 ) (0 -256 192 ) 
4 14 (48 -240 192 ) (80 -240 192 ) (80 -256 192 ) (48 -256 192 ) 
4 14 (80 -256 192 ) (80 -256 256 ) (0 -256 256 ) (0 -256 192 ) 
4 14 (80 -256 256 ) (80 -240 256 ) (0 -240 256 ) (0 -256 256 ) 
4 15 (48 -240 192 ) (48 -256 192 ) (48 -256 64 ) (48 -240 64 ) 
4 15 (48 -256 192 ) (16 -256 192 ) (16 -256 64 ) (48 -256 64 ) 
4 15 (16 -240 64 ) (16 -256 64 ) (16 -256 192 ) (16 -240 192 ) 
4 16 (0 -256 64 ) (16 -256 64 ) (16 -240 64 ) (0 -240 64 ) 
4 16 (48 -256 64 ) (80 -256 64 ) (80 -240 64 ) (48 -240 64 ) 
4 16 (0 -256 0 ) (0 -240 0 ) (80 -240 0 ) (80 -256 0 ) 
4 16 (0 -256 0 ) (80 -256 0 ) (80 -256 64 ) (0 -256 64 ) 
4 17 (-208 512 192 ) (-176 512 192 ) (-176 496 192 ) (-208 496 192 ) 
4 17 (-144 512 192 ) (-112 512 192 ) (-112 496 192 ) (-144 496 192 ) 
4 17 (-80 512 192 ) (-48 512 192 ) (-48 496 192 ) (-80 496 192 ) 
4 17 (-16 512 192 ) (0 512 192 ) (0 496 192 ) (-16 496 192 ) 
4 17 (0 512 256 ) (-256 512 256 ) (-256 0 256 ) (0 0 256 ) 
4 17 (-256 512 256 ) (0 512 256 ) (0 512 192 ) (-256 512 192 ) 
4 17 (-256 0 256 ) (-256 512 256 ) (-256 512 192 ) (-256 0 192 ) 
4 18 (-16 496 192 ) (-16 496 64 ) (-16 512 64 ) (-16 512 192 ) 
4 18 (-48 512 192 ) (-16 512 192 ) (-16 512 64 ) (-48 512 64 ) 
4 18 (-48 512 192 ) (-48 512 64 ) (-48 496 64 ) (-48 496 192 ) 
4 19 (-112 512 192 ) (-112 512 64 ) (-112 496 64 ) (-112 496 192 ) 
4 19 (-112 512 192 ) (-80 512 192 ) (-80 512 64 ) (-112 512 64 ) 
4 19 (-80 496 192 ) (-80 496 64 ) (-80 512 64 ) (-80 512 192 ) 
4 20 (-176 512 192 ) (-176 512 64 ) (-176 496 64 ) (-176 496 192 ) 
4 20 (-176 512 192 ) (-144 512 192 ) (-144 512 64 ) (-176 512 64 ) 
4 20 (-144 496 192 ) (-144 496 64 ) (-144 512 64 ) (-144 512 192 ) 
4 21 (-256 512 192 ) (-256 512 64 ) (-256 496 64 ) (-256 496 192 ) 
4 21 (-256 512 192 ) (-208 512 192 ) (-208 512 64 ) (-256 512 64 ) 
4 21 (-208 496 192 ) (-208 496 64 ) (-208 512 64 ) (-208 512 192 ) 
4 22 (0 496 0 ) (-256 496 0 ) (-256 512 0 ) (0 512 0 ) 
4 22 (0 512 64 ) (-16 512 64 ) (-16 496 64 ) (0 496 64 ) 
4 22 (-48 512 64 ) (-80 512 64 ) (-80 496 64 ) (-48 496 64 ) 
4 22 (-112 512 64 ) (-144 512 64 ) (-144 496 64 ) (-112 496 64 ) 
4 22 (-176 512 64 ) (-208 512 64 ) (-208 496 64 ) (-176 496 64 ) 
4 22 (-256 512 0 ) (-256 512 64 ) (0 512 64 ) (0 512 0 ) 
4 22 (-256 512 64 ) (-256 512 0 ) (-256 496 0 ) (-256 496 64 ) 
4 23 (0 0 0 ) (-256 0 0 ) (-256 496 0 ) (0 496 0 ) 
4 23 (-176 496 64 ) (-208 496 64 ) (-208 496 192 ) (-176 496 192 ) 
4 23 (-112 496 64 ) (-144 496 64 ) (-144 496 192 ) (-112 496 192 ) 
4 23 (-48 496 64 ) (-80 496 64 ) (-80 496 192 ) (-48 496 192 ) 
4 23 (-16 496 64 ) (-16 496 192 ) (0 496 192 ) (0 496 64 ) 
4 23 (-256 496 192 ) (-256 496 0 ) (-256 0 0 ) (-256 0 192 ) 
4 24 (-112 -256 192 ) (-144 -256 192 ) (-144 -240 192 ) (-112 -240 192 ) 
4 24 (-48 -256 192 ) (-80 -256 192 ) (-80 -240 192 ) (-48 -240 192 ) 
4 24 (-176 -256 192 ) (-208 -256 192 ) (-208 -240 192 ) (-176 -240 192 ) 
4 24 (0 -240 192 ) (0 -256 192 ) (-16 -256 192 ) (-16 -240 192 ) 
4 24 (0 -256 256 ) (0 0 256 ) (-256 0 256 ) (-256 -256 256 ) 
4 24 (-256 0 256 ) (-256 0 192 ) (-256 -256 192 ) (-256 -256 256 ) 
4 24 (0 -256 256 ) (-256 -256 256 ) (-256 -256 192 ) (0 -256 192 ) 
4 25 (-112 -240 192 ) (-144 -240 192 ) (-144 -240 64 ) (-112 -240 64 ) 
4 25 (-48 -240 192 ) (-80 -240 192 ) (-80 -240 64 ) (-48 -240 64 ) 
4 25 (-176 -240 192 ) (-208 -240 192 ) (-208 -240 64 ) (-176 -240 64 ) 
4 25 (0 -240 64 ) (0 -240 192 ) (-16 -240 192 ) (-16 -240 64 ) 
4 25 (0 -240 0 ) (-256 -240 0 ) (-256 0 0 ) (0 0 0 ) 
4 25 (-256 0 0 ) (-256 -240 0 ) (-256 -240 192 ) (-256 0 192 ) 
4 26 (-48 -240 192 ) (-48 -240 64 ) (-48 -256 64 ) (-48 -256 192 ) 
4 26 (-48 -256 64 ) (-16 -256 64 ) (-16 -256 192 ) (-48 -256 192 ) 
4 26 (-16 -256 192 ) (-16 -256 64 ) (-16 -240 64 ) (-16 -240 192 ) 
4 27 (-112 -256 64 ) (-80 -256 64 ) (-80 -256 192 ) (-112 -256 192 ) 
4 27 (-80 -256 192 ) (-80 -256 64 ) (-80 -240 64 ) (-80 -240 192 ) 
4 27 (-112 -240 192 ) (-112 -240 64 ) (-112 -256 64 ) (-112 -256 192 ) 
4 28 (-144 -256 192 ) (-144 -256 64 ) (-144 -240 64 ) (-144 -240 192 ) 
4 28 (-176 -256 64 ) (-144 -256 64 ) (-144 -256 192 ) (-176 -256 192 ) 
4 28 (-176 -240 192 ) (-176 -240 64 ) (-176 -256 64 ) (-176 -256 192 ) 
4 29 (-208 -256 192 ) (-208 -256 64 ) (-208 -240 64 ) (-208 -240 192 ) 
4 29 (-256 -256 192 ) (-256 -256 64 ) (-208 -256 64 ) (-208 -256 192 ) 
4 29 (-256 -240 192 ) (-256 -240 64 ) (-256 -256 64 ) (-256 -256 192 ) 
4 30 (-256 -256 0 ) (-256 -240 0 ) (0 -240 0 ) (0 -256 0 ) 
4 30 (-16 -256 64 ) (0 -256 64 ) (0 -240 64 ) (-16 -240 64 ) 
4 30 (-208 -256 64 ) (-176 -256 64 ) (-176 -240 64 ) (-208 -240 64 ) 
4 30 (-80 -256 64 ) (-48 -256 64 ) (-48 -240 64 ) (-80 -240 64 ) 
4 30 (-144 -256 64 ) (-112 -256 64 ) (-112 -240 64 ) (-144 -240 64 ) 
4 30 (-256 -256 64 ) (-256 -240 64 ) (-256 -240 0 ) (-256 -256 0 ) 
4 30 (-256 -256 64 ) (-256 -256 0 ) (0 -256 0 ) (0 -256 64 ) 
