PRT1
27
54
105
4 0 4 0 (128 0 304 ) (192 0 304 ) (192 0 320 ) (128 0 320 ) 
4 0 3 0 (128 192 304 ) (192 192 304 ) (192 0 304 ) (128 0 304 ) 
4 0 1 0 (128 192 320 ) (128 192 304 ) (128 128 304 ) (128 128 320 ) 
4 1 13 0 (0 192 320 ) (0 192 304 ) (0 128 304 ) (0 128 320 ) 
4 1 3 0 (0 192 304 ) (128 192 304 ) (128 128 304 ) (0 128 304 ) 
4 2 14 0 (0 0 304 ) (0 0 352 ) (0 96 352 ) (0 96 304 ) 
4 2 5 0 (0 0 352 ) (0 0 304 ) (96 0 304 ) (96 0 352 ) 
4 2 3 0 (96 0 304 ) (0 0 304 ) (0 96 304 ) (96 96 304 ) 
4 3 16 0 (0 0 0 ) (0 0 304 ) (0 192 304 ) (0 192 0 ) 
4 3 8 0 (0 0 96 ) (0 0 0 ) (192 0 0 ) (192 0 96 ) 
4 3 7 0 (0 0 304 ) (0 0 96 ) (192 0 96 ) (192 0 304 ) 
4 4 7 0 (128 0 304 ) (192 0 304 ) (192 -448 304 ) (128 -448 304 ) 
4 4 6 0 (128 -448 304 ) (192 -448 304 ) (192 -448 320 ) (128 -448 320 ) 
4 5 18 0 (0 0 320 ) (0 0 304 ) (0 -416 304 ) (0 -416 320 ) 
4 5 17 0 (0 -416 352 ) (0 0 352 ) (0 0 320 ) (0 -416 320 ) 
4 5 7 0 (0 -416 304 ) (0 0 304 ) (96 0 304 ) (96 -416 304 ) 
4 6 19 0 (0 -512 304 ) (0 -512 320 ) (0 -448 320 ) (0 -448 304 ) 
4 6 7 0 (192 -512 304 ) (0 -512 304 ) (0 -448 304 ) (192 -448 304 ) 
4 7 24 0 (0 -512 96 ) (0 -512 128 ) (0 0 128 ) (0 0 96 ) 
4 7 22 0 (0 -512 128 ) (0 -512 304 ) (0 0 304 ) (0 0 128 ) 
4 7 11 0 (0 -512 128 ) (0 -512 96 ) (64 -512 96 ) (64 -512 128 ) 
4 7 10 0 (64 -512 96 ) (0 -512 96 ) (0 -256 96 ) (64 -256 96 ) 
4 7 9 0 (192 -512 96 ) (64 -512 96 ) (64 -64 96 ) (192 -64 96 ) 
4 7 8 0 (0 -64 96 ) (0 0 96 ) (192 0 96 ) (192 -64 96 ) 
4 8 24 0 (0 -64 96 ) (0 0 96 ) (0 0 0 ) (0 -64 0 ) 
4 8 9 0 (64 -64 0 ) (192 -64 0 ) (192 -64 96 ) (64 -64 96 ) 
4 9 10 0 (64 -256 0 ) (64 -512 0 ) (64 -512 96 ) (64 -256 96 ) 
4 10 24 0 (0 -512 0 ) (0 -512 96 ) (0 -256 96 ) (0 -256 0 ) 
4 10 11 0 (0 -512 96 ) (0 -512 0 ) (64 -512 0 ) (64 -512 96 ) 
4 11 25 0 (0 -512 128 ) (0 -512 0 ) (0 -544 0 ) (0 -544 128 ) 
4 11 12 0 (0 -544 128 ) (0 -544 0 ) (64 -544 0 ) (64 -544 128 ) 
4 12 25 0 (0 -768 0 ) (0 -768 128 ) (0 -544 128 ) (0 -544 0 ) 
4 12 23 0 (0 -768 128 ) (0 -768 304 ) (0 -544 304 ) (0 -544 128 ) 
4 12 21 0 (0 -768 304 ) (0 -768 320 ) (0 -544 320 ) (0 -544 304 ) 
4 13 16 0 (-64 128 304 ) (-64 192 304 ) (0 192 304 ) (0 128 304 ) 
4 13 15 0 (-64 192 320 ) (-64 192 304 ) (-64 128 304 ) (-64 128 320 ) 
4 14 18 0 (0 0 304 ) (0 0 320 ) (-32 0 320 ) (-32 0 304 ) 
4 14 17 0 (0 0 320 ) (0 0 352 ) (-32 0 352 ) (-32 0 320 ) 
4 14 16 0 (0 0 304 ) (-32 0 304 ) (-32 96 304 ) (0 96 304 ) 
4 15 20 0 (-480 0 320 ) (-480 0 304 ) (-64 0 304 ) (-64 0 320 ) 
4 15 16 0 (-64 0 304 ) (-480 0 304 ) (-480 192 304 ) (-64 192 304 ) 
4 16 24 0 (0 0 0 ) (0 0 128 ) (-480 0 128 ) (-480 0 0 ) 
4 16 22 0 (0 0 128 ) (0 0 304 ) (-480 0 304 ) (-480 0 128 ) 
4 17 18 0 (-32 0 320 ) (0 0 320 ) (0 -416 320 ) (-32 -416 320 ) 
4 18 22 0 (-32 0 304 ) (0 0 304 ) (0 -416 304 ) (-32 -416 304 ) 
4 19 22 0 (0 -448 304 ) (0 -512 304 ) (-64 -512 304 ) (-64 -448 304 ) 
4 19 20 0 (-64 -448 304 ) (-64 -512 304 ) (-64 -512 320 ) (-64 -448 320 ) 
4 20 22 0 (-480 -512 304 ) (-480 0 304 ) (-64 0 304 ) (-64 -512 304 ) 
4 21 23 0 (0 -768 304 ) (-480 -768 304 ) (-480 -544 304 ) (0 -544 304 ) 
4 22 24 0 (-480 -512 128 ) (-480 0 128 ) (0 0 128 ) (0 -512 128 ) 
4 23 26 0 (-64 -768 128 ) (-480 -768 128 ) (-480 -544 128 ) (-64 -544 128 ) 
4 23 25 0 (0 -768 128 ) (-64 -768 128 ) (-64 -544 128 ) (0 -544 128 ) 
4 24 25 0 (-64 -512 0 ) (0 -512 0 ) (0 -512 128 ) (-64 -512 128 ) 
4 25 26 0 (-64 -544 0 ) (-64 -768 0 ) (-64 -768 128 ) (-64 -544 128 ) 
4 0 (128 96 304 ) (128 0 304 ) (128 0 320 ) (128 96 320 ) 
4 0 (128 128 304 ) (128 96 304 ) (128 96 320 ) (128 128 320 ) 
4 0 (192 0 320 ) (192 0 304 ) (192 192 304 ) (192 192 320 ) 
4 0 (128 192 320 ) (192 192 320 ) (192 192 304 ) (128 192 304 ) 
4 0 (192 0 320 ) (192 192 320 ) (128 192 320 ) (128 0 320 ) 
4 1 (0 128 304 ) (128 128 304 ) (128 128 320 ) (0 128 320 ) 
4 1 (128 192 320 ) (128 192 304 ) (0 192 304 ) (0 192 320 ) 
4 1 (128 192 320 ) (0 192 320 ) (0 128 320 ) (128 128 320 ) 
4 2 (96 96 352 ) (0 96 352 ) (0 0 352 ) (96 0 352 ) 
4 2 (0 96 352 ) (96 96 352 ) (96 96 304 ) (0 96 304 ) 
4 2 (96 0 352 ) (96 0 304 ) (96 96 304 ) (96 96 352 ) 
4 3 (192 192 304 ) (192 192 0 ) (0 192 0 ) (0 192 304 ) 
4 3 (192 0 304 ) (192 0 0 ) (192 192 0 ) (192 192 304 ) 
4 3 (0 128 304 ) (0 96 304 ) (128 96 304 ) (128 128 304 ) 
4 3 (96 96 304 ) (96 0 304 ) (128 0 304 ) (128 96 304 ) 
4 3 (0 192 0 ) (192 192 0 ) (192 0 0 ) (0 0 0 ) 
4 4 (128 0 304 ) (128 -448 304 ) (128 -448 320 ) (128 0 320 ) 
4 4 (192 -448 320 ) (192 -448 304 ) (192 0 304 ) (192 0 320 ) 
4 4 (192 0 320 ) (128 0 320 ) (128 -448 320 ) (192 -448 320 ) 
4 5 (96 0 352 ) (96 -416 352 ) (96 -416 304 ) (96 0 304 ) 
4 5 (96 -416 352 ) (96 0 352 ) (0 0 352 ) (0 -416 352 ) 
4 5 (0 -416 304 ) (96 -416 304 ) (96 -416 352 ) (0 -416 352 ) 
4 6 (0 -512 320 ) (0 -512 304 ) (64 -512 304 ) (64 -512 320 ) 
4 6 (64 -512 304 ) (192 -512 304 ) (192 -512 320 ) (64 -512 320 ) 
4 6 (192 -448 320 ) (192 -512 320 ) (192 -512 304 ) (192 -448 304 ) 
4 6 (96 -448 320 ) (128 -448 320 ) (128 -448 304 ) (96 -448 304 ) 
4 6 (0 -448 320 ) (96 -448 320 ) (96 -448 304 ) (0 -448 304 ) 
4 6 (192 -448 320 ) (0 -448 320 ) (0 -512 320 ) (192 -512 320 ) 
4 7 (0 -512 304 ) (0 -512 128 ) (64 -512 128 ) (64 -512 304 ) 
4 7 (64 -512 96 ) (192 -512 96 ) (192 -512 304 ) (64 -512 304 ) 
4 7 (0 -256 96 ) (0 -64 96 ) (64 -64 96 ) (64 -256 96 ) 
4 7 (192 -512 304 ) (192 -512 96 ) (192 0 96 ) (192 0 304 ) 
4 7 (96 -448 304 ) (128 -448 304 ) (128 0 304 ) (96 0 304 ) 
4 7 (96 -448 304 ) (96 -416 304 ) (0 -416 304 ) (0 -448 304 ) 
4 8 (0 -64 0 ) (64 -64 0 ) (64 -64 96 ) (0 -64 96 ) 
4 8 (0 -64 0 ) (0 0 0 ) (192 0 0 ) (192 -64 0 ) 
4 8 (192 -64 96 ) (192 -64 0 ) (192 0 0 ) (192 0 96 ) 
4 9 (64 -512 0 ) (192 -512 0 ) (192 -512 96 ) (64 -512 96 ) 
4 9 (64 -64 96 ) (64 -64 0 ) (64 -256 0 ) (64 -256 96 ) 
4 9 (192 -64 96 ) (192 -512 96 ) (192 -512 0 ) (192 -64 0 ) 
4 9 (192 -512 0 ) (64 -512 0 ) (64 -64 0 ) (192 -64 0 ) 
4 10 (64 -512 0 ) (0 -512 0 ) (0 -256 0 ) (64 -256 0 ) 
4 10 (0 -256 96 ) (64 -256 96 ) (64 -256 0 ) (0 -256 0 ) 
4 11 (64 -512 128 ) (64 -544 128 ) (64 -544 0 ) (64 -512 0 ) 
4 11 (0 -512 0 ) (64 -512 0 ) (64 -544 0 ) (0 -544 0 ) 
4 11 (0 -544 128 ) (64 -544 128 ) (64 -512 128 ) (0 -512 128 ) 
4 12 (0 -768 320 ) (0 -768 0 ) (192 -768 0 ) (192 -768 320 ) 
4 12 (192 -544 0 ) (192 -544 320 ) (192 -768 320 ) (192 -768 0 ) 
4 12 (192 -544 0 ) (192 -768 0 ) (0 -768 0 ) (0 -544 0 ) 
4 12 (64 -544 320 ) (192 -544 320 ) (192 -544 0 ) (64 -544 0 ) 
4 12 (64 -544 320 ) (64 -544 128 ) (0 -544 128 ) (0 -544 320 ) 
4 12 (0 -768 320 ) (192 -768 320 ) (192 -544 320 ) (0 -544 320 ) 
4 13 (-64 128 320 ) (-64 128 304 ) (0 128 304 ) (0 128 320 ) 
4 13 (-64 192 304 ) (-64 192 320 ) (0 192 320 ) (0 192 304 ) 
4 13 (0 192 320 ) (-64 192 320 ) (-64 128 320 ) (0 128 320 ) 
4 14 (0 96 352 ) (-32 96 352 ) (-32 0 352 ) (0 0 352 ) 
4 14 (0 96 304 ) (-32 96 304 ) (-32 96 352 ) (0 96 352 ) 
4 14 (-32 96 352 ) (-32 96 304 ) (-32 0 304 ) (-32 0 352 ) 
4 15 (-480 192 320 ) (-480 192 304 ) (-480 0 304 ) (-480 0 320 ) 
4 15 (-64 192 320 ) (-64 192 304 ) (-480 192 304 ) (-480 192 320 ) 
4 15 (-64 128 320 ) (-64 96 320 ) (-64 96 304 ) (-64 128 304 ) 
4 15 (-64 96 320 ) (-64 0 320 ) (-64 0 304 ) (-64 96 304 ) 
4 15 (-64 0 320 ) (-64 192 320 ) (-480 192 320 ) (-480 0 320 ) 
4 16 (-480 192 0 ) (-480 192 304 ) (0 192 304 ) (0 192 0 ) 
4 16 (-480 192 304 ) (-480 192 0 ) (-480 0 0 ) (-480 0 304 ) 
4 16 (0 96 304 ) (0 128 304 ) (-64 128 304 ) (-64 96 304 ) 
4 16 (-32 96 304 ) (-64 96 304 ) (-64 0 304 ) (-32 0 304 ) 
4 16 (0 0 0 ) (-480 0 0 ) (-480 192 0 ) (0 192 0 ) 
4 17 (-32 -416 320 ) (0 -416 320 ) (0 -416 352 ) (-32 -416 352 ) 
4 17 (-32 -416 352 ) (0 -416 352 ) (0 0 352 ) (-32 0 352 ) 
4 17 (-32 0 320 ) (-32 -416 320 ) (-32 -416 352 ) (-32 0 352 ) 
4 18 (-32 -416 304 ) (0 -416 304 ) (0 -416 320 ) (-32 -416 320 ) 
4 18 (-32 0 304 ) (-32 -416 304 ) (-32 -416 320 ) (-32 0 320 ) 
4 19 (-64 -512 304 ) (0 -512 304 ) (0 -512 320 ) (-64 -512 320 ) 
4 19 (-64 -448 320 ) (-64 -512 320 ) (0 -512 320 ) (0 -448 320 ) 
4 19 (0 -448 320 ) (0 -448 304 ) (-64 -448 304 ) (-64 -448 320 ) 
4 20 (-480 -512 304 ) (-64 -512 304 ) (-64 -512 320 ) (-480 -512 320 ) 
4 20 (-64 -416 320 ) (-64 -448 320 ) (-64 -448 304 ) (-64 -416 304 ) 
4 20 (-64 0 320 ) (-64 -416 320 ) (-64 -416 304 ) (-64 0 304 ) 
4 20 (-64 -416 320 ) (-64 0 320 ) (-480 0 320 ) (-480 -416 320 ) 
4 20 (-64 -512 320 ) (-64 -416 320 ) (-480 -416 320 ) (-480 -512 320 ) 
4 20 (-480 0 320 ) (-480 0 304 ) (-480 -512 304 ) (-480 -512 320 ) 
4 21 (0 -544 320 ) (-480 -544 320 ) (-480 -768 320 ) (0 -768 320 ) 
4 21 (0 -768 304 ) (0 -768 320 ) (-480 -768 320 ) (-480 -768 304 ) 
4 21 (-480 -544 304 ) (-480 -768 304 ) (-480 -768 320 ) (-480 -544 320 ) 
4 21 (-480 -544 320 ) (0 -544 320 ) (0 -544 304 ) (-480 -544 304 ) 
4 22 (-64 -416 304 ) (-64 -448 304 ) (0 -448 304 ) (0 -416 304 ) 
4 22 (-64 -416 304 ) (-32 -416 304 ) (-32 0 304 ) (-64 0 304 ) 
4 22 (-480 0 304 ) (-480 0 128 ) (-480 -512 128 ) (-480 -512 304 ) 
4 22 (-480 -512 128 ) (0 -512 128 ) (0 -512 304 ) (-480 -512 304 ) 
4 23 (-480 -544 304 ) (0 -544 304 ) (0 -544 128 ) (-480 -544 128 ) 
4 23 (0 -768 128 ) (0 -768 304 ) (-480 -768 304 ) (-480 -768 128 ) 
4 23 (-480 -544 128 ) (-480 -768 128 ) (-480 -768 304 ) (-480 -544 304 ) 
4 24 (-480 -512 0 ) (-64 -512 0 ) (-64 -512 128 ) (-480 -512 128 ) 
4 24 (-480 -512 0 ) (-480 0 0 ) (0 0 0 ) (0 -512 0 ) 
4 24 (-480 0 128 ) (-480 0 0 ) (-480 -512 0 ) (-480 -512 128 ) 
4 24 (0 -256 0 ) (0 -64 0 ) (0 -64 96 ) (0 -256 96 ) 
4 25 (-64 -512 128 ) (-64 -512 0 ) (-64 -544 0 ) (-64 -544 128 ) 
4 25 (0 -768 0 ) (0 -768 128 ) (-64 -768 128 ) (-64 -768 0 ) 
4 25 (-64 -544 128 ) (0 -544 128 ) (0 -512 128 ) (-64 -512 128 ) 
4 25 (0 -768 0 ) (-64 -768 0 ) (-64 -512 0 ) (0 -512 0 ) 
4 26 (-64 -768 0 ) (-480 -768 0 ) (-480 -544 0 ) (-64 -544 0 ) 
4 26 (-480 -544 0 ) (-480 -768 0 ) (-480 -768 128 ) (-480 -544 128 ) 
4 26 (-64 -768 128 ) (-480 -768 128 ) (-480 -768 0 ) (-64 -768 0 ) 
4 26 (-480 -544 128 ) (-64 -544 128 ) (-64 -544 0 ) (-480 -544 0 ) 
