PRT1
4
4
16
4 0 2 0 (0 0 0 ) (0 0 256 ) (0 192 256 ) (0 192 0 ) 
4 0 1 0 (0 0 256 ) (0 0 0 ) (320 0 0 ) (320 0 256 ) 
4 1 3 0 (0 0 256 ) (0 0 0 ) (0 -320 0 ) (0 -320 256 ) 
4 2 3 0 (0 0 0 ) (0 0 256 ) (-192 0 256 ) (-192 0 0 ) 
4 0 (320 0 256 ) (320 0 0 ) (320 192 0 ) (320 192 256 ) 
4 0 (320 192 256 ) (320 192 0 ) (0 192 0 ) (0 192 256 ) 
4 0 (320 0 0 ) (0 0 0 ) (0 192 0 ) (320 192 0 ) 
4 0 (0 0 256 ) (320 0 256 ) (320 192 256 ) (0 192 256 ) 
4 1 (0 -320 256 ) (0 -320 0 ) (320 -320 0 ) (320 -320 256 ) 
4 1 (320 -320 256 ) (320 -320 0 ) (320 0 0 ) (320 0 256 ) 
4 1 (0 -320 0 ) (0 0 0 ) (320 0 0 ) (320 -320 0 ) 
4 1 (320 0 256 ) (0 0 256 ) (0 -320 256 ) (320 -320 256 ) 
4 2 (0 192 256 ) (0 192 0 ) (-192 192 0 ) (-192 192 256 ) 
4 2 (-192 0 0 ) (-192 0 256 ) (-192 192 256 ) (-192 192 0 ) 
4 2 (0 0 0 ) (-192 0 0 ) (-192 192 0 ) (0 192 0 ) 
4 2 (0 192 256 ) (-192 192 256 ) (-192 0 256 ) (0 0 256 ) 
4 3 (-192 -320 256 ) (-192 -320 0 ) (0 -320 0 ) (0 -320 256 ) 
4 3 (-192 0 256 ) (-192 0 0 ) (-192 -320 0 ) (-192 -320 256 ) 
4 3 (-192 -320 0 ) (-192 0 0 ) (0 0 0 ) (0 -320 0 ) 
4 3 (0 0 256 ) (-192 0 256 ) (-192 -320 256 ) (0 -320 256 ) 
