PRT1
24
44
92
4 0 6 0 (128 0 304 ) (192 0 304 ) (192 0 320 ) (128 0 320 ) 
4 0 3 0 (128 192 304 ) (192 192 304 ) (192 0 304 ) (128 0 304 ) 
4 0 1 0 (128 192 320 ) (128 192 304 ) (128 128 304 ) (128 128 320 ) 
4 1 12 0 (0 192 320 ) (0 192 304 ) (0 128 304 ) (0 128 320 ) 
4 1 3 0 (0 192 304 ) (128 192 304 ) (128 128 304 ) (0 128 304 ) 
4 2 13 0 (0 0 304 ) (0 0 352 ) (0 96 352 ) (0 96 304 ) 
4 2 7 0 (0 0 352 ) (0 0 304 ) (96 0 304 ) (96 0 352 ) 
4 2 3 0 (96 0 304 ) (0 0 304 ) (0 96 304 ) (96 96 304 ) 
4 3 15 0 (0 0 8 ) (0 0 304 ) (0 192 304 ) (0 192 8 ) 
4 3 9 0 (0 0 304 ) (0 0 8 ) (192 0 8 ) (192 0 304 ) 
4 3 5 0 (0 192 8 ) (72 192 8 ) (72 40 8 ) (0 40 8 ) 
4 3 4 0 (72 192 8 ) (192 192 8 ) (192 0 8 ) (72 0 8 ) 
4 4 10 0 (72 0 0 ) (192 0 0 ) (192 0 8 ) (72 0 8 ) 
4 4 5 0 (72 192 0 ) (72 40 0 ) (72 40 8 ) (72 192 8 ) 
4 5 16 0 (0 40 8 ) (0 192 8 ) (0 192 0 ) (0 40 0 ) 
4 6 9 0 (128 0 304 ) (192 0 304 ) (192 -448 304 ) (128 -448 304 ) 
4 6 8 0 (128 -448 304 ) (192 -448 304 ) (192 -448 320 ) (128 -448 320 ) 
4 7 18 0 (0 0 352 ) (0 0 304 ) (0 -416 304 ) (0 -416 352 ) 
4 7 9 0 (0 0 304 ) (96 0 304 ) (96 -416 304 ) (0 -416 304 ) 
4 8 19 0 (0 -512 304 ) (0 -512 320 ) (0 -448 320 ) (0 -448 304 ) 
4 8 9 0 (192 -448 304 ) (192 -512 304 ) (0 -512 304 ) (0 -448 304 ) 
4 9 21 0 (0 -512 8 ) (0 -512 304 ) (0 0 304 ) (0 0 8 ) 
4 9 11 0 (72 -320 8 ) (72 -512 8 ) (0 -512 8 ) (0 -320 8 ) 
4 9 10 0 (72 0 8 ) (192 0 8 ) (192 -512 8 ) (72 -512 8 ) 
4 10 11 0 (72 -320 0 ) (72 -512 0 ) (72 -512 8 ) (72 -320 8 ) 
4 11 22 0 (0 -512 0 ) (0 -512 8 ) (0 -320 8 ) (0 -320 0 ) 
4 12 15 0 (-64 128 304 ) (-64 192 304 ) (0 192 304 ) (0 128 304 ) 
4 12 14 0 (-64 192 320 ) (-64 192 304 ) (-64 128 304 ) (-64 128 320 ) 
4 13 18 0 (0 0 304 ) (0 0 352 ) (-32 0 352 ) (-32 0 304 ) 
4 13 15 0 (0 0 304 ) (-32 0 304 ) (-32 96 304 ) (0 96 304 ) 
4 14 20 0 (-480 0 320 ) (-480 0 304 ) (-64 0 304 ) (-64 0 320 ) 
4 14 15 0 (-64 0 304 ) (-480 0 304 ) (-480 192 304 ) (-64 192 304 ) 
4 15 21 0 (0 0 8 ) (0 0 304 ) (-480 0 304 ) (-480 0 8 ) 
4 15 16 0 (-328 40 8 ) (-328 192 8 ) (0 192 8 ) (0 40 8 ) 
4 15 17 0 (-328 0 8 ) (-480 0 8 ) (-480 192 8 ) (-328 192 8 ) 
4 16 17 0 (-328 192 0 ) (-328 40 0 ) (-328 40 8 ) (-328 192 8 ) 
4 17 23 0 (-328 0 8 ) (-480 0 8 ) (-480 0 0 ) (-328 0 0 ) 
4 18 21 0 (-32 0 304 ) (0 0 304 ) (0 -416 304 ) (-32 -416 304 ) 
4 19 21 0 (0 -512 304 ) (-64 -512 304 ) (-64 -448 304 ) (0 -448 304 ) 
4 19 20 0 (-64 -448 304 ) (-64 -512 304 ) (-64 -512 320 ) (-64 -448 320 ) 
4 20 21 0 (-64 -512 304 ) (-480 -512 304 ) (-480 0 304 ) (-64 0 304 ) 
4 21 22 0 (0 -512 8 ) (-328 -512 8 ) (-328 -320 8 ) (0 -320 8 ) 
4 21 23 0 (-328 -512 8 ) (-480 -512 8 ) (-480 0 8 ) (-328 0 8 ) 
4 22 23 0 (-328 -320 0 ) (-328 -512 0 ) (-328 -512 8 ) (-328 -320 8 ) 
4 0 (128 96 304 ) (128 0 304 ) (128 0 320 ) (128 96 320 ) 
4 0 (128 128 304 ) (128 96 304 ) (128 96 320 ) (128 128 320 ) 
4 0 (192 0 320 ) (192 0 304 ) (192 192 304 ) (192 192 320 ) 
4 0 (128 192 320 ) (192 192 320 ) (192 192 304 ) (128 192 304 ) 
4 0 (192 0 320 ) (192 192 320 ) (128 192 320 ) (128 0 320 ) 
4 1 (0 128 304 ) (128 128 304 ) (128 128 320 ) (0 128 320 ) 
4 1 (128 192 320 ) (128 192 304 ) (0 192 304 ) (0 192 320 ) 
4 1 (128 192 320 ) (0 192 320 ) (0 128 320 ) (128 128 320 ) 
4 2 (96 96 352 ) (0 96 352 ) (0 0 352 ) (96 0 352 ) 
4 2 (0 96 352 ) (96 96 352 ) (96 96 304 ) (0 96 304 ) 
4 2 (96 0 352 ) (96 0 304 ) (96 96 304 ) (96 96 352 ) 
4 3 (72 40 8 ) (72 0 8 ) (0 0 8 ) (0 40 8 ) 
4 3 (96 96 304 ) (96 0 304 ) (128 0 304 ) (128 96 304 ) 
4 3 (0 128 304 ) (0 96 304 ) (128 96 304 ) (128 128 304 ) 
4 3 (192 0 304 ) (192 0 8 ) (192 192 8 ) (192 192 304 ) 
4 3 (192 192 304 ) (192 192 8 ) (0 192 8 ) (0 192 304 ) 
4 4 (72 40 0 ) (72 0 0 ) (72 0 8 ) (72 40 8 ) 
4 4 (72 192 8 ) (192 192 8 ) (192 192 0 ) (72 192 0 ) 
4 4 (192 0 8 ) (192 0 0 ) (192 192 0 ) (192 192 8 ) 
4 4 (72 192 0 ) (192 192 0 ) (192 0 0 ) (72 0 0 ) 
4 5 (0 192 0 ) (72 192 0 ) (72 40 0 ) (0 40 0 ) 
4 5 (72 192 8 ) (72 192 0 ) (0 192 0 ) (0 192 8 ) 
4 5 (0 40 0 ) (72 40 0 ) (72 40 8 ) (0 40 8 ) 
4 6 (128 0 304 ) (128 -448 304 ) (128 -448 320 ) (128 0 320 ) 
4 6 (192 -448 320 ) (192 -448 304 ) (192 0 304 ) (192 0 320 ) 
4 6 (192 0 320 ) (128 0 320 ) (128 -448 320 ) (192 -448 320 ) 
4 7 (96 -416 352 ) (96 0 352 ) (0 0 352 ) (0 -416 352 ) 
4 7 (96 0 352 ) (96 -416 352 ) (96 -416 304 ) (96 0 304 ) 
4 7 (0 -416 304 ) (96 -416 304 ) (96 -416 352 ) (0 -416 352 ) 
4 8 (192 -448 320 ) (192 -512 320 ) (192 -512 304 ) (192 -448 304 ) 
4 8 (0 -512 320 ) (0 -512 304 ) (192 -512 304 ) (192 -512 320 ) 
4 8 (96 -448 320 ) (128 -448 320 ) (128 -448 304 ) (96 -448 304 ) 
4 8 (96 -448 320 ) (96 -448 304 ) (0 -448 304 ) (0 -448 320 ) 
4 8 (0 -512 320 ) (192 -512 320 ) (192 -448 320 ) (0 -448 320 ) 
4 9 (0 0 8 ) (72 0 8 ) (72 -320 8 ) (0 -320 8 ) 
4 9 (0 -416 304 ) (0 -448 304 ) (96 -448 304 ) (96 -416 304 ) 
4 9 (96 -448 304 ) (128 -448 304 ) (128 0 304 ) (96 0 304 ) 
4 9 (192 -512 304 ) (192 -512 8 ) (192 0 8 ) (192 0 304 ) 
4 9 (0 -512 304 ) (0 -512 8 ) (192 -512 8 ) (192 -512 304 ) 
4 10 (72 0 0 ) (72 -320 0 ) (72 -320 8 ) (72 0 8 ) 
4 10 (72 -512 0 ) (192 -512 0 ) (192 -512 8 ) (72 -512 8 ) 
4 10 (192 -512 8 ) (192 -512 0 ) (192 0 0 ) (192 0 8 ) 
4 10 (72 0 0 ) (192 0 0 ) (192 -512 0 ) (72 -512 0 ) 
4 11 (72 -320 0 ) (72 -512 0 ) (0 -512 0 ) (0 -320 0 ) 
4 11 (0 -512 8 ) (0 -512 0 ) (72 -512 0 ) (72 -512 8 ) 
4 11 (0 -320 8 ) (72 -320 8 ) (72 -320 0 ) (0 -320 0 ) 
4 12 (-64 128 320 ) (-64 128 304 ) (0 128 304 ) (0 128 320 ) 
4 12 (-64 192 304 ) (-64 192 320 ) (0 192 320 ) (0 192 304 ) 
4 12 (0 192 320 ) (-64 192 320 ) (-64 128 320 ) (0 128 320 ) 
4 13 (0 96 352 ) (-32 96 352 ) (-32 0 352 ) (0 0 352 ) 
4 13 (0 96 304 ) (-32 96 304 ) (-32 96 352 ) (0 96 352 ) 
4 13 (-32 96 352 ) (-32 96 304 ) (-32 0 304 ) (-32 0 352 ) 
4 14 (-480 192 320 ) (-480 192 304 ) (-480 0 304 ) (-480 0 320 ) 
4 14 (-64 192 320 ) (-64 192 304 ) (-480 192 304 ) (-480 192 320 ) 
4 14 (-64 128 320 ) (-64 96 320 ) (-64 96 304 ) (-64 128 304 ) 
4 14 (-64 96 320 ) (-64 0 320 ) (-64 0 304 ) (-64 96 304 ) 
4 14 (-64 0 320 ) (-64 192 320 ) (-480 192 320 ) (-480 0 320 ) 
4 15 (0 0 8 ) (-328 0 8 ) (-328 40 8 ) (0 40 8 ) 
4 15 (-32 96 304 ) (-64 96 304 ) (-64 0 304 ) (-32 0 304 ) 
4 15 (0 96 304 ) (0 128 304 ) (-64 128 304 ) (-64 96 304 ) 
4 15 (-480 192 304 ) (-480 192 8 ) (-480 0 8 ) (-480 0 304 ) 
4 15 (-480 192 8 ) (-480 192 304 ) (0 192 304 ) (0 192 8 ) 
4 16 (-328 40 0 ) (-328 192 0 ) (0 192 0 ) (0 40 0 ) 
4 16 (-328 192 0 ) (-328 192 8 ) (0 192 8 ) (0 192 0 ) 
4 16 (-328 40 8 ) (-328 40 0 ) (0 40 0 ) (0 40 8 ) 
4 17 (-328 40 8 ) (-328 0 8 ) (-328 0 0 ) (-328 40 0 ) 
4 17 (-328 192 0 ) (-480 192 0 ) (-480 192 8 ) (-328 192 8 ) 
4 17 (-480 192 8 ) (-480 192 0 ) (-480 0 0 ) (-480 0 8 ) 
4 17 (-328 0 0 ) (-480 0 0 ) (-480 192 0 ) (-328 192 0 ) 
4 18 (0 -416 352 ) (-32 -416 352 ) (-32 -416 304 ) (0 -416 304 ) 
4 18 (-32 -416 352 ) (0 -416 352 ) (0 0 352 ) (-32 0 352 ) 
4 18 (-32 0 304 ) (-32 -416 304 ) (-32 -416 352 ) (-32 0 352 ) 
4 19 (-64 -512 304 ) (0 -512 304 ) (0 -512 320 ) (-64 -512 320 ) 
4 19 (0 -448 320 ) (0 -448 304 ) (-64 -448 304 ) (-64 -448 320 ) 
4 19 (0 -448 320 ) (-64 -448 320 ) (-64 -512 320 ) (0 -512 320 ) 
4 20 (-480 -512 320 ) (-480 -512 304 ) (-64 -512 304 ) (-64 -512 320 ) 
4 20 (-480 0 320 ) (-480 0 304 ) (-480 -512 304 ) (-480 -512 320 ) 
4 20 (-64 -416 320 ) (-64 -448 320 ) (-64 -448 304 ) (-64 -416 304 ) 
4 20 (-64 -416 320 ) (-64 -416 304 ) (-64 0 304 ) (-64 0 320 ) 
4 20 (-480 0 320 ) (-480 -512 320 ) (-64 -512 320 ) (-64 0 320 ) 
4 21 (-328 -320 8 ) (-328 0 8 ) (0 0 8 ) (0 -320 8 ) 
4 21 (-32 -416 304 ) (-32 0 304 ) (-64 0 304 ) (-64 -416 304 ) 
4 21 (0 -448 304 ) (0 -416 304 ) (-64 -416 304 ) (-64 -448 304 ) 
4 21 (-480 -512 304 ) (-480 -512 8 ) (0 -512 8 ) (0 -512 304 ) 
4 21 (-480 0 304 ) (-480 0 8 ) (-480 -512 8 ) (-480 -512 304 ) 
4 22 (0 -512 0 ) (-328 -512 0 ) (-328 -320 0 ) (0 -320 0 ) 
4 22 (-328 -512 0 ) (0 -512 0 ) (0 -512 8 ) (-328 -512 8 ) 
4 22 (0 -320 8 ) (0 -320 0 ) (-328 -320 0 ) (-328 -320 8 ) 
4 23 (-328 0 8 ) (-328 -320 8 ) (-328 -320 0 ) (-328 0 0 ) 
4 23 (-480 0 8 ) (-480 0 0 ) (-480 -512 0 ) (-480 -512 8 ) 
4 23 (-480 -512 8 ) (-480 -512 0 ) (-328 -512 0 ) (-328 -512 8 ) 
4 23 (-328 -512 0 ) (-480 -512 0 ) (-480 0 0 ) (-328 0 0 ) 
