PRT1
4
4
16
4 0 2 0 (0 0 0 ) (0 0 320 ) (0 192 320 ) (0 192 0 ) 
4 0 1 0 (0 0 320 ) (0 0 0 ) (192 0 0 ) (192 0 320 ) 
4 1 3 0 (0 -512 0 ) (0 -512 320 ) (0 0 320 ) (0 0 0 ) 
4 2 3 0 (0 0 0 ) (0 0 320 ) (-480 0 320 ) (-480 0 0 ) 
4 0 (0 0 320 ) (192 0 320 ) (192 192 320 ) (0 192 320 ) 
4 0 (192 192 320 ) (192 192 0 ) (0 192 0 ) (0 192 320 ) 
4 0 (192 0 320 ) (192 0 0 ) (192 192 0 ) (192 192 320 ) 
4 0 (0 192 0 ) (192 192 0 ) (192 0 0 ) (0 0 0 ) 
4 1 (0 -512 320 ) (192 -512 320 ) (192 0 320 ) (0 0 320 ) 
4 1 (0 -512 320 ) (0 -512 0 ) (192 -512 0 ) (192 -512 320 ) 
4 1 (192 -512 320 ) (192 -512 0 ) (192 0 0 ) (192 0 320 ) 
4 1 (0 0 0 ) (192 0 0 ) (192 -512 0 ) (0 -512 0 ) 
4 2 (0 192 320 ) (-480 192 320 ) (-480 0 320 ) (0 0 320 ) 
4 2 (-480 192 0 ) (-480 192 320 ) (0 192 320 ) (0 192 0 ) 
4 2 (-480 192 320 ) (-480 192 0 ) (-480 0 0 ) (-480 0 320 ) 
4 2 (0 0 0 ) (-480 0 0 ) (-480 192 0 ) (0 192 0 ) 
4 3 (0 0 320 ) (-480 0 320 ) (-480 -512 320 ) (0 -512 320 ) 
4 3 (-480 0 320 ) (-480 0 0 ) (-480 -512 0 ) (-480 -512 320 ) 
4 3 (-480 -512 320 ) (-480 -512 0 ) (0 -512 0 ) (0 -512 320 ) 
4 3 (0 -512 0 ) (-480 -512 0 ) (-480 0 0 ) (0 0 0 ) 
