PRT1
73
217
289
4 0 4 0 (0 0 0 ) (0 0 608 ) (0 192 608 ) (0 192 0 ) 
4 0 1 0 (0 0 608 ) (0 0 0 ) (192 0 0 ) (192 0 608 ) 
4 1 18 0 (0 -1024 0 ) (0 -1024 608 ) (0 0 608 ) (0 0 0 ) 
4 1 3 0 (0 -1024 64 ) (0 -1024 0 ) (192 -1024 0 ) (192 -1024 64 ) 
4 1 2 0 (0 -1024 608 ) (0 -1024 64 ) (192 -1024 64 ) (192 -1024 608 ) 
4 2 71 0 (0 -1272 608 ) (0 -1024 608 ) (0 -1024 64 ) (0 -1272 64 ) 
4 2 3 0 (0 -1240 64 ) (0 -1024 64 ) (192 -1024 64 ) (192 -1240 64 ) 
4 3 72 0 (0 -1240 64 ) (0 -1024 64 ) (0 -1024 0 ) (0 -1240 0 ) 
4 4 18 0 (0 0 0 ) (0 0 608 ) (-64 0 608 ) (-64 0 0 ) 
4 4 6 0 (-64 0 176 ) (-64 0 608 ) (-64 64 608 ) (-64 64 176 ) 
4 4 5 0 (-64 64 608 ) (-64 192 608 ) (-64 192 0 ) (-64 64 0 ) 
4 5 12 0 (-256 64 96 ) (-256 64 80 ) (-240 64 80 ) (-240 64 96 ) 
4 5 11 0 (-224 64 112 ) (-256 64 112 ) (-256 64 96 ) (-224 64 96 ) 
4 5 13 0 (-256 64 112 ) (-272 64 112 ) (-272 64 64 ) (-256 64 64 ) 
4 5 10 0 (-208 64 112 ) (-208 64 128 ) (-272 64 128 ) (-272 64 112 ) 
4 5 14 0 (-288 64 128 ) (-288 64 48 ) (-272 64 48 ) (-272 64 128 ) 
4 5 9 0 (-192 64 144 ) (-288 64 144 ) (-288 64 128 ) (-192 64 128 ) 
4 5 15 0 (-288 64 144 ) (-304 64 144 ) (-304 64 32 ) (-288 64 32 ) 
4 5 8 0 (-176 64 144 ) (-176 64 160 ) (-304 64 160 ) (-304 64 144 ) 
4 5 16 0 (-320 64 160 ) (-320 64 16 ) (-304 64 16 ) (-304 64 160 ) 
4 5 7 0 (-160 64 176 ) (-320 64 176 ) (-320 64 160 ) (-160 64 160 ) 
4 5 17 0 (-320 64 176 ) (-480 64 176 ) (-480 64 0 ) (-320 64 0 ) 
4 5 6 0 (-64 64 176 ) (-64 64 608 ) (-480 64 608 ) (-480 64 176 ) 
4 6 19 0 (-64 0 176 ) (-64 0 608 ) (-480 0 608 ) (-480 0 176 ) 
4 6 7 0 (-320 64 176 ) (-160 64 176 ) (-160 0 176 ) (-320 0 176 ) 
4 6 17 0 (-480 0 176 ) (-480 64 176 ) (-320 64 176 ) (-320 0 176 ) 
4 7 20 0 (-160 0 176 ) (-320 0 176 ) (-320 0 160 ) (-160 0 160 ) 
4 7 8 0 (-304 64 160 ) (-176 64 160 ) (-176 0 160 ) (-304 0 160 ) 
4 7 16 0 (-320 0 160 ) (-320 64 160 ) (-304 64 160 ) (-304 0 160 ) 
4 7 17 0 (-320 0 160 ) (-320 0 176 ) (-320 64 176 ) (-320 64 160 ) 
4 8 21 0 (-176 0 144 ) (-176 0 160 ) (-304 0 160 ) (-304 0 144 ) 
4 8 9 0 (-288 64 144 ) (-192 64 144 ) (-192 0 144 ) (-288 0 144 ) 
4 8 15 0 (-304 0 144 ) (-304 64 144 ) (-288 64 144 ) (-288 0 144 ) 
4 8 16 0 (-304 0 144 ) (-304 0 160 ) (-304 64 160 ) (-304 64 144 ) 
4 9 22 0 (-192 0 144 ) (-288 0 144 ) (-288 0 128 ) (-192 0 128 ) 
4 9 10 0 (-272 64 128 ) (-208 64 128 ) (-208 0 128 ) (-272 0 128 ) 
4 9 14 0 (-288 0 128 ) (-288 64 128 ) (-272 64 128 ) (-272 0 128 ) 
4 9 15 0 (-288 0 128 ) (-288 0 144 ) (-288 64 144 ) (-288 64 128 ) 
4 10 23 0 (-208 0 112 ) (-208 0 128 ) (-272 0 128 ) (-272 0 112 ) 
4 10 11 0 (-256 64 112 ) (-224 64 112 ) (-224 0 112 ) (-256 0 112 ) 
4 10 13 0 (-272 0 112 ) (-272 64 112 ) (-256 64 112 ) (-256 0 112 ) 
4 10 14 0 (-272 0 112 ) (-272 0 128 ) (-272 64 128 ) (-272 64 112 ) 
4 11 24 0 (-224 0 112 ) (-256 0 112 ) (-256 0 96 ) (-224 0 96 ) 
4 11 12 0 (-256 0 96 ) (-256 64 96 ) (-240 64 96 ) (-240 0 96 ) 
4 11 13 0 (-256 0 96 ) (-256 0 112 ) (-256 64 112 ) (-256 64 96 ) 
4 12 25 0 (-256 0 96 ) (-256 0 80 ) (-240 0 80 ) (-240 0 96 ) 
4 12 13 0 (-256 0 80 ) (-256 0 96 ) (-256 64 96 ) (-256 64 80 ) 
4 13 26 0 (-256 0 112 ) (-272 0 112 ) (-272 0 64 ) (-256 0 64 ) 
4 13 14 0 (-272 0 64 ) (-272 0 112 ) (-272 64 112 ) (-272 64 64 ) 
4 14 27 0 (-288 0 128 ) (-288 0 48 ) (-272 0 48 ) (-272 0 128 ) 
4 14 15 0 (-288 0 48 ) (-288 0 128 ) (-288 64 128 ) (-288 64 48 ) 
4 15 28 0 (-288 0 144 ) (-304 0 144 ) (-304 0 32 ) (-288 0 32 ) 
4 15 16 0 (-304 0 32 ) (-304 0 144 ) (-304 64 144 ) (-304 64 32 ) 
4 16 29 0 (-320 0 160 ) (-320 0 16 ) (-304 0 16 ) (-304 0 160 ) 
4 16 17 0 (-320 0 16 ) (-320 0 160 ) (-320 64 160 ) (-320 64 16 ) 
4 17 30 0 (-320 0 176 ) (-480 0 176 ) (-480 0 0 ) (-320 0 0 ) 
4 18 72 0 (0 -1024 0 ) (0 -1024 64 ) (-64 -1024 64 ) (-64 -1024 0 ) 
4 18 71 0 (0 -1024 64 ) (0 -1024 608 ) (-64 -1024 608 ) (-64 -1024 64 ) 
4 18 70 0 (-64 -1016 0 ) (-64 -1024 0 ) (-64 -1024 608 ) (-64 -1016 608 ) 
4 18 58 0 (-64 -1016 176 ) (-64 -1016 608 ) (-64 -896 608 ) (-64 -896 176 ) 
4 18 57 0 (-64 -696 0 ) (-64 -896 0 ) (-64 -896 608 ) (-64 -696 608 ) 
4 18 45 0 (-64 -696 176 ) (-64 -696 608 ) (-64 -576 608 ) (-64 -576 176 ) 
4 18 44 0 (-64 -384 0 ) (-64 -576 0 ) (-64 -576 608 ) (-64 -384 608 ) 
4 18 32 0 (-64 -384 176 ) (-64 -384 608 ) (-64 -264 608 ) (-64 -264 176 ) 
4 18 31 0 (-64 -56 0 ) (-64 -264 0 ) (-64 -264 608 ) (-64 -56 608 ) 
4 18 19 0 (-64 0 608 ) (-64 0 176 ) (-64 -56 176 ) (-64 -56 608 ) 
4 19 31 0 (-64 -56 176 ) (-64 -56 608 ) (-480 -56 608 ) (-480 -56 176 ) 
4 19 20 0 (-160 -56 176 ) (-320 -56 176 ) (-320 0 176 ) (-160 0 176 ) 
4 19 30 0 (-320 -56 176 ) (-480 -56 176 ) (-480 0 176 ) (-320 0 176 ) 
4 20 31 0 (-160 -56 176 ) (-320 -56 176 ) (-320 -56 160 ) (-160 -56 160 ) 
4 20 21 0 (-304 0 160 ) (-176 0 160 ) (-176 -56 160 ) (-304 -56 160 ) 
4 20 29 0 (-320 -56 160 ) (-320 0 160 ) (-304 0 160 ) (-304 -56 160 ) 
4 20 30 0 (-320 -56 160 ) (-320 -56 176 ) (-320 0 176 ) (-320 0 160 ) 
4 21 31 0 (-176 -56 144 ) (-176 -56 160 ) (-304 -56 160 ) (-304 -56 144 ) 
4 21 22 0 (-288 0 144 ) (-192 0 144 ) (-192 -56 144 ) (-288 -56 144 ) 
4 21 28 0 (-304 -56 144 ) (-304 0 144 ) (-288 0 144 ) (-288 -56 144 ) 
4 21 29 0 (-304 -56 144 ) (-304 -56 160 ) (-304 0 160 ) (-304 0 144 ) 
4 22 31 0 (-192 -56 144 ) (-288 -56 144 ) (-288 -56 128 ) (-192 -56 128 ) 
4 22 23 0 (-272 0 128 ) (-208 0 128 ) (-208 -56 128 ) (-272 -56 128 ) 
4 22 27 0 (-288 -56 128 ) (-288 0 128 ) (-272 0 128 ) (-272 -56 128 ) 
4 22 28 0 (-288 -56 128 ) (-288 -56 144 ) (-288 0 144 ) (-288 0 128 ) 
4 23 31 0 (-208 -56 112 ) (-208 -56 128 ) (-272 -56 128 ) (-272 -56 112 ) 
4 23 24 0 (-256 0 112 ) (-224 0 112 ) (-224 -56 112 ) (-256 -56 112 ) 
4 23 26 0 (-272 -56 112 ) (-272 0 112 ) (-256 0 112 ) (-256 -56 112 ) 
4 23 27 0 (-272 -56 112 ) (-272 -56 128 ) (-272 0 128 ) (-272 0 112 ) 
4 24 31 0 (-224 -56 112 ) (-256 -56 112 ) (-256 -56 96 ) (-224 -56 96 ) 
4 24 25 0 (-256 -56 96 ) (-256 0 96 ) (-240 0 96 ) (-240 -56 96 ) 
4 24 26 0 (-256 -56 96 ) (-256 -56 112 ) (-256 0 112 ) (-256 0 96 ) 
4 25 31 0 (-256 -56 96 ) (-256 -56 80 ) (-240 -56 80 ) (-240 -56 96 ) 
4 25 26 0 (-256 -56 80 ) (-256 -56 96 ) (-256 0 96 ) (-256 0 80 ) 
4 26 31 0 (-256 -56 112 ) (-272 -56 112 ) (-272 -56 64 ) (-256 -56 64 ) 
4 26 27 0 (-272 -56 64 ) (-272 -56 112 ) (-272 0 112 ) (-272 0 64 ) 
4 27 31 0 (-288 -56 128 ) (-288 -56 48 ) (-272 -56 48 ) (-272 -56 128 ) 
4 27 28 0 (-288 -56 48 ) (-288 -56 128 ) (-288 0 128 ) (-288 0 48 ) 
4 28 31 0 (-288 -56 144 ) (-304 -56 144 ) (-304 -56 32 ) (-288 -56 32 ) 
4 28 29 0 (-304 -56 32 ) (-304 -56 144 ) (-304 0 144 ) (-304 0 32 ) 
4 29 31 0 (-320 -56 160 ) (-320 -56 16 ) (-304 -56 16 ) (-304 -56 160 ) 
4 29 30 0 (-320 -56 16 ) (-320 -56 160 ) (-320 0 160 ) (-320 0 16 ) 
4 30 31 0 (-320 -56 176 ) (-480 -56 176 ) (-480 -56 0 ) (-320 -56 0 ) 
4 31 43 0 (-320 -264 16 ) (-480 -264 16 ) (-480 -264 0 ) (-320 -264 0 ) 
4 31 42 0 (-304 -264 32 ) (-480 -264 32 ) (-480 -264 16 ) (-304 -264 16 ) 
4 31 41 0 (-480 -264 48 ) (-480 -264 32 ) (-288 -264 32 ) (-288 -264 48 ) 
4 31 40 0 (-480 -264 64 ) (-480 -264 48 ) (-272 -264 48 ) (-272 -264 64 ) 
4 31 39 0 (-480 -264 80 ) (-480 -264 64 ) (-256 -264 64 ) (-256 -264 80 ) 
4 31 38 0 (-480 -264 96 ) (-480 -264 80 ) (-240 -264 80 ) (-240 -264 96 ) 
4 31 36 0 (-208 -264 608 ) (-224 -264 608 ) (-224 -264 112 ) (-208 -264 112 ) 
4 31 37 0 (-224 -264 608 ) (-480 -264 608 ) (-480 -264 96 ) (-224 -264 96 ) 
4 31 35 0 (-192 -264 608 ) (-208 -264 608 ) (-208 -264 128 ) (-192 -264 128 ) 
4 31 34 0 (-176 -264 608 ) (-192 -264 608 ) (-192 -264 144 ) (-176 -264 144 ) 
4 31 33 0 (-160 -264 608 ) (-176 -264 608 ) (-176 -264 160 ) (-160 -264 160 ) 
4 31 32 0 (-64 -264 176 ) (-64 -264 608 ) (-160 -264 608 ) (-160 -264 176 ) 
4 32 44 0 (-64 -384 176 ) (-64 -384 608 ) (-160 -384 608 ) (-160 -384 176 ) 
4 32 33 0 (-160 -384 176 ) (-160 -384 608 ) (-160 -264 608 ) (-160 -264 176 ) 
4 33 44 0 (-160 -384 608 ) (-176 -384 608 ) (-176 -384 160 ) (-160 -384 160 ) 
4 33 34 0 (-176 -384 160 ) (-176 -384 608 ) (-176 -264 608 ) (-176 -264 160 ) 
4 34 44 0 (-176 -384 608 ) (-192 -384 608 ) (-192 -384 144 ) (-176 -384 144 ) 
4 34 35 0 (-192 -384 144 ) (-192 -384 608 ) (-192 -264 608 ) (-192 -264 144 ) 
4 35 44 0 (-192 -384 608 ) (-208 -384 608 ) (-208 -384 128 ) (-192 -384 128 ) 
4 35 36 0 (-208 -384 128 ) (-208 -384 608 ) (-208 -264 608 ) (-208 -264 128 ) 
4 36 44 0 (-208 -384 608 ) (-224 -384 608 ) (-224 -384 112 ) (-208 -384 112 ) 
4 36 37 0 (-224 -384 112 ) (-224 -384 608 ) (-224 -264 608 ) (-224 -264 112 ) 
4 37 44 0 (-224 -384 608 ) (-480 -384 608 ) (-480 -384 96 ) (-224 -384 96 ) 
4 37 38 0 (-480 -384 96 ) (-480 -264 96 ) (-240 -264 96 ) (-240 -384 96 ) 
4 38 44 0 (-480 -384 96 ) (-480 -384 80 ) (-240 -384 80 ) (-240 -384 96 ) 
4 38 39 0 (-480 -384 80 ) (-480 -264 80 ) (-256 -264 80 ) (-256 -384 80 ) 
4 39 44 0 (-480 -384 80 ) (-480 -384 64 ) (-256 -384 64 ) (-256 -384 80 ) 
4 39 40 0 (-480 -384 64 ) (-480 -264 64 ) (-272 -264 64 ) (-272 -384 64 ) 
4 40 44 0 (-480 -384 64 ) (-480 -384 48 ) (-272 -384 48 ) (-272 -384 64 ) 
4 40 41 0 (-480 -384 48 ) (-480 -264 48 ) (-288 -264 48 ) (-288 -384 48 ) 
4 41 44 0 (-480 -384 48 ) (-480 -384 32 ) (-288 -384 32 ) (-288 -384 48 ) 
4 41 42 0 (-304 -384 32 ) (-480 -384 32 ) (-480 -264 32 ) (-304 -264 32 ) 
4 42 44 0 (-304 -384 32 ) (-480 -384 32 ) (-480 -384 16 ) (-304 -384 16 ) 
4 42 43 0 (-320 -384 16 ) (-480 -384 16 ) (-480 -264 16 ) (-320 -264 16 ) 
4 43 44 0 (-320 -384 16 ) (-480 -384 16 ) (-480 -384 0 ) (-320 -384 0 ) 
4 44 51 0 (-256 -576 96 ) (-256 -576 80 ) (-240 -576 80 ) (-240 -576 96 ) 
4 44 50 0 (-224 -576 112 ) (-256 -576 112 ) (-256 -576 96 ) (-224 -576 96 ) 
4 44 52 0 (-256 -576 112 ) (-272 -576 112 ) (-272 -576 64 ) (-256 -576 64 ) 
4 44 49 0 (-208 -576 112 ) (-208 -576 128 ) (-272 -576 128 ) (-272 -576 112 ) 
4 44 53 0 (-288 -576 128 ) (-288 -576 48 ) (-272 -576 48 ) (-272 -576 128 ) 
4 44 48 0 (-192 -576 144 ) (-288 -576 144 ) (-288 -576 128 ) (-192 -576 128 ) 
4 44 54 0 (-288 -576 144 ) (-304 -576 144 ) (-304 -576 32 ) (-288 -576 32 ) 
4 44 47 0 (-176 -576 144 ) (-176 -576 160 ) (-304 -576 160 ) (-304 -576 144 ) 
4 44 55 0 (-320 -576 160 ) (-320 -576 16 ) (-304 -576 16 ) (-304 -576 160 ) 
4 44 46 0 (-160 -576 176 ) (-320 -576 176 ) (-320 -576 160 ) (-160 -576 160 ) 
4 44 56 0 (-320 -576 176 ) (-480 -576 176 ) (-480 -576 0 ) (-320 -576 0 ) 
4 44 45 0 (-64 -576 176 ) (-64 -576 608 ) (-480 -576 608 ) (-480 -576 176 ) 
4 45 57 0 (-64 -696 176 ) (-64 -696 608 ) (-480 -696 608 ) (-480 -696 176 ) 
4 45 46 0 (-160 -696 176 ) (-320 -696 176 ) (-320 -576 176 ) (-160 -576 176 ) 
4 45 56 0 (-320 -696 176 ) (-480 -696 176 ) (-480 -576 176 ) (-320 -576 176 ) 
4 46 57 0 (-160 -696 176 ) (-320 -696 176 ) (-320 -696 160 ) (-160 -696 160 ) 
4 46 47 0 (-304 -576 160 ) (-176 -576 160 ) (-176 -696 160 ) (-304 -696 160 ) 
4 46 55 0 (-320 -696 160 ) (-320 -576 160 ) (-304 -576 160 ) (-304 -696 160 ) 
4 46 56 0 (-320 -696 160 ) (-320 -696 176 ) (-320 -576 176 ) (-320 -576 160 ) 
4 47 57 0 (-176 -696 144 ) (-176 -696 160 ) (-304 -696 160 ) (-304 -696 144 ) 
4 47 48 0 (-288 -576 144 ) (-192 -576 144 ) (-192 -696 144 ) (-288 -696 144 ) 
4 47 54 0 (-304 -696 144 ) (-304 -576 144 ) (-288 -576 144 ) (-288 -696 144 ) 
4 47 55 0 (-304 -696 144 ) (-304 -696 160 ) (-304 -576 160 ) (-304 -576 144 ) 
4 48 57 0 (-192 -696 144 ) (-288 -696 144 ) (-288 -696 128 ) (-192 -696 128 ) 
4 48 49 0 (-272 -576 128 ) (-208 -576 128 ) (-208 -696 128 ) (-272 -696 128 ) 
4 48 53 0 (-288 -696 128 ) (-288 -576 128 ) (-272 -576 128 ) (-272 -696 128 ) 
4 48 54 0 (-288 -696 128 ) (-288 -696 144 ) (-288 -576 144 ) (-288 -576 128 ) 
4 49 57 0 (-208 -696 112 ) (-208 -696 128 ) (-272 -696 128 ) (-272 -696 112 ) 
4 49 50 0 (-256 -576 112 ) (-224 -576 112 ) (-224 -696 112 ) (-256 -696 112 ) 
4 49 52 0 (-272 -696 112 ) (-272 -576 112 ) (-256 -576 112 ) (-256 -696 112 ) 
4 49 53 0 (-272 -696 112 ) (-272 -696 128 ) (-272 -576 128 ) (-272 -576 112 ) 
4 50 57 0 (-224 -696 112 ) (-256 -696 112 ) (-256 -696 96 ) (-224 -696 96 ) 
4 50 51 0 (-256 -696 96 ) (-256 -576 96 ) (-240 -576 96 ) (-240 -696 96 ) 
4 50 52 0 (-256 -696 96 ) (-256 -696 112 ) (-256 -576 112 ) (-256 -576 96 ) 
4 51 57 0 (-256 -696 96 ) (-256 -696 80 ) (-240 -696 80 ) (-240 -696 96 ) 
4 51 52 0 (-256 -696 80 ) (-256 -696 96 ) (-256 -576 96 ) (-256 -576 80 ) 
4 52 57 0 (-256 -696 112 ) (-272 -696 112 ) (-272 -696 64 ) (-256 -696 64 ) 
4 52 53 0 (-272 -696 64 ) (-272 -696 112 ) (-272 -576 112 ) (-272 -576 64 ) 
4 53 57 0 (-288 -696 128 ) (-288 -696 48 ) (-272 -696 48 ) (-272 -696 128 ) 
4 53 54 0 (-288 -696 48 ) (-288 -696 128 ) (-288 -576 128 ) (-288 -576 48 ) 
4 54 57 0 (-288 -696 144 ) (-304 -696 144 ) (-304 -696 32 ) (-288 -696 32 ) 
4 54 55 0 (-304 -696 32 ) (-304 -696 144 ) (-304 -576 144 ) (-304 -576 32 ) 
4 55 57 0 (-320 -696 160 ) (-320 -696 16 ) (-304 -696 16 ) (-304 -696 160 ) 
4 55 56 0 (-320 -696 16 ) (-320 -696 160 ) (-320 -576 160 ) (-320 -576 16 ) 
4 56 57 0 (-320 -696 176 ) (-480 -696 176 ) (-480 -696 0 ) (-320 -696 0 ) 
4 57 69 0 (-320 -896 16 ) (-480 -896 16 ) (-480 -896 0 ) (-320 -896 0 ) 
4 57 68 0 (-304 -896 32 ) (-480 -896 32 ) (-480 -896 16 ) (-304 -896 16 ) 
4 57 67 0 (-480 -896 48 ) (-480 -896 32 ) (-288 -896 32 ) (-288 -896 48 ) 
4 57 66 0 (-480 -896 64 ) (-480 -896 48 ) (-272 -896 48 ) (-272 -896 64 ) 
4 57 65 0 (-480 -896 80 ) (-480 -896 64 ) (-256 -896 64 ) (-256 -896 80 ) 
4 57 64 0 (-480 -896 96 ) (-480 -896 80 ) (-240 -896 80 ) (-240 -896 96 ) 
4 57 62 0 (-208 -896 608 ) (-224 -896 608 ) (-224 -896 112 ) (-208 -896 112 ) 
4 57 63 0 (-224 -896 608 ) (-480 -896 608 ) (-480 -896 96 ) (-224 -896 96 ) 
4 57 61 0 (-192 -896 608 ) (-208 -896 608 ) (-208 -896 128 ) (-192 -896 128 ) 
4 57 60 0 (-176 -896 608 ) (-192 -896 608 ) (-192 -896 144 ) (-176 -896 144 ) 
4 57 59 0 (-160 -896 608 ) (-176 -896 608 ) (-176 -896 160 ) (-160 -896 160 ) 
4 57 58 0 (-64 -896 176 ) (-64 -896 608 ) (-160 -896 608 ) (-160 -896 176 ) 
4 58 70 0 (-64 -1016 176 ) (-64 -1016 608 ) (-160 -1016 608 ) (-160 -1016 176 ) 
4 58 59 0 (-160 -1016 176 ) (-160 -1016 608 ) (-160 -896 608 ) (-160 -896 176 ) 
4 59 70 0 (-160 -1016 608 ) (-176 -1016 608 ) (-176 -1016 160 ) (-160 -1016 160 ) 
4 59 60 0 (-176 -1016 160 ) (-176 -1016 608 ) (-176 -896 608 ) (-176 -896 160 ) 
4 60 70 0 (-176 -1016 608 ) (-192 -1016 608 ) (-192 -1016 144 ) (-176 -1016 144 ) 
4 60 61 0 (-192 -1016 144 ) (-192 -1016 608 ) (-192 -896 608 ) (-192 -896 144 ) 
4 61 70 0 (-192 -1016 608 ) (-208 -1016 608 ) (-208 -1016 128 ) (-192 -1016 128 ) 
4 61 62 0 (-208 -1016 128 ) (-208 -1016 608 ) (-208 -896 608 ) (-208 -896 128 ) 
4 62 70 0 (-208 -1016 608 ) (-224 -1016 608 ) (-224 -1016 112 ) (-208 -1016 112 ) 
4 62 63 0 (-224 -1016 112 ) (-224 -1016 608 ) (-224 -896 608 ) (-224 -896 112 ) 
4 63 70 0 (-224 -1016 608 ) (-480 -1016 608 ) (-480 -1016 96 ) (-224 -1016 96 ) 
4 63 64 0 (-480 -1016 96 ) (-480 -896 96 ) (-240 -896 96 ) (-240 -1016 96 ) 
4 64 70 0 (-480 -1016 96 ) (-480 -1016 80 ) (-240 -1016 80 ) (-240 -1016 96 ) 
4 64 65 0 (-480 -1016 80 ) (-480 -896 80 ) (-256 -896 80 ) (-256 -1016 80 ) 
4 65 70 0 (-480 -1016 80 ) (-480 -1016 64 ) (-256 -1016 64 ) (-256 -1016 80 ) 
4 65 66 0 (-480 -1016 64 ) (-480 -896 64 ) (-272 -896 64 ) (-272 -1016 64 ) 
4 66 70 0 (-480 -1016 64 ) (-480 -1016 48 ) (-272 -1016 48 ) (-272 -1016 64 ) 
4 66 67 0 (-480 -1016 48 ) (-480 -896 48 ) (-288 -896 48 ) (-288 -1016 48 ) 
4 67 70 0 (-480 -1016 48 ) (-480 -1016 32 ) (-288 -1016 32 ) (-288 -1016 48 ) 
4 67 68 0 (-304 -1016 32 ) (-480 -1016 32 ) (-480 -896 32 ) (-304 -896 32 ) 
4 68 70 0 (-304 -1016 32 ) (-480 -1016 32 ) (-480 -1016 16 ) (-304 -1016 16 ) 
4 68 69 0 (-320 -1016 16 ) (-480 -1016 16 ) (-480 -896 16 ) (-320 -896 16 ) 
4 69 70 0 (-320 -1016 16 ) (-480 -1016 16 ) (-480 -1016 0 ) (-320 -1016 0 ) 
4 70 72 0 (-64 -1024 0 ) (-64 -1024 64 ) (-480 -1024 64 ) (-480 -1024 0 ) 
4 70 71 0 (-64 -1024 64 ) (-64 -1024 608 ) (-480 -1024 608 ) (-480 -1024 64 ) 
4 71 72 0 (-480 -1240 64 ) (-480 -1024 64 ) (0 -1024 64 ) (0 -1240 64 ) 
4 0 (0 192 0 ) (192 192 0 ) (192 0 0 ) (0 0 0 ) 
4 0 (192 192 0 ) (192 192 608 ) (192 0 608 ) (192 0 0 ) 
4 0 (192 192 608 ) (192 192 0 ) (0 192 0 ) (0 192 608 ) 
4 0 (0 0 608 ) (192 0 608 ) (192 192 608 ) (0 192 608 ) 
4 1 (0 -1024 608 ) (192 -1024 608 ) (192 0 608 ) (0 0 608 ) 
4 1 (192 -1024 608 ) (192 -1024 0 ) (192 0 0 ) (192 0 608 ) 
4 1 (0 0 0 ) (192 0 0 ) (192 -1024 0 ) (0 -1024 0 ) 
4 2 (0 -1272 64 ) (0 -1240 64 ) (192 -1240 64 ) (192 -1272 64 ) 
4 2 (192 -1272 608 ) (192 -1024 608 ) (0 -1024 608 ) (0 -1272 608 ) 
4 2 (192 -1272 608 ) (192 -1272 64 ) (192 -1024 64 ) (192 -1024 608 ) 
4 2 (0 -1272 64 ) (192 -1272 64 ) (192 -1272 608 ) (0 -1272 608 ) 
4 3 (0 -1240 0 ) (0 -1024 0 ) (192 -1024 0 ) (192 -1240 0 ) 
4 3 (192 -1240 64 ) (192 -1240 0 ) (192 -1024 0 ) (192 -1024 64 ) 
4 3 (0 -1240 0 ) (192 -1240 0 ) (192 -1240 64 ) (0 -1240 64 ) 
4 4 (-64 0 0 ) (-64 0 176 ) (-64 64 176 ) (-64 64 0 ) 
4 4 (0 0 0 ) (-64 0 0 ) (-64 192 0 ) (0 192 0 ) 
4 4 (0 192 608 ) (0 192 0 ) (-64 192 0 ) (-64 192 608 ) 
4 4 (0 192 608 ) (-64 192 608 ) (-64 0 608 ) (0 0 608 ) 
4 5 (-240 64 80 ) (-224 64 80 ) (-224 64 96 ) (-240 64 96 ) 
4 5 (-256 64 80 ) (-256 64 64 ) (-224 64 64 ) (-224 64 80 ) 
4 5 (-208 64 64 ) (-208 64 112 ) (-224 64 112 ) (-224 64 64 ) 
4 5 (-272 64 48 ) (-208 64 48 ) (-208 64 64 ) (-272 64 64 ) 
4 5 (-208 64 48 ) (-192 64 48 ) (-192 64 128 ) (-208 64 128 ) 
4 5 (-288 64 48 ) (-288 64 32 ) (-192 64 32 ) (-192 64 48 ) 
4 5 (-176 64 32 ) (-176 64 144 ) (-192 64 144 ) (-192 64 32 ) 
4 5 (-304 64 16 ) (-176 64 16 ) (-176 64 32 ) (-304 64 32 ) 
4 5 (-176 64 16 ) (-160 64 16 ) (-160 64 160 ) (-176 64 160 ) 
4 5 (-320 64 16 ) (-320 64 0 ) (-160 64 0 ) (-160 64 16 ) 
4 5 (-64 64 0 ) (-64 64 176 ) (-160 64 176 ) (-160 64 0 ) 
4 5 (-64 64 0 ) (-480 64 0 ) (-480 192 0 ) (-64 192 0 ) 
4 5 (-480 64 0 ) (-480 64 608 ) (-480 192 608 ) (-480 192 0 ) 
4 5 (-64 192 608 ) (-64 192 0 ) (-480 192 0 ) (-480 192 608 ) 
4 5 (-64 192 608 ) (-480 192 608 ) (-480 64 608 ) (-64 64 608 ) 
4 6 (-160 64 176 ) (-64 64 176 ) (-64 0 176 ) (-160 0 176 ) 
4 6 (-480 64 608 ) (-480 64 176 ) (-480 0 176 ) (-480 0 608 ) 
4 6 (-64 0 608 ) (-64 64 608 ) (-480 64 608 ) (-480 0 608 ) 
4 7 (-176 64 160 ) (-160 64 160 ) (-160 0 160 ) (-176 0 160 ) 
4 7 (-160 64 160 ) (-160 64 176 ) (-160 0 176 ) (-160 0 160 ) 
4 8 (-192 64 144 ) (-176 64 144 ) (-176 0 144 ) (-192 0 144 ) 
4 8 (-176 64 144 ) (-176 64 160 ) (-176 0 160 ) (-176 0 144 ) 
4 9 (-208 64 128 ) (-192 64 128 ) (-192 0 128 ) (-208 0 128 ) 
4 9 (-192 64 128 ) (-192 64 144 ) (-192 0 144 ) (-192 0 128 ) 
4 10 (-224 64 112 ) (-208 64 112 ) (-208 0 112 ) (-224 0 112 ) 
4 10 (-208 64 112 ) (-208 64 128 ) (-208 0 128 ) (-208 0 112 ) 
4 11 (-240 64 96 ) (-224 64 96 ) (-224 0 96 ) (-240 0 96 ) 
4 11 (-224 64 96 ) (-224 64 112 ) (-224 0 112 ) (-224 0 96 ) 
4 12 (-256 0 80 ) (-256 64 80 ) (-240 64 80 ) (-240 0 80 ) 
4 12 (-240 64 96 ) (-240 0 96 ) (-240 0 80 ) (-240 64 80 ) 
4 13 (-256 64 80 ) (-256 0 80 ) (-256 0 64 ) (-256 64 64 ) 
4 13 (-272 0 64 ) (-272 64 64 ) (-256 64 64 ) (-256 0 64 ) 
4 14 (-272 64 64 ) (-272 0 64 ) (-272 0 48 ) (-272 64 48 ) 
4 14 (-288 0 48 ) (-288 64 48 ) (-272 64 48 ) (-272 0 48 ) 
4 15 (-288 64 48 ) (-288 0 48 ) (-288 0 32 ) (-288 64 32 ) 
4 15 (-304 0 32 ) (-304 64 32 ) (-288 64 32 ) (-288 0 32 ) 
4 16 (-304 64 32 ) (-304 0 32 ) (-304 0 16 ) (-304 64 16 ) 
4 16 (-320 0 16 ) (-320 64 16 ) (-304 64 16 ) (-304 0 16 ) 
4 17 (-320 64 16 ) (-320 0 16 ) (-320 0 0 ) (-320 64 0 ) 
4 17 (-480 64 176 ) (-480 64 0 ) (-480 0 0 ) (-480 0 176 ) 
4 17 (-480 0 0 ) (-480 64 0 ) (-320 64 0 ) (-320 0 0 ) 
4 18 (-64 -896 0 ) (-64 -1016 0 ) (-64 -1016 16 ) (-64 -896 16 ) 
4 18 (-64 -1016 16 ) (-64 -1016 32 ) (-64 -896 32 ) (-64 -896 16 ) 
4 18 (-64 -1016 32 ) (-64 -1016 176 ) (-64 -896 176 ) (-64 -896 32 ) 
4 18 (-64 -576 0 ) (-64 -696 0 ) (-64 -696 176 ) (-64 -576 176 ) 
4 18 (-64 -264 0 ) (-64 -384 0 ) (-64 -384 16 ) (-64 -264 16 ) 
4 18 (-64 -384 16 ) (-64 -384 32 ) (-64 -264 32 ) (-64 -264 16 ) 
4 18 (-64 -384 32 ) (-64 -384 176 ) (-64 -264 176 ) (-64 -264 32 ) 
4 18 (-64 0 176 ) (-64 0 0 ) (-64 -56 0 ) (-64 -56 176 ) 
4 18 (0 0 608 ) (-64 0 608 ) (-64 -1024 608 ) (0 -1024 608 ) 
4 18 (0 -1024 0 ) (-64 -1024 0 ) (-64 0 0 ) (0 0 0 ) 
4 19 (-64 -56 176 ) (-160 -56 176 ) (-160 0 176 ) (-64 0 176 ) 
4 19 (-480 0 608 ) (-480 0 176 ) (-480 -56 176 ) (-480 -56 608 ) 
4 19 (-64 0 608 ) (-480 0 608 ) (-480 -56 608 ) (-64 -56 608 ) 
4 20 (-176 0 160 ) (-160 0 160 ) (-160 -56 160 ) (-176 -56 160 ) 
4 20 (-160 0 160 ) (-160 0 176 ) (-160 -56 176 ) (-160 -56 160 ) 
4 21 (-192 0 144 ) (-176 0 144 ) (-176 -56 144 ) (-192 -56 144 ) 
4 21 (-176 0 144 ) (-176 0 160 ) (-176 -56 160 ) (-176 -56 144 ) 
4 22 (-208 0 128 ) (-192 0 128 ) (-192 -56 128 ) (-208 -56 128 ) 
4 22 (-192 0 128 ) (-192 0 144 ) (-192 -56 144 ) (-192 -56 128 ) 
4 23 (-224 0 112 ) (-208 0 112 ) (-208 -56 112 ) (-224 -56 112 ) 
4 23 (-208 0 112 ) (-208 0 128 ) (-208 -56 128 ) (-208 -56 112 ) 
4 24 (-240 0 96 ) (-224 0 96 ) (-224 -56 96 ) (-240 -56 96 ) 
4 24 (-224 0 96 ) (-224 0 112 ) (-224 -56 112 ) (-224 -56 96 ) 
4 25 (-256 -56 80 ) (-256 0 80 ) (-240 0 80 ) (-240 -56 80 ) 
4 25 (-240 0 96 ) (-240 -56 96 ) (-240 -56 80 ) (-240 0 80 ) 
4 26 (-256 0 80 ) (-256 -56 80 ) (-256 -56 64 ) (-256 0 64 ) 
4 26 (-272 -56 64 ) (-272 0 64 ) (-256 0 64 ) (-256 -56 64 ) 
4 27 (-272 0 64 ) (-272 -56 64 ) (-272 -56 48 ) (-272 0 48 ) 
4 27 (-288 -56 48 ) (-288 0 48 ) (-272 0 48 ) (-272 -56 48 ) 
4 28 (-288 0 48 ) (-288 -56 48 ) (-288 -56 32 ) (-288 0 32 ) 
4 28 (-304 -56 32 ) (-304 0 32 ) (-288 0 32 ) (-288 -56 32 ) 
4 29 (-304 0 32 ) (-304 -56 32 ) (-304 -56 16 ) (-304 0 16 ) 
4 29 (-320 -56 16 ) (-320 0 16 ) (-304 0 16 ) (-304 -56 16 ) 
4 30 (-320 0 16 ) (-320 -56 16 ) (-320 -56 0 ) (-320 0 0 ) 
4 30 (-480 0 176 ) (-480 0 0 ) (-480 -56 0 ) (-480 -56 176 ) 
4 30 (-320 -56 0 ) (-480 -56 0 ) (-480 0 0 ) (-320 0 0 ) 
4 31 (-64 -264 0 ) (-64 -264 16 ) (-320 -264 16 ) (-320 -264 0 ) 
4 31 (-64 -264 16 ) (-64 -264 32 ) (-304 -264 32 ) (-304 -264 16 ) 
4 31 (-288 -264 32 ) (-160 -264 32 ) (-160 -264 48 ) (-288 -264 48 ) 
4 31 (-272 -264 48 ) (-176 -264 48 ) (-176 -264 64 ) (-272 -264 64 ) 
4 31 (-256 -264 64 ) (-192 -264 64 ) (-192 -264 80 ) (-256 -264 80 ) 
4 31 (-240 -264 80 ) (-208 -264 80 ) (-208 -264 96 ) (-240 -264 96 ) 
4 31 (-224 -264 112 ) (-224 -264 96 ) (-208 -264 96 ) (-208 -264 112 ) 
4 31 (-208 -264 128 ) (-208 -264 80 ) (-192 -264 80 ) (-192 -264 128 ) 
4 31 (-192 -264 144 ) (-192 -264 64 ) (-176 -264 64 ) (-176 -264 144 ) 
4 31 (-176 -264 160 ) (-176 -264 48 ) (-160 -264 48 ) (-160 -264 160 ) 
4 31 (-64 -264 32 ) (-64 -264 176 ) (-160 -264 176 ) (-160 -264 32 ) 
4 31 (-64 -56 608 ) (-480 -56 608 ) (-480 -264 608 ) (-64 -264 608 ) 
4 31 (-240 -56 96 ) (-224 -56 96 ) (-224 -56 80 ) (-240 -56 80 ) 
4 31 (-224 -56 80 ) (-224 -56 64 ) (-256 -56 64 ) (-256 -56 80 ) 
4 31 (-224 -56 64 ) (-224 -56 112 ) (-208 -56 112 ) (-208 -56 64 ) 
4 31 (-272 -56 64 ) (-208 -56 64 ) (-208 -56 48 ) (-272 -56 48 ) 
4 31 (-208 -56 128 ) (-192 -56 128 ) (-192 -56 48 ) (-208 -56 48 ) 
4 31 (-192 -56 48 ) (-192 -56 32 ) (-288 -56 32 ) (-288 -56 48 ) 
4 31 (-192 -56 32 ) (-192 -56 144 ) (-176 -56 144 ) (-176 -56 32 ) 
4 31 (-304 -56 32 ) (-176 -56 32 ) (-176 -56 16 ) (-304 -56 16 ) 
4 31 (-176 -56 160 ) (-160 -56 160 ) (-160 -56 16 ) (-176 -56 16 ) 
4 31 (-160 -56 16 ) (-160 -56 0 ) (-320 -56 0 ) (-320 -56 16 ) 
4 31 (-160 -56 0 ) (-160 -56 176 ) (-64 -56 176 ) (-64 -56 0 ) 
4 31 (-480 -56 608 ) (-480 -56 0 ) (-480 -264 0 ) (-480 -264 608 ) 
4 31 (-64 -264 0 ) (-480 -264 0 ) (-480 -56 0 ) (-64 -56 0 ) 
4 32 (-64 -264 608 ) (-160 -264 608 ) (-160 -384 608 ) (-64 -384 608 ) 
4 32 (-64 -384 176 ) (-160 -384 176 ) (-160 -264 176 ) (-64 -264 176 ) 
4 33 (-160 -264 608 ) (-176 -264 608 ) (-176 -384 608 ) (-160 -384 608 ) 
4 33 (-160 -264 160 ) (-160 -264 176 ) (-160 -384 176 ) (-160 -384 160 ) 
4 33 (-176 -384 160 ) (-176 -264 160 ) (-160 -264 160 ) (-160 -384 160 ) 
4 34 (-176 -264 608 ) (-192 -264 608 ) (-192 -384 608 ) (-176 -384 608 ) 
4 34 (-176 -264 144 ) (-176 -264 160 ) (-176 -384 160 ) (-176 -384 144 ) 
4 34 (-192 -384 144 ) (-192 -264 144 ) (-176 -264 144 ) (-176 -384 144 ) 
4 35 (-192 -264 608 ) (-208 -264 608 ) (-208 -384 608 ) (-192 -384 608 ) 
4 35 (-192 -264 128 ) (-192 -264 144 ) (-192 -384 144 ) (-192 -384 128 ) 
4 35 (-208 -384 128 ) (-208 -264 128 ) (-192 -264 128 ) (-192 -384 128 ) 
4 36 (-208 -264 608 ) (-224 -264 608 ) (-224 -384 608 ) (-208 -384 608 ) 
4 36 (-208 -264 112 ) (-208 -264 128 ) (-208 -384 128 ) (-208 -384 112 ) 
4 36 (-224 -384 112 ) (-224 -264 112 ) (-208 -264 112 ) (-208 -384 112 ) 
4 37 (-240 -264 96 ) (-224 -264 96 ) (-224 -384 96 ) (-240 -384 96 ) 
4 37 (-224 -264 112 ) (-224 -384 112 ) (-224 -384 96 ) (-224 -264 96 ) 
4 37 (-480 -264 608 ) (-480 -264 96 ) (-480 -384 96 ) (-480 -384 608 ) 
4 37 (-224 -264 608 ) (-480 -264 608 ) (-480 -384 608 ) (-224 -384 608 ) 
4 38 (-256 -264 80 ) (-240 -264 80 ) (-240 -384 80 ) (-256 -384 80 ) 
4 38 (-480 -264 96 ) (-480 -264 80 ) (-480 -384 80 ) (-480 -384 96 ) 
4 38 (-240 -264 96 ) (-240 -384 96 ) (-240 -384 80 ) (-240 -264 80 ) 
4 39 (-272 -264 64 ) (-256 -264 64 ) (-256 -384 64 ) (-272 -384 64 ) 
4 39 (-480 -264 80 ) (-480 -264 64 ) (-480 -384 64 ) (-480 -384 80 ) 
4 39 (-256 -264 80 ) (-256 -384 80 ) (-256 -384 64 ) (-256 -264 64 ) 
4 40 (-288 -264 48 ) (-272 -264 48 ) (-272 -384 48 ) (-288 -384 48 ) 
4 40 (-480 -264 64 ) (-480 -264 48 ) (-480 -384 48 ) (-480 -384 64 ) 
4 40 (-272 -264 64 ) (-272 -384 64 ) (-272 -384 48 ) (-272 -264 48 ) 
4 41 (-288 -384 32 ) (-304 -384 32 ) (-304 -264 32 ) (-288 -264 32 ) 
4 41 (-480 -264 48 ) (-480 -264 32 ) (-480 -384 32 ) (-480 -384 48 ) 
4 41 (-288 -264 48 ) (-288 -384 48 ) (-288 -384 32 ) (-288 -264 32 ) 
4 42 (-304 -384 16 ) (-320 -384 16 ) (-320 -264 16 ) (-304 -264 16 ) 
4 42 (-480 -264 32 ) (-480 -264 16 ) (-480 -384 16 ) (-480 -384 32 ) 
4 42 (-304 -264 32 ) (-304 -384 32 ) (-304 -384 16 ) (-304 -264 16 ) 
4 43 (-320 -384 0 ) (-480 -384 0 ) (-480 -264 0 ) (-320 -264 0 ) 
4 43 (-480 -264 16 ) (-480 -264 0 ) (-480 -384 0 ) (-480 -384 16 ) 
4 43 (-320 -264 16 ) (-320 -384 16 ) (-320 -384 0 ) (-320 -264 0 ) 
4 44 (-240 -576 80 ) (-224 -576 80 ) (-224 -576 96 ) (-240 -576 96 ) 
4 44 (-256 -576 80 ) (-256 -576 64 ) (-224 -576 64 ) (-224 -576 80 ) 
4 44 (-208 -576 64 ) (-208 -576 112 ) (-224 -576 112 ) (-224 -576 64 ) 
4 44 (-272 -576 48 ) (-208 -576 48 ) (-208 -576 64 ) (-272 -576 64 ) 
4 44 (-208 -576 48 ) (-192 -576 48 ) (-192 -576 128 ) (-208 -576 128 ) 
4 44 (-288 -576 48 ) (-288 -576 32 ) (-192 -576 32 ) (-192 -576 48 ) 
4 44 (-176 -576 32 ) (-176 -576 144 ) (-192 -576 144 ) (-192 -576 32 ) 
4 44 (-304 -576 16 ) (-176 -576 16 ) (-176 -576 32 ) (-304 -576 32 ) 
4 44 (-176 -576 16 ) (-160 -576 16 ) (-160 -576 160 ) (-176 -576 160 ) 
4 44 (-320 -576 16 ) (-320 -576 0 ) (-160 -576 0 ) (-160 -576 16 ) 
4 44 (-64 -576 0 ) (-64 -576 176 ) (-160 -576 176 ) (-160 -576 0 ) 
4 44 (-64 -576 0 ) (-480 -576 0 ) (-480 -384 0 ) (-64 -384 0 ) 
4 44 (-160 -384 32 ) (-160 -384 176 ) (-64 -384 176 ) (-64 -384 32 ) 
4 44 (-160 -384 160 ) (-160 -384 48 ) (-176 -384 48 ) (-176 -384 160 ) 
4 44 (-176 -384 144 ) (-176 -384 64 ) (-192 -384 64 ) (-192 -384 144 ) 
4 44 (-192 -384 128 ) (-192 -384 80 ) (-208 -384 80 ) (-208 -384 128 ) 
4 44 (-208 -384 112 ) (-208 -384 96 ) (-224 -384 96 ) (-224 -384 112 ) 
4 44 (-240 -384 96 ) (-208 -384 96 ) (-208 -384 80 ) (-240 -384 80 ) 
4 44 (-256 -384 80 ) (-192 -384 80 ) (-192 -384 64 ) (-256 -384 64 ) 
4 44 (-272 -384 64 ) (-176 -384 64 ) (-176 -384 48 ) (-272 -384 48 ) 
4 44 (-288 -384 48 ) (-160 -384 48 ) (-160 -384 32 ) (-288 -384 32 ) 
4 44 (-304 -384 16 ) (-304 -384 32 ) (-64 -384 32 ) (-64 -384 16 ) 
4 44 (-320 -384 0 ) (-320 -384 16 ) (-64 -384 16 ) (-64 -384 0 ) 
4 44 (-480 -384 608 ) (-480 -384 0 ) (-480 -576 0 ) (-480 -576 608 ) 
4 44 (-64 -384 608 ) (-480 -384 608 ) (-480 -576 608 ) (-64 -576 608 ) 
4 45 (-64 -696 176 ) (-160 -696 176 ) (-160 -576 176 ) (-64 -576 176 ) 
4 45 (-480 -576 608 ) (-480 -576 176 ) (-480 -696 176 ) (-480 -696 608 ) 
4 45 (-64 -576 608 ) (-480 -576 608 ) (-480 -696 608 ) (-64 -696 608 ) 
4 46 (-176 -576 160 ) (-160 -576 160 ) (-160 -696 160 ) (-176 -696 160 ) 
4 46 (-160 -576 160 ) (-160 -576 176 ) (-160 -696 176 ) (-160 -696 160 ) 
4 47 (-192 -576 144 ) (-176 -576 144 ) (-176 -696 144 ) (-192 -696 144 ) 
4 47 (-176 -576 144 ) (-176 -576 160 ) (-176 -696 160 ) (-176 -696 144 ) 
4 48 (-208 -576 128 ) (-192 -576 128 ) (-192 -696 128 ) (-208 -696 128 ) 
4 48 (-192 -576 128 ) (-192 -576 144 ) (-192 -696 144 ) (-192 -696 128 ) 
4 49 (-224 -576 112 ) (-208 -576 112 ) (-208 -696 112 ) (-224 -696 112 ) 
4 49 (-208 -576 112 ) (-208 -576 128 ) (-208 -696 128 ) (-208 -696 112 ) 
4 50 (-240 -576 96 ) (-224 -576 96 ) (-224 -696 96 ) (-240 -696 96 ) 
4 50 (-224 -576 96 ) (-224 -576 112 ) (-224 -696 112 ) (-224 -696 96 ) 
4 51 (-256 -696 80 ) (-256 -576 80 ) (-240 -576 80 ) (-240 -696 80 ) 
4 51 (-240 -576 96 ) (-240 -696 96 ) (-240 -696 80 ) (-240 -576 80 ) 
4 52 (-256 -576 80 ) (-256 -696 80 ) (-256 -696 64 ) (-256 -576 64 ) 
4 52 (-272 -696 64 ) (-272 -576 64 ) (-256 -576 64 ) (-256 -696 64 ) 
4 53 (-272 -576 64 ) (-272 -696 64 ) (-272 -696 48 ) (-272 -576 48 ) 
4 53 (-288 -696 48 ) (-288 -576 48 ) (-272 -576 48 ) (-272 -696 48 ) 
4 54 (-288 -576 48 ) (-288 -696 48 ) (-288 -696 32 ) (-288 -576 32 ) 
4 54 (-304 -696 32 ) (-304 -576 32 ) (-288 -576 32 ) (-288 -696 32 ) 
4 55 (-304 -576 32 ) (-304 -696 32 ) (-304 -696 16 ) (-304 -576 16 ) 
4 55 (-320 -696 16 ) (-320 -576 16 ) (-304 -576 16 ) (-304 -696 16 ) 
4 56 (-320 -576 16 ) (-320 -696 16 ) (-320 -696 0 ) (-320 -576 0 ) 
4 56 (-480 -576 176 ) (-480 -576 0 ) (-480 -696 0 ) (-480 -696 176 ) 
4 56 (-320 -696 0 ) (-480 -696 0 ) (-480 -576 0 ) (-320 -576 0 ) 
4 57 (-64 -896 0 ) (-64 -896 16 ) (-320 -896 16 ) (-320 -896 0 ) 
4 57 (-64 -896 16 ) (-64 -896 32 ) (-304 -896 32 ) (-304 -896 16 ) 
4 57 (-288 -896 32 ) (-160 -896 32 ) (-160 -896 48 ) (-288 -896 48 ) 
4 57 (-272 -896 48 ) (-176 -896 48 ) (-176 -896 64 ) (-272 -896 64 ) 
4 57 (-256 -896 64 ) (-192 -896 64 ) (-192 -896 80 ) (-256 -896 80 ) 
4 57 (-240 -896 80 ) (-208 -896 80 ) (-208 -896 96 ) (-240 -896 96 ) 
4 57 (-224 -896 112 ) (-224 -896 96 ) (-208 -896 96 ) (-208 -896 112 ) 
4 57 (-208 -896 128 ) (-208 -896 80 ) (-192 -896 80 ) (-192 -896 128 ) 
4 57 (-192 -896 144 ) (-192 -896 64 ) (-176 -896 64 ) (-176 -896 144 ) 
4 57 (-176 -896 160 ) (-176 -896 48 ) (-160 -896 48 ) (-160 -896 160 ) 
4 57 (-64 -896 32 ) (-64 -896 176 ) (-160 -896 176 ) (-160 -896 32 ) 
4 57 (-64 -896 0 ) (-480 -896 0 ) (-480 -696 0 ) (-64 -696 0 ) 
4 57 (-160 -696 0 ) (-160 -696 176 ) (-64 -696 176 ) (-64 -696 0 ) 
4 57 (-160 -696 16 ) (-160 -696 0 ) (-320 -696 0 ) (-320 -696 16 ) 
4 57 (-176 -696 160 ) (-160 -696 160 ) (-160 -696 16 ) (-176 -696 16 ) 
4 57 (-304 -696 32 ) (-176 -696 32 ) (-176 -696 16 ) (-304 -696 16 ) 
4 57 (-192 -696 32 ) (-192 -696 144 ) (-176 -696 144 ) (-176 -696 32 ) 
4 57 (-192 -696 48 ) (-192 -696 32 ) (-288 -696 32 ) (-288 -696 48 ) 
4 57 (-208 -696 128 ) (-192 -696 128 ) (-192 -696 48 ) (-208 -696 48 ) 
4 57 (-272 -696 64 ) (-208 -696 64 ) (-208 -696 48 ) (-272 -696 48 ) 
4 57 (-224 -696 64 ) (-224 -696 112 ) (-208 -696 112 ) (-208 -696 64 ) 
4 57 (-224 -696 80 ) (-224 -696 64 ) (-256 -696 64 ) (-256 -696 80 ) 
4 57 (-240 -696 96 ) (-224 -696 96 ) (-224 -696 80 ) (-240 -696 80 ) 
4 57 (-480 -696 608 ) (-480 -696 0 ) (-480 -896 0 ) (-480 -896 608 ) 
4 57 (-64 -696 608 ) (-480 -696 608 ) (-480 -896 608 ) (-64 -896 608 ) 
4 58 (-64 -896 608 ) (-160 -896 608 ) (-160 -1016 608 ) (-64 -1016 608 ) 
4 58 (-64 -1016 176 ) (-160 -1016 176 ) (-160 -896 176 ) (-64 -896 176 ) 
4 59 (-160 -896 608 ) (-176 -896 608 ) (-176 -1016 608 ) (-160 -1016 608 ) 
4 59 (-160 -896 160 ) (-160 -896 176 ) (-160 -1016 176 ) (-160 -1016 160 ) 
4 59 (-176 -1016 160 ) (-176 -896 160 ) (-160 -896 160 ) (-160 -1016 160 ) 
4 60 (-176 -896 608 ) (-192 -896 608 ) (-192 -1016 608 ) (-176 -1016 608 ) 
4 60 (-176 -896 144 ) (-176 -896 160 ) (-176 -1016 160 ) (-176 -1016 144 ) 
4 60 (-192 -1016 144 ) (-192 -896 144 ) (-176 -896 144 ) (-176 -1016 144 ) 
4 61 (-192 -896 608 ) (-208 -896 608 ) (-208 -1016 608 ) (-192 -1016 608 ) 
4 61 (-192 -896 128 ) (-192 -896 144 ) (-192 -1016 144 ) (-192 -1016 128 ) 
4 61 (-208 -1016 128 ) (-208 -896 128 ) (-192 -896 128 ) (-192 -1016 128 ) 
4 62 (-208 -896 608 ) (-224 -896 608 ) (-224 -1016 608 ) (-208 -1016 608 ) 
4 62 (-208 -896 112 ) (-208 -896 128 ) (-208 -1016 128 ) (-208 -1016 112 ) 
4 62 (-224 -1016 112 ) (-224 -896 112 ) (-208 -896 112 ) (-208 -1016 112 ) 
4 63 (-240 -896 96 ) (-224 -896 96 ) (-224 -1016 96 ) (-240 -1016 96 ) 
4 63 (-224 -896 112 ) (-224 -1016 112 ) (-224 -1016 96 ) (-224 -896 96 ) 
4 63 (-480 -896 608 ) (-480 -896 96 ) (-480 -1016 96 ) (-480 -1016 608 ) 
4 63 (-224 -896 608 ) (-480 -896 608 ) (-480 -1016 608 ) (-224 -1016 608 ) 
4 64 (-256 -896 80 ) (-240 -896 80 ) (-240 -1016 80 ) (-256 -1016 80 ) 
4 64 (-480 -896 96 ) (-480 -896 80 ) (-480 -1016 80 ) (-480 -1016 96 ) 
4 64 (-240 -896 96 ) (-240 -1016 96 ) (-240 -1016 80 ) (-240 -896 80 ) 
4 65 (-272 -896 64 ) (-256 -896 64 ) (-256 -1016 64 ) (-272 -1016 64 ) 
4 65 (-480 -896 80 ) (-480 -896 64 ) (-480 -1016 64 ) (-480 -1016 80 ) 
4 65 (-256 -896 80 ) (-256 -1016 80 ) (-256 -1016 64 ) (-256 -896 64 ) 
4 66 (-288 -896 48 ) (-272 -896 48 ) (-272 -1016 48 ) (-288 -1016 48 ) 
4 66 (-480 -896 64 ) (-480 -896 48 ) (-480 -1016 48 ) (-480 -1016 64 ) 
4 66 (-272 -896 64 ) (-272 -1016 64 ) (-272 -1016 48 ) (-272 -896 48 ) 
4 67 (-288 -1016 32 ) (-304 -1016 32 ) (-304 -896 32 ) (-288 -896 32 ) 
4 67 (-480 -896 48 ) (-480 -896 32 ) (-480 -1016 32 ) (-480 -1016 48 ) 
4 67 (-288 -896 48 ) (-288 -1016 48 ) (-288 -1016 32 ) (-288 -896 32 ) 
4 68 (-304 -1016 16 ) (-320 -1016 16 ) (-320 -896 16 ) (-304 -896 16 ) 
4 68 (-480 -896 32 ) (-480 -896 16 ) (-480 -1016 16 ) (-480 -1016 32 ) 
4 68 (-304 -896 32 ) (-304 -1016 32 ) (-304 -1016 16 ) (-304 -896 16 ) 
4 69 (-480 -896 16 ) (-480 -896 0 ) (-480 -1016 0 ) (-480 -1016 16 ) 
4 69 (-320 -1016 0 ) (-480 -1016 0 ) (-480 -896 0 ) (-320 -896 0 ) 
4 69 (-320 -896 16 ) (-320 -1016 16 ) (-320 -1016 0 ) (-320 -896 0 ) 
4 70 (-480 -1024 0 ) (-480 -1016 0 ) (-64 -1016 0 ) (-64 -1024 0 ) 
4 70 (-160 -1016 32 ) (-160 -1016 176 ) (-64 -1016 176 ) (-64 -1016 32 ) 
4 70 (-160 -1016 160 ) (-160 -1016 48 ) (-176 -1016 48 ) (-176 -1016 160 ) 
4 70 (-176 -1016 144 ) (-176 -1016 64 ) (-192 -1016 64 ) (-192 -1016 144 ) 
4 70 (-192 -1016 128 ) (-192 -1016 80 ) (-208 -1016 80 ) (-208 -1016 128 ) 
4 70 (-208 -1016 112 ) (-208 -1016 96 ) (-224 -1016 96 ) (-224 -1016 112 ) 
4 70 (-240 -1016 96 ) (-208 -1016 96 ) (-208 -1016 80 ) (-240 -1016 80 ) 
4 70 (-256 -1016 80 ) (-192 -1016 80 ) (-192 -1016 64 ) (-256 -1016 64 ) 
4 70 (-272 -1016 64 ) (-176 -1016 64 ) (-176 -1016 48 ) (-272 -1016 48 ) 
4 70 (-288 -1016 48 ) (-160 -1016 48 ) (-160 -1016 32 ) (-288 -1016 32 ) 
4 70 (-304 -1016 16 ) (-304 -1016 32 ) (-64 -1016 32 ) (-64 -1016 16 ) 
4 70 (-320 -1016 0 ) (-320 -1016 16 ) (-64 -1016 16 ) (-64 -1016 0 ) 
4 70 (-480 -1016 608 ) (-480 -1016 0 ) (-480 -1024 0 ) (-480 -1024 608 ) 
4 70 (-64 -1024 608 ) (-64 -1016 608 ) (-480 -1016 608 ) (-480 -1024 608 ) 
4 71 (-480 -1272 64 ) (-480 -1240 64 ) (0 -1240 64 ) (0 -1272 64 ) 
4 71 (0 -1272 608 ) (0 -1024 608 ) (-480 -1024 608 ) (-480 -1272 608 ) 
4 71 (-480 -1024 608 ) (-480 -1024 64 ) (-480 -1272 64 ) (-480 -1272 608 ) 
4 71 (-480 -1272 64 ) (0 -1272 64 ) (0 -1272 608 ) (-480 -1272 608 ) 
4 72 (-480 -1240 0 ) (-480 -1024 0 ) (0 -1024 0 ) (0 -1240 0 ) 
4 72 (-480 -1024 64 ) (-480 -1024 0 ) (-480 -1240 0 ) (-480 -1240 64 ) 
4 72 (-480 -1240 0 ) (0 -1240 0 ) (0 -1240 64 ) (-480 -1240 64 ) 
