PRT1
24
51
87
4 0 3 0 (32 544 0 ) (32 480 0 ) (32 480 8 ) (32 544 8 ) 
4 0 2 0 (32 776 16 ) (32 776 0 ) (32 544 0 ) (32 544 16 ) 
4 0 1 0 (32 776 256 ) (32 776 16 ) (32 480 16 ) (32 480 256 ) 
4 0 4 0 (32 480 0 ) (256 480 0 ) (256 480 256 ) (32 480 256 ) 
4 1 12 0 (0 480 256 ) (0 776 256 ) (0 776 16 ) (0 480 16 ) 
4 1 2 0 (0 776 16 ) (32 776 16 ) (32 544 16 ) (0 544 16 ) 
4 1 4 0 (32 480 16 ) (32 480 256 ) (0 480 256 ) (0 480 16 ) 
4 2 13 0 (0 776 16 ) (0 776 8 ) (0 544 8 ) (0 544 16 ) 
4 2 14 0 (0 776 8 ) (0 776 0 ) (0 544 0 ) (0 544 8 ) 
4 2 3 0 (0 544 0 ) (32 544 0 ) (32 544 8 ) (0 544 8 ) 
4 3 14 0 (0 544 0 ) (0 480 0 ) (0 480 8 ) (0 544 8 ) 
4 3 4 0 (0 480 0 ) (32 480 0 ) (32 480 8 ) (0 480 8 ) 
4 4 15 0 (0 480 16 ) (0 480 0 ) (0 272 0 ) (0 272 16 ) 
4 4 12 0 (0 272 256 ) (0 480 256 ) (0 480 16 ) (0 272 16 ) 
4 4 5 0 (0 272 0 ) (64 272 0 ) (64 272 128 ) (0 272 128 ) 
4 5 17 0 (0 272 128 ) (0 272 0 ) (0 256 0 ) (0 256 128 ) 
4 5 8 0 (0 256 0 ) (64 256 0 ) (64 256 8 ) (0 256 8 ) 
4 5 6 0 (64 256 8 ) (64 256 128 ) (0 256 128 ) (0 256 8 ) 
4 6 18 0 (0 0 8 ) (0 0 256 ) (0 256 256 ) (0 256 8 ) 
4 6 9 0 (0 0 256 ) (0 0 8 ) (256 0 8 ) (256 0 256 ) 
4 6 8 0 (0 256 8 ) (64 256 8 ) (64 64 8 ) (0 64 8 ) 
4 6 7 0 (64 256 8 ) (256 256 8 ) (256 0 8 ) (64 0 8 ) 
4 7 10 0 (64 0 0 ) (256 0 0 ) (256 0 8 ) (64 0 8 ) 
4 7 8 0 (64 64 8 ) (64 256 8 ) (64 256 0 ) (64 64 0 ) 
4 8 19 0 (0 64 8 ) (0 256 8 ) (0 256 0 ) (0 64 0 ) 
4 9 21 0 (0 0 256 ) (0 0 8 ) (0 -256 8 ) (0 -256 256 ) 
4 9 11 0 (64 -256 8 ) (0 -256 8 ) (0 -64 8 ) (64 -64 8 ) 
4 9 10 0 (256 -256 8 ) (64 -256 8 ) (64 0 8 ) (256 0 8 ) 
4 10 11 0 (64 -64 0 ) (64 -256 0 ) (64 -256 8 ) (64 -64 8 ) 
4 11 22 0 (0 -64 0 ) (0 -256 0 ) (0 -256 8 ) (0 -64 8 ) 
4 12 17 0 (0 272 16 ) (0 272 128 ) (-32 272 128 ) (-32 272 16 ) 
4 12 16 0 (-32 776 256 ) (-32 776 16 ) (-32 272 16 ) (-32 272 256 ) 
4 12 13 0 (-32 544 16 ) (-32 776 16 ) (0 776 16 ) (0 544 16 ) 
4 12 15 0 (0 272 16 ) (-32 272 16 ) (-32 480 16 ) (0 480 16 ) 
4 13 16 0 (-32 776 16 ) (-32 776 8 ) (-32 544 8 ) (-32 544 16 ) 
4 13 14 0 (-32 544 8 ) (-32 776 8 ) (0 776 8 ) (0 544 8 ) 
4 14 16 0 (-32 776 8 ) (-32 776 0 ) (-32 480 0 ) (-32 480 8 ) 
4 14 15 0 (-32 480 8 ) (-32 480 0 ) (0 480 0 ) (0 480 8 ) 
4 15 17 0 (-32 272 0 ) (0 272 0 ) (0 272 16 ) (-32 272 16 ) 
4 15 16 0 (-32 480 0 ) (-32 272 0 ) (-32 272 16 ) (-32 480 16 ) 
4 16 17 0 (-64 272 0 ) (-32 272 0 ) (-32 272 128 ) (-64 272 128 ) 
4 17 19 0 (-64 256 0 ) (0 256 0 ) (0 256 8 ) (-64 256 8 ) 
4 17 18 0 (0 256 8 ) (0 256 128 ) (-64 256 128 ) (-64 256 8 ) 
4 18 21 0 (0 0 8 ) (0 0 256 ) (-256 0 256 ) (-256 0 8 ) 
4 18 19 0 (-64 64 8 ) (-64 256 8 ) (0 256 8 ) (0 64 8 ) 
4 18 20 0 (-64 0 8 ) (-256 0 8 ) (-256 256 8 ) (-64 256 8 ) 
4 19 20 0 (-64 64 8 ) (-64 256 8 ) (-64 256 0 ) (-64 64 0 ) 
4 20 23 0 (-256 0 0 ) (-64 0 0 ) (-64 0 8 ) (-256 0 8 ) 
4 21 22 0 (0 -256 8 ) (-64 -256 8 ) (-64 -64 8 ) (0 -64 8 ) 
4 21 23 0 (-64 -256 8 ) (-256 -256 8 ) (-256 0 8 ) (-64 0 8 ) 
4 22 23 0 (-64 -64 0 ) (-64 -256 0 ) (-64 -256 8 ) (-64 -64 8 ) 
4 0 (32 480 8 ) (32 480 16 ) (32 544 16 ) (32 544 8 ) 
4 0 (32 776 256 ) (256 776 256 ) (256 776 0 ) (32 776 0 ) 
4 0 (256 776 256 ) (256 480 256 ) (256 480 0 ) (256 776 0 ) 
4 0 (32 776 0 ) (256 776 0 ) (256 480 0 ) (32 480 0 ) 
4 0 (32 480 256 ) (256 480 256 ) (256 776 256 ) (32 776 256 ) 
4 1 (32 544 16 ) (32 480 16 ) (0 480 16 ) (0 544 16 ) 
4 1 (32 480 256 ) (32 776 256 ) (0 776 256 ) (0 480 256 ) 
4 1 (0 776 16 ) (0 776 256 ) (32 776 256 ) (32 776 16 ) 
4 2 (32 544 8 ) (32 544 16 ) (0 544 16 ) (0 544 8 ) 
4 2 (0 776 16 ) (32 776 16 ) (32 776 0 ) (0 776 0 ) 
4 2 (0 544 0 ) (0 776 0 ) (32 776 0 ) (32 544 0 ) 
4 3 (0 480 0 ) (0 544 0 ) (32 544 0 ) (32 480 0 ) 
4 3 (0 480 8 ) (32 480 8 ) (32 544 8 ) (0 544 8 ) 
4 4 (64 272 128 ) (64 272 256 ) (0 272 256 ) (0 272 128 ) 
4 4 (64 272 0 ) (256 272 0 ) (256 272 256 ) (64 272 256 ) 
4 4 (0 480 8 ) (0 480 16 ) (32 480 16 ) (32 480 8 ) 
4 4 (256 480 256 ) (256 272 256 ) (256 272 0 ) (256 480 0 ) 
4 4 (0 272 0 ) (0 480 0 ) (256 480 0 ) (256 272 0 ) 
4 4 (256 272 256 ) (256 480 256 ) (0 480 256 ) (0 272 256 ) 
4 5 (64 256 128 ) (64 256 0 ) (64 272 0 ) (64 272 128 ) 
4 5 (0 256 0 ) (0 272 0 ) (64 272 0 ) (64 256 0 ) 
4 5 (0 256 128 ) (64 256 128 ) (64 272 128 ) (0 272 128 ) 
4 6 (64 64 8 ) (64 0 8 ) (0 0 8 ) (0 64 8 ) 
4 6 (256 0 256 ) (256 0 8 ) (256 256 8 ) (256 256 256 ) 
4 6 (0 256 128 ) (0 256 256 ) (64 256 256 ) (64 256 128 ) 
4 6 (64 256 8 ) (64 256 256 ) (256 256 256 ) (256 256 8 ) 
4 6 (256 256 256 ) (0 256 256 ) (0 0 256 ) (256 0 256 ) 
4 7 (64 0 8 ) (64 64 8 ) (64 64 0 ) (64 0 0 ) 
4 7 (256 0 0 ) (64 0 0 ) (64 256 0 ) (256 256 0 ) 
4 7 (64 256 8 ) (256 256 8 ) (256 256 0 ) (64 256 0 ) 
4 7 (256 0 8 ) (256 0 0 ) (256 256 0 ) (256 256 8 ) 
4 8 (0 64 0 ) (0 256 0 ) (64 256 0 ) (64 64 0 ) 
4 8 (0 64 0 ) (64 64 0 ) (64 64 8 ) (0 64 8 ) 
4 9 (0 -64 8 ) (0 0 8 ) (64 0 8 ) (64 -64 8 ) 
4 9 (256 0 256 ) (0 0 256 ) (0 -256 256 ) (256 -256 256 ) 
4 9 (256 -256 256 ) (256 -256 8 ) (256 0 8 ) (256 0 256 ) 
4 9 (0 -256 256 ) (0 -256 8 ) (256 -256 8 ) (256 -256 256 ) 
4 10 (64 0 0 ) (64 -64 0 ) (64 -64 8 ) (64 0 8 ) 
4 10 (64 -256 0 ) (256 -256 0 ) (256 -256 8 ) (64 -256 8 ) 
4 10 (256 -256 8 ) (256 -256 0 ) (256 0 0 ) (256 0 8 ) 
4 10 (64 0 0 ) (256 0 0 ) (256 -256 0 ) (64 -256 0 ) 
4 11 (0 -256 0 ) (0 -64 0 ) (64 -64 0 ) (64 -256 0 ) 
4 11 (0 -256 8 ) (0 -256 0 ) (64 -256 0 ) (64 -256 8 ) 
4 11 (0 -64 8 ) (64 -64 8 ) (64 -64 0 ) (0 -64 0 ) 
4 12 (0 272 128 ) (0 272 256 ) (-32 272 256 ) (-32 272 128 ) 
4 12 (-32 480 16 ) (-32 544 16 ) (0 544 16 ) (0 480 16 ) 
4 12 (-32 272 256 ) (0 272 256 ) (0 776 256 ) (-32 776 256 ) 
4 12 (-32 776 16 ) (-32 776 256 ) (0 776 256 ) (0 776 16 ) 
4 13 (-32 776 8 ) (-32 776 16 ) (0 776 16 ) (0 776 8 ) 
4 13 (-32 544 8 ) (0 544 8 ) (0 544 16 ) (-32 544 16 ) 
4 14 (0 544 8 ) (-32 544 8 ) (-32 480 8 ) (0 480 8 ) 
4 14 (-32 776 0 ) (0 776 0 ) (0 480 0 ) (-32 480 0 ) 
4 14 (-32 776 8 ) (0 776 8 ) (0 776 0 ) (-32 776 0 ) 
4 15 (0 480 8 ) (-32 480 8 ) (-32 480 16 ) (0 480 16 ) 
4 15 (0 480 0 ) (0 272 0 ) (-32 272 0 ) (-32 480 0 ) 
4 16 (-32 272 128 ) (-32 272 256 ) (-64 272 256 ) (-64 272 128 ) 
4 16 (-256 272 0 ) (-64 272 0 ) (-64 272 256 ) (-256 272 256 ) 
4 16 (-256 272 256 ) (-32 272 256 ) (-32 776 256 ) (-256 776 256 ) 
4 16 (-256 776 0 ) (-32 776 0 ) (-32 272 0 ) (-256 272 0 ) 
4 16 (-256 776 256 ) (-32 776 256 ) (-32 776 0 ) (-256 776 0 ) 
4 16 (-32 544 16 ) (-32 480 16 ) (-32 480 8 ) (-32 544 8 ) 
4 16 (-256 776 256 ) (-256 776 0 ) (-256 272 0 ) (-256 272 256 ) 
4 17 (-64 272 128 ) (-64 272 0 ) (-64 256 0 ) (-64 256 128 ) 
4 17 (-64 272 0 ) (0 272 0 ) (0 256 0 ) (-64 256 0 ) 
4 17 (0 272 128 ) (-64 272 128 ) (-64 256 128 ) (0 256 128 ) 
4 18 (0 0 8 ) (-64 0 8 ) (-64 64 8 ) (0 64 8 ) 
4 18 (-256 256 256 ) (-256 256 8 ) (-256 0 8 ) (-256 0 256 ) 
4 18 (-64 256 128 ) (-64 256 256 ) (0 256 256 ) (0 256 128 ) 
4 18 (-256 256 8 ) (-256 256 256 ) (-64 256 256 ) (-64 256 8 ) 
4 18 (0 256 256 ) (-256 256 256 ) (-256 0 256 ) (0 0 256 ) 
4 19 (-64 64 0 ) (-64 256 0 ) (0 256 0 ) (0 64 0 ) 
4 19 (-64 64 8 ) (-64 64 0 ) (0 64 0 ) (0 64 8 ) 
4 20 (-64 0 0 ) (-64 64 0 ) (-64 64 8 ) (-64 0 8 ) 
4 20 (-64 0 0 ) (-256 0 0 ) (-256 256 0 ) (-64 256 0 ) 
4 20 (-256 256 8 ) (-64 256 8 ) (-64 256 0 ) (-256 256 0 ) 
4 20 (-256 256 8 ) (-256 256 0 ) (-256 0 0 ) (-256 0 8 ) 
4 21 (-64 -64 8 ) (-64 0 8 ) (0 0 8 ) (0 -64 8 ) 
4 21 (0 0 256 ) (-256 0 256 ) (-256 -256 256 ) (0 -256 256 ) 
4 21 (-256 0 256 ) (-256 0 8 ) (-256 -256 8 ) (-256 -256 256 ) 
4 21 (-256 -256 256 ) (-256 -256 8 ) (0 -256 8 ) (0 -256 256 ) 
4 22 (0 -64 0 ) (0 -256 0 ) (-64 -256 0 ) (-64 -64 0 ) 
4 22 (-64 -256 0 ) (0 -256 0 ) (0 -256 8 ) (-64 -256 8 ) 
4 22 (0 -64 8 ) (0 -64 0 ) (-64 -64 0 ) (-64 -64 8 ) 
4 23 (-64 0 8 ) (-64 -64 8 ) (-64 -64 0 ) (-64 0 0 ) 
4 23 (-256 -256 8 ) (-256 -256 0 ) (-64 -256 0 ) (-64 -256 8 ) 
4 23 (-256 0 8 ) (-256 0 0 ) (-256 -256 0 ) (-256 -256 8 ) 
4 23 (-256 -256 0 ) (-256 0 0 ) (-64 0 0 ) (-64 -256 0 ) 
