PRT1
20
33
80
4 0 12 0 (0 256 352 ) (0 352 352 ) (0 352 320 ) (0 256 320 ) 
4 0 3 0 (0 352 320 ) (512 352 320 ) (512 256 320 ) (0 256 320 ) 
4 1 13 0 (0 96 352 ) (0 224 352 ) (0 224 320 ) (0 96 320 ) 
4 1 3 0 (512 224 320 ) (512 96 320 ) (0 96 320 ) (0 224 320 ) 
4 2 14 0 (0 0 320 ) (0 0 352 ) (0 64 352 ) (0 64 320 ) 
4 2 6 0 (0 0 352 ) (0 0 320 ) (512 0 320 ) (512 0 352 ) 
4 2 3 0 (512 64 320 ) (512 0 320 ) (0 0 320 ) (0 64 320 ) 
4 3 15 0 (0 0 48 ) (0 0 320 ) (0 352 320 ) (0 352 48 ) 
4 3 9 0 (0 0 320 ) (0 0 48 ) (512 0 48 ) (512 0 320 ) 
4 3 5 0 (0 352 48 ) (176 352 48 ) (176 16 48 ) (0 16 48 ) 
4 3 4 0 (176 352 48 ) (512 352 48 ) (512 0 48 ) (176 0 48 ) 
4 4 10 0 (176 0 32 ) (512 0 32 ) (512 0 48 ) (176 0 48 ) 
4 4 5 0 (176 352 32 ) (176 16 32 ) (176 16 48 ) (176 352 48 ) 
4 5 15 0 (0 16 48 ) (0 352 48 ) (0 352 32 ) (0 16 32 ) 
4 6 16 0 (0 -64 352 ) (0 0 352 ) (0 0 320 ) (0 -64 320 ) 
4 6 9 0 (0 0 320 ) (512 0 320 ) (512 -64 320 ) (0 -64 320 ) 
4 7 17 0 (0 -256 352 ) (0 -96 352 ) (0 -96 320 ) (0 -256 320 ) 
4 7 9 0 (512 -96 320 ) (512 -256 320 ) (0 -256 320 ) (0 -96 320 ) 
4 8 18 0 (0 -384 320 ) (0 -384 352 ) (0 -288 352 ) (0 -288 320 ) 
4 8 9 0 (512 -288 320 ) (512 -384 320 ) (0 -384 320 ) (0 -288 320 ) 
4 9 19 0 (0 -384 48 ) (0 -384 320 ) (0 0 320 ) (0 0 48 ) 
4 9 11 0 (176 -96 48 ) (176 -384 48 ) (0 -384 48 ) (0 -96 48 ) 
4 9 10 0 (176 0 48 ) (512 0 48 ) (512 -384 48 ) (176 -384 48 ) 
4 10 11 0 (176 -96 32 ) (176 -384 32 ) (176 -384 48 ) (176 -96 48 ) 
4 11 19 0 (0 -384 32 ) (0 -384 48 ) (0 -96 48 ) (0 -96 32 ) 
4 12 15 0 (-288 256 320 ) (-288 352 320 ) (0 352 320 ) (0 256 320 ) 
4 13 15 0 (-288 96 320 ) (-288 224 320 ) (0 224 320 ) (0 96 320 ) 
4 14 16 0 (0 0 320 ) (0 0 352 ) (-288 0 352 ) (-288 0 320 ) 
4 14 15 0 (0 0 320 ) (-288 0 320 ) (-288 64 320 ) (0 64 320 ) 
4 15 19 0 (0 0 32 ) (0 0 320 ) (-288 0 320 ) (-288 0 32 ) 
4 16 19 0 (-288 -64 320 ) (-288 0 320 ) (0 0 320 ) (0 -64 320 ) 
4 17 19 0 (-288 -256 320 ) (-288 -96 320 ) (0 -96 320 ) (0 -256 320 ) 
4 18 19 0 (0 -384 320 ) (-288 -384 320 ) (-288 -288 320 ) (0 -288 320 ) 
4 0 (0 256 352 ) (512 256 352 ) (512 352 352 ) (0 352 352 ) 
4 0 (512 256 352 ) (512 256 320 ) (512 352 320 ) (512 352 352 ) 
4 0 (512 352 352 ) (512 352 320 ) (0 352 320 ) (0 352 352 ) 
4 0 (0 256 320 ) (512 256 320 ) (512 256 352 ) (0 256 352 ) 
4 1 (0 96 320 ) (512 96 320 ) (512 96 352 ) (0 96 352 ) 
4 1 (0 224 352 ) (512 224 352 ) (512 224 320 ) (0 224 320 ) 
4 1 (512 224 352 ) (512 96 352 ) (512 96 320 ) (512 224 320 ) 
4 1 (0 224 352 ) (0 96 352 ) (512 96 352 ) (512 224 352 ) 
4 2 (512 64 352 ) (512 0 352 ) (512 0 320 ) (512 64 320 ) 
4 2 (0 64 352 ) (0 0 352 ) (512 0 352 ) (512 64 352 ) 
4 2 (0 64 352 ) (512 64 352 ) (512 64 320 ) (0 64 320 ) 
4 3 (176 16 48 ) (176 0 48 ) (0 0 48 ) (0 16 48 ) 
4 3 (0 96 320 ) (0 64 320 ) (512 64 320 ) (512 96 320 ) 
4 3 (0 256 320 ) (0 224 320 ) (512 224 320 ) (512 256 320 ) 
4 3 (512 0 320 ) (512 0 48 ) (512 352 48 ) (512 352 320 ) 
4 3 (512 352 320 ) (512 352 48 ) (0 352 48 ) (0 352 320 ) 
4 4 (176 16 32 ) (176 0 32 ) (176 0 48 ) (176 16 48 ) 
4 4 (176 352 48 ) (512 352 48 ) (512 352 32 ) (176 352 32 ) 
4 4 (512 0 48 ) (512 0 32 ) (512 352 32 ) (512 352 48 ) 
4 4 (176 352 32 ) (512 352 32 ) (512 0 32 ) (176 0 32 ) 
4 5 (0 352 32 ) (176 352 32 ) (176 16 32 ) (0 16 32 ) 
4 5 (176 352 48 ) (176 352 32 ) (0 352 32 ) (0 352 48 ) 
4 5 (0 16 32 ) (176 16 32 ) (176 16 48 ) (0 16 48 ) 
4 6 (0 -64 352 ) (512 -64 352 ) (512 0 352 ) (0 0 352 ) 
4 6 (512 -64 352 ) (512 -64 320 ) (512 0 320 ) (512 0 352 ) 
4 6 (0 -64 320 ) (512 -64 320 ) (512 -64 352 ) (0 -64 352 ) 
4 7 (0 -256 320 ) (512 -256 320 ) (512 -256 352 ) (0 -256 352 ) 
4 7 (0 -96 352 ) (512 -96 352 ) (512 -96 320 ) (0 -96 320 ) 
4 7 (512 -96 352 ) (512 -256 352 ) (512 -256 320 ) (512 -96 320 ) 
4 7 (0 -96 352 ) (0 -256 352 ) (512 -256 352 ) (512 -96 352 ) 
4 8 (0 -384 352 ) (0 -384 320 ) (512 -384 320 ) (512 -384 352 ) 
4 8 (512 -288 352 ) (512 -384 352 ) (512 -384 320 ) (512 -288 320 ) 
4 8 (0 -288 352 ) (0 -384 352 ) (512 -384 352 ) (512 -288 352 ) 
4 8 (0 -288 352 ) (512 -288 352 ) (512 -288 320 ) (0 -288 320 ) 
4 9 (0 0 48 ) (176 0 48 ) (176 -96 48 ) (0 -96 48 ) 
4 9 (0 -256 320 ) (0 -288 320 ) (512 -288 320 ) (512 -256 320 ) 
4 9 (0 -64 320 ) (0 -96 320 ) (512 -96 320 ) (512 -64 320 ) 
4 9 (512 -384 320 ) (512 -384 48 ) (512 0 48 ) (512 0 320 ) 
4 9 (0 -384 320 ) (0 -384 48 ) (512 -384 48 ) (512 -384 320 ) 
4 10 (176 0 32 ) (176 -96 32 ) (176 -96 48 ) (176 0 48 ) 
4 10 (176 -384 32 ) (512 -384 32 ) (512 -384 48 ) (176 -384 48 ) 
4 10 (512 -384 48 ) (512 -384 32 ) (512 0 32 ) (512 0 48 ) 
4 10 (176 0 32 ) (512 0 32 ) (512 -384 32 ) (176 -384 32 ) 
4 11 (176 -96 32 ) (176 -384 32 ) (0 -384 32 ) (0 -96 32 ) 
4 11 (0 -384 48 ) (0 -384 32 ) (176 -384 32 ) (176 -384 48 ) 
4 11 (0 -96 48 ) (176 -96 48 ) (176 -96 32 ) (0 -96 32 ) 
4 12 (0 256 352 ) (0 352 352 ) (-288 352 352 ) (-288 256 352 ) 
4 12 (0 352 352 ) (0 352 320 ) (-288 352 320 ) (-288 352 352 ) 
4 12 (-288 256 352 ) (-288 352 352 ) (-288 352 320 ) (-288 256 320 ) 
4 12 (-288 256 320 ) (0 256 320 ) (0 256 352 ) (-288 256 352 ) 
4 13 (-288 96 320 ) (0 96 320 ) (0 96 352 ) (-288 96 352 ) 
4 13 (-288 224 352 ) (0 224 352 ) (0 224 320 ) (-288 224 320 ) 
4 13 (-288 96 352 ) (-288 224 352 ) (-288 224 320 ) (-288 96 320 ) 
4 13 (0 96 352 ) (0 224 352 ) (-288 224 352 ) (-288 96 352 ) 
4 14 (-288 0 320 ) (-288 0 352 ) (-288 64 352 ) (-288 64 320 ) 
4 14 (0 64 352 ) (-288 64 352 ) (-288 0 352 ) (0 0 352 ) 
4 14 (-288 64 352 ) (0 64 352 ) (0 64 320 ) (-288 64 320 ) 
4 15 (-288 0 32 ) (-288 0 320 ) (-288 352 320 ) (-288 352 32 ) 
4 15 (0 16 32 ) (0 16 48 ) (0 0 48 ) (0 0 32 ) 
4 15 (0 352 320 ) (0 352 32 ) (-288 352 32 ) (-288 352 320 ) 
4 15 (0 224 320 ) (0 256 320 ) (-288 256 320 ) (-288 224 320 ) 
4 15 (0 64 320 ) (0 96 320 ) (-288 96 320 ) (-288 64 320 ) 
4 15 (0 0 32 ) (-288 0 32 ) (-288 352 32 ) (0 352 32 ) 
4 16 (0 -64 352 ) (0 0 352 ) (-288 0 352 ) (-288 -64 352 ) 
4 16 (-288 0 352 ) (-288 0 320 ) (-288 -64 320 ) (-288 -64 352 ) 
4 16 (-288 -64 320 ) (0 -64 320 ) (0 -64 352 ) (-288 -64 352 ) 
4 17 (-288 -256 320 ) (0 -256 320 ) (0 -256 352 ) (-288 -256 352 ) 
4 17 (-288 -96 352 ) (0 -96 352 ) (0 -96 320 ) (-288 -96 320 ) 
4 17 (-288 -96 320 ) (-288 -256 320 ) (-288 -256 352 ) (-288 -96 352 ) 
4 17 (0 -256 352 ) (0 -96 352 ) (-288 -96 352 ) (-288 -256 352 ) 
4 18 (-288 -288 320 ) (-288 -384 320 ) (-288 -384 352 ) (-288 -288 352 ) 
4 18 (-288 -384 352 ) (-288 -384 320 ) (0 -384 320 ) (0 -384 352 ) 
4 18 (0 -288 352 ) (-288 -288 352 ) (-288 -384 352 ) (0 -384 352 ) 
4 18 (-288 -288 352 ) (0 -288 352 ) (0 -288 320 ) (-288 -288 320 ) 
4 19 (-288 0 320 ) (-288 0 32 ) (-288 -384 32 ) (-288 -384 320 ) 
4 19 (0 -96 32 ) (0 0 32 ) (0 0 48 ) (0 -96 48 ) 
4 19 (-288 -384 320 ) (-288 -384 32 ) (0 -384 32 ) (0 -384 320 ) 
4 19 (0 -96 320 ) (0 -64 320 ) (-288 -64 320 ) (-288 -96 320 ) 
4 19 (0 -288 320 ) (0 -256 320 ) (-288 -256 320 ) (-288 -288 320 ) 
4 19 (0 -384 32 ) (-288 -384 32 ) (-288 0 32 ) (0 0 32 ) 
