PRT1
18
35
56
4 0 2 0 (0 512 0 ) (0 0 0 ) (0 0 1568 ) (0 512 1568 ) 
4 0 1 0 (0 0 1568 ) (0 0 0 ) (512 0 0 ) (512 0 1568 ) 
4 1 3 0 (0 -512 1568 ) (0 0 1568 ) (0 0 0 ) (0 -512 0 ) 
4 2 6 0 (-1024 0 0 ) (-1024 0 531.882385 ) (-1024 168 531.882385 ) (-1024 168 0 ) 
4 2 5 0 (-1024 0 531.882385 ) (-1024 0 1568 ) (-1024 168 1568 ) (-1024 168 531.882385 ) 
4 2 4 0 (-1024 168 1568 ) (-1024 512 1568 ) (-1024 512 0 ) (-1024 168 0 ) 
4 2 3 0 (-1024 0 1568 ) (-1024 0 0 ) (0 0 0 ) (0 0 1568 ) 
4 3 9 0 (-1024 0 531.882385 ) (-1024 0 0 ) (-1024 -152 0 ) (-1024 -152 531.882385 ) 
4 3 8 0 (-1024 0 1568 ) (-1024 0 531.882385 ) (-1024 -152 531.882385 ) (-1024 -152 1568 ) 
4 3 11 0 (-1024 -152 0 ) (-1024 -512 0 ) (-1024 -512 1568 ) (-1024 -152 1568 ) 
4 4 12 0 (-2048 168 1568 ) (-2048 512 1568 ) (-2048 512 0 ) (-2048 168 0 ) 
3 4 7 0 (-1074.285645 168 0 ) (-1064 168 0 ) (-1094.516479 168 15.735089 ) 
4 4 6 0 (-1064 168 0 ) (-1024 168 0 ) (-1024 168 531.882385 ) (-1576 168 264 ) 
4 4 5 0 (-1024 168 531.882385 ) (-1024 168 1568 ) (-2048 168 1568 ) (-2048 168 34.941174 ) 
4 5 13 0 (-2048 0 34.941174 ) (-2048 0 1568 ) (-2048 168 1568 ) (-2048 168 34.941174 ) 
4 5 8 0 (-2048 0 1568 ) (-2048 0 34.941174 ) (-1024 0 531.882385 ) (-1024 0 1568 ) 
4 5 6 0 (-1576 168 264 ) (-1024 168 531.882751 ) (-1024 0 531.882751 ) (-1576 0 264 ) 
4 6 9 0 (-1064 0 0 ) (-1024 0 0 ) (-1024 0 531.882385 ) (-1576 0 264 ) 
4 6 7 0 (-1094.515991 168 15.734704 ) (-1064 168 0 ) (-1064 0 0 ) (-1094.515991 0 15.734711 ) 
3 7 10 0 (-1074.285645 0 0 ) (-1064 0 0 ) (-1094.516479 0 15.735089 ) 
4 8 14 0 (-2048 -152 1568 ) (-2048 0 1568 ) (-2048 0 34.941174 ) (-2048 -152 34.941174 ) 
4 8 9 0 (-1024 -152 531.882813 ) (-1576 -152 264 ) (-1576 0 264 ) (-1024 0 531.882813 ) 
4 8 11 0 (-1024 -152 531.882385 ) (-1024 -152 1568 ) (-2048 -152 1568 ) (-2048 -152 34.941174 ) 
4 9 10 0 (-1064 -152 0 ) (-1094.516235 -152 15.734886 ) (-1094.516235 0 15.734893 ) (-1064 0 0 ) 
4 9 11 0 (-1064 -152 0 ) (-1024 -152 0 ) (-1024 -152 531.882385 ) (-1576 -152 264 ) 
3 10 11 0 (-1074.285645 -152 0 ) (-1064 -152 0 ) (-1094.516479 -152 15.735089 ) 
4 11 15 0 (-2048 -512 0 ) (-2048 -512 1568 ) (-2048 -152 1568 ) (-2048 -152 0 ) 
4 12 16 0 (-3072 168 1568 ) (-3072 512 1568 ) (-3072 512 0 ) (-3072 168 0 ) 
5 12 13 0 (-3072 168 0 ) (-2120 168 0 ) (-2048 168 34.941174 ) (-2048 168 1568 ) (-3072 168 1568 ) 
4 13 16 0 (-3072 0 0 ) (-3072 0 1568 ) (-3072 168 1568 ) (-3072 168 0 ) 
5 13 14 0 (-3072 0 1568 ) (-3072 0 0 ) (-2120 0 0 ) (-2048 0 34.941174 ) (-2048 0 1568 ) 
4 14 17 0 (-3072 0 1568 ) (-3072 0 0 ) (-3072 -152 0 ) (-3072 -152 1568 ) 
5 14 15 0 (-3072 -152 0 ) (-2120 -152 0 ) (-2048 -152 34.941174 ) (-2048 -152 1568 ) (-3072 -152 1568 ) 
4 15 17 0 (-3072 -152 0 ) (-3072 -512 0 ) (-3072 -512 1568 ) (-3072 -152 1568 ) 
4 16 17 0 (-3072 0 0 ) (-3072 0 1568 ) (-3648 0 1568 ) (-3648 0 0 ) 
4 0 (512 512 1568 ) (0 512 1568 ) (0 0 1568 ) (512 0 1568 ) 
4 0 (512 0 0 ) (0 0 0 ) (0 512 0 ) (512 512 0 ) 
4 0 (512 512 1568 ) (512 512 0 ) (0 512 0 ) (0 512 1568 ) 
4 0 (512 0 0 ) (512 512 0 ) (512 512 1568 ) (512 0 1568 ) 
4 1 (512 -512 1568 ) (512 0 1568 ) (0 0 1568 ) (0 -512 1568 ) 
4 1 (0 -512 0 ) (0 0 0 ) (512 0 0 ) (512 -512 0 ) 
4 1 (512 -512 1568 ) (512 -512 0 ) (512 0 0 ) (512 0 1568 ) 
4 1 (0 -512 0 ) (512 -512 0 ) (512 -512 1568 ) (0 -512 1568 ) 
4 2 (0 512 1568 ) (0 512 0 ) (-1024 512 0 ) (-1024 512 1568 ) 
4 2 (0 0 0 ) (-1024 0 0 ) (-1024 512 0 ) (0 512 0 ) 
4 2 (0 512 1568 ) (-1024 512 1568 ) (-1024 0 1568 ) (0 0 1568 ) 
4 3 (-1024 -512 1568 ) (-1024 -512 0 ) (0 -512 0 ) (0 -512 1568 ) 
4 3 (-1024 -512 0 ) (-1024 0 0 ) (0 0 0 ) (0 -512 0 ) 
4 3 (0 0 1568 ) (-1024 0 1568 ) (-1024 -512 1568 ) (0 -512 1568 ) 
5 4 (-2048 168 0 ) (-1074.285645 168 0 ) (-1094.516479 168 15.735089 ) (-1576 168 264 ) (-2048 168 34.941174 ) 
4 4 (-1024 168 1568 ) (-1024 512 1568 ) (-2048 512 1568 ) (-2048 168 1568 ) 
4 4 (-1024 512 1568 ) (-1024 512 0 ) (-2048 512 0 ) (-2048 512 1568 ) 
4 4 (-2048 168 0 ) (-2048 512 0 ) (-1024 512 0 ) (-1024 168 0 ) 
4 5 (-2048 168 34.941536 ) (-1576 168 264 ) (-1576 0 264 ) (-2048 0 34.941525 ) 
4 5 (-1024 168 1568 ) (-2048 168 1568 ) (-2048 0 1568 ) (-1024 0 1568 ) 
4 6 (-1576 0 264 ) (-1576 168 264 ) (-1094.515991 168 15.734704 ) (-1094.515991 0 15.734711 ) 
4 6 (-1024 0 0 ) (-1064 0 0 ) (-1064 168 0 ) (-1024 168 0 ) 
4 7 (-1064 0 0 ) (-1074.285767 0 0 ) (-1074.285645 168 0 ) (-1064 168 0 ) 
4 7 (-1094.515625 0 15.734722 ) (-1094.515625 168 15.734719 ) (-1074.285278 168 0 ) (-1074.285278 0 0 ) 
4 8 (-1576 -152 264 ) (-2048 -152 34.941654 ) (-2048 0 34.941650 ) (-1576 0 264 ) 
4 8 (-1024 -152 1568 ) (-1024 0 1568 ) (-2048 0 1568 ) (-2048 -152 1568 ) 
4 9 (-1094.516235 -152 15.734886 ) (-1576 -152 264 ) (-1576 0 264 ) (-1094.516235 0 15.734893 ) 
4 9 (-1064 0 0 ) (-1024 0 0 ) (-1024 -152 0 ) (-1064 -152 0 ) 
4 10 (-1074.285645 0 0 ) (-1064 0 0 ) (-1064 -152 0 ) (-1074.285767 -152 0 ) 
4 10 (-1074.284912 -152 0 ) (-1094.515625 -152 15.734725 ) (-1094.515625 0 15.734722 ) (-1074.284912 0 0 ) 
5 11 (-2048 -152 34.941174 ) (-1576 -152 264 ) (-1094.516479 -152 15.735089 ) (-1074.285645 -152 0 ) (-2048 -152 0 ) 
4 11 (-1024 -152 1568 ) (-2048 -152 1568 ) (-2048 -512 1568 ) (-1024 -512 1568 ) 
4 11 (-2048 -512 1568 ) (-2048 -512 0 ) (-1024 -512 0 ) (-1024 -512 1568 ) 
4 11 (-1024 -512 0 ) (-2048 -512 0 ) (-2048 -152 0 ) (-1024 -152 0 ) 
3 12 (-2120 168 0 ) (-2048 168 0 ) (-2048 168 34.941174 ) 
4 12 (-2048 168 1568 ) (-2048 512 1568 ) (-3072 512 1568 ) (-3072 168 1568 ) 
4 12 (-3072 168 0 ) (-3072 512 0 ) (-2048 512 0 ) (-2048 168 0 ) 
4 12 (-2048 512 1568 ) (-2048 512 0 ) (-3072 512 0 ) (-3072 512 1568 ) 
4 13 (-2120 0 0 ) (-3072 0 0 ) (-3072 168 0 ) (-2120 168 0 ) 
4 13 (-2048 168 1568 ) (-3072 168 1568 ) (-3072 0 1568 ) (-2048 0 1568 ) 
4 13 (-2120 0 0 ) (-2120 168 0 ) (-2048 168 34.941536 ) (-2048 0 34.941547 ) 
4 14 (-3072 -152 0 ) (-3072 0 0 ) (-2120 0 0 ) (-2120 -152 0 ) 
4 14 (-2048 -152 1568 ) (-2048 0 1568 ) (-3072 0 1568 ) (-3072 -152 1568 ) 
4 14 (-2048 -152 34.941643 ) (-2120 -152 0 ) (-2120 0 0 ) (-2048 0 34.941650 ) 
3 15 (-2048 -152 34.941174 ) (-2048 -152 0 ) (-2120 -152 0 ) 
4 15 (-2048 -152 1568 ) (-3072 -152 1568 ) (-3072 -512 1568 ) (-2048 -512 1568 ) 
4 15 (-3072 -512 0 ) (-3072 -152 0 ) (-2048 -152 0 ) (-2048 -512 0 ) 
4 15 (-3072 -512 1568 ) (-3072 -512 0 ) (-2048 -512 0 ) (-2048 -512 1568 ) 
4 16 (-3072 512 1568 ) (-3072 512 0 ) (-3648 512 0 ) (-3648 512 1568 ) 
4 16 (-3648 0 0 ) (-3648 0 1568 ) (-3648 512 1568 ) (-3648 512 0 ) 
4 16 (-3072 0 0 ) (-3648 0 0 ) (-3648 512 0 ) (-3072 512 0 ) 
4 16 (-3072 512 1568 ) (-3648 512 1568 ) (-3648 0 1568 ) (-3072 0 1568 ) 
4 17 (-3648 -512 1568 ) (-3648 -512 0 ) (-3072 -512 0 ) (-3072 -512 1568 ) 
4 17 (-3648 0 1568 ) (-3648 0 0 ) (-3648 -512 0 ) (-3648 -512 1568 ) 
4 17 (-3648 -512 0 ) (-3648 0 0 ) (-3072 0 0 ) (-3072 -512 0 ) 
4 17 (-3072 0 1568 ) (-3648 0 1568 ) (-3648 -512 1568 ) (-3072 -512 1568 ) 
